INFO: Scrapy 2.4.1 started (bot: autoria)
INFO: Versions: lxml 4.6.2.0, libxml2 2.9.5, cssselect 1.1.0, parsel 1.6.0, w3lib 1.22.0, Twisted 20.3.0, Python 3.7.5 (tags/v3.7.5:5c02a39a0b, Oct 15 2019, 00:11:34) [MSC v.1916 64 bit (AMD64)], pyOpenSSL 20.0.1 (OpenSSL 1.1.1i  8 Dec 2020), cryptography 3.3.1, Platform Windows-10-10.0.19041-SP0
DEBUG: Using reactor: twisted.internet.selectreactor.SelectReactor
INFO: Overridden settings:
{'BOT_NAME': 'autoria',
 'NEWSPIDER_MODULE': 'autoria.spiders',
 'SPIDER_MODULES': ['autoria.spiders']}
INFO: Telnet Password: 9c6f3997b74050be
INFO: Enabled extensions:
['scrapy.extensions.corestats.CoreStats',
 'scrapy.extensions.telnet.TelnetConsole',
 'scrapy.extensions.logstats.LogStats']
INFO: Enabled downloader middlewares:
['scrapy.downloadermiddlewares.httpauth.HttpAuthMiddleware',
 'scrapy.downloadermiddlewares.downloadtimeout.DownloadTimeoutMiddleware',
 'scrapy.downloadermiddlewares.defaultheaders.DefaultHeadersMiddleware',
 'scrapy.downloadermiddlewares.useragent.UserAgentMiddleware',
 'scrapy.downloadermiddlewares.retry.RetryMiddleware',
 'scrapy.downloadermiddlewares.redirect.MetaRefreshMiddleware',
 'scrapy.downloadermiddlewares.httpcompression.HttpCompressionMiddleware',
 'scrapy.downloadermiddlewares.redirect.RedirectMiddleware',
 'scrapy.downloadermiddlewares.cookies.CookiesMiddleware',
 'scrapy.downloadermiddlewares.httpproxy.HttpProxyMiddleware',
 'scrapy.downloadermiddlewares.stats.DownloaderStats']
INFO: Enabled spider middlewares:
['scrapy.spidermiddlewares.httperror.HttpErrorMiddleware',
 'scrapy.spidermiddlewares.offsite.OffsiteMiddleware',
 'scrapy.spidermiddlewares.referer.RefererMiddleware',
 'scrapy.spidermiddlewares.urllength.UrlLengthMiddleware',
 'scrapy.spidermiddlewares.depth.DepthMiddleware']
INFO: Enabled item pipelines:
['autoria.pipelines.AutoriaPipeline']
INFO: Spider opened
INFO: Crawled 0 pages (at 0 pages/min), scraped 0 items (at 0 items/min)
INFO: Telnet console listening on 127.0.0.1:6023
DEBUG: Crawled (200) <GET https://auto.ria.com/uk/search/?indexName=auto&categories.main.id=6&brand.id[0]=203> (referer: None)
DEBUG: Crawled (200) <GET https://auto.ria.com/uk/auto_scania_r_400_28341214.html> (referer: https://auto.ria.com/uk/search/?indexName=auto&categories.main.id=6&brand.id[0]=203)
DEBUG: Crawled (200) <GET https://auto.ria.com/uk/auto_scania_r_420_28699039.html> (referer: https://auto.ria.com/uk/search/?indexName=auto&categories.main.id=6&brand.id[0]=203)
DEBUG: Scraped from <200 https://auto.ria.com/uk/auto_scania_r_400_28341214.html>
{'auto_id': '28341214', 'product_link': 'https://auto.ria.com/uk/auto_scania_r_400_28341214.html', 'product_name': 'Scania R 400 2010', 'brand': 'Scania', 'model': 'R 400', 'production_date': 2010, 'milenage': 550000, 'body_type': 'Тентований', 'color': '', 'gearbox_type': 'Автомат', 'price_currency': 'USD', 'price': '35999', 'description': 'Продам полностью обслуженный автомобиль с прицепом без пробега по Украине оригинальный пробег подтверждённый Scania сервис новые колёса бриджестон плюс акамуляторы не требует малейших вложений !!!', 'usd_exch_rate': '28.25', 'eur_exch_rate': '34.22'}
DEBUG: Crawled (200) <GET https://auto.ria.com/uk/auto_scania_r_420_28890545.html> (referer: https://auto.ria.com/uk/search/?indexName=auto&categories.main.id=6&brand.id[0]=203)
DEBUG: Scraped from <200 https://auto.ria.com/uk/auto_scania_r_420_28699039.html>
{'auto_id': '28699039', 'product_link': 'https://auto.ria.com/uk/auto_scania_r_420_28699039.html', 'product_name': 'Scania R 420 2007', 'brand': 'Scania', 'model': 'R 420', 'production_date': 2007, 'milenage': 1000000, 'body_type': 'Тягач', 'color': 'Чорний', 'gearbox_type': '', 'price_currency': 'USD', 'price': '11500', 'description': 'Авто в iдеальному состоянии нова резина новi аккумулятор новiколодки возможно комплектом KOGEL 2003рiк нова ризина комплект 16500$', 'usd_exch_rate': '28.25', 'eur_exch_rate': '34.22'}
DEBUG: Crawled (200) <GET https://auto.ria.com/uk/auto_scania_r_420_25560948.html> (referer: https://auto.ria.com/uk/search/?indexName=auto&categories.main.id=6&brand.id[0]=203)
DEBUG: Crawled (200) <GET https://auto.ria.com/uk/auto_scania_r_440_26669738.html> (referer: https://auto.ria.com/uk/search/?indexName=auto&categories.main.id=6&brand.id[0]=203)
DEBUG: Crawled (200) <GET https://auto.ria.com/uk/auto_scania_r_114_28908334.html> (referer: https://auto.ria.com/uk/search/?indexName=auto&categories.main.id=6&brand.id[0]=203)
DEBUG: Scraped from <200 https://auto.ria.com/uk/auto_scania_r_420_28890545.html>
{'auto_id': '28890545', 'product_link': 'https://auto.ria.com/uk/auto_scania_r_420_28890545.html', 'product_name': 'Scania R 420 2012', 'brand': 'Scania', 'model': 'R 420', 'production_date': 2012, 'milenage': 900000, 'body_type': 'Самоскид', 'color': '', 'gearbox_type': 'Ручна / Механіка', 'price_currency': 'USD', 'price': '50000', 'description': 'Продам сцепку комплектом,авто в идеальном состоянии без вложений.Застройка на авто 2020года.в работе практически небыла.В продаже 5 едениц.прицепы 2015 года. брались новыми.торг обсуждается,обмен.Тара сцепки 16800', 'usd_exch_rate': '28.25', 'eur_exch_rate': '34.22'}
DEBUG: Crawled (200) <GET https://auto.ria.com/uk/auto_scania_r_360_28908713.html> (referer: https://auto.ria.com/uk/search/?indexName=auto&categories.main.id=6&brand.id[0]=203)
DEBUG: Crawled (200) <GET https://auto.ria.com/uk/auto_scania_r_420_28906349.html> (referer: https://auto.ria.com/uk/search/?indexName=auto&categories.main.id=6&brand.id[0]=203)
DEBUG: Crawled (200) <GET https://auto.ria.com/uk/newauto/auto-maz-5550s5-1851299.html> (referer: https://auto.ria.com/uk/search/?indexName=auto&categories.main.id=6&brand.id[0]=203)
DEBUG: Crawled (200) <GET https://auto.ria.com/uk/search/?indexName=auto&categories.main.id=6&brand.id[0]=203&page=1> (referer: https://auto.ria.com/uk/search/?indexName=auto&categories.main.id=6&brand.id[0]=203)
DEBUG: Scraped from <200 https://auto.ria.com/uk/auto_scania_r_420_25560948.html>
{'auto_id': '25560948', 'product_link': 'https://auto.ria.com/uk/auto_scania_r_420_25560948.html', 'product_name': 'Scania R 420 2005', 'brand': 'Scania', 'model': 'R 420', 'production_date': 2005, 'milenage': 900000, 'body_type': 'Коромвоз', 'color': 'Жовтий', 'gearbox_type': 'Ручна / Механіка', 'price_currency': 'USD', 'price': '35000', 'description': 'Авто в хорошем состоянии,все исправно, компрессор пневмо выгрузка.Спальное место,автономка. Авто с момента пригона находится в одних руках.Авто продается в комплекте с прицепом.Возможна продажа по безналу.в', 'usd_exch_rate': '28.25', 'eur_exch_rate': '34.22'}
DEBUG: Crawled (200) <GET https://auto.ria.com/uk/auto_scania_g_28717852.html> (referer: https://auto.ria.com/uk/search/?indexName=auto&categories.main.id=6&brand.id[0]=203)
DEBUG: Scraped from <200 https://auto.ria.com/uk/auto_scania_r_440_26669738.html>
{'auto_id': '26669738', 'product_link': 'https://auto.ria.com/uk/auto_scania_r_440_26669738.html', 'product_name': 'Scania R 440 440 2008', 'brand': 'Scania', 'model': 'R 440', 'production_date': 2008, 'milenage': 1150000, 'body_type': 'Тягач', 'color': 'Синій', 'gearbox_type': 'Автомат', 'price_currency': 'USD', 'price': '15800', 'description': 'Машина у відміному стані!! Нічого робить ненада !! Повністю обслужена і мастила також замінені!! Готова хоч в завтра їхать в на роботу новому хазяїну гроші зароблять!! Все працює відміно нема ні однієї ошибки. Нове стіпленіе і ходовка також нова ,, багато чого нововго. Вложено по чеках 120 тис .. грвн. ', 'usd_exch_rate': '28.25', 'eur_exch_rate': '34.22'}
DEBUG: Scraped from <200 https://auto.ria.com/uk/auto_scania_r_114_28908334.html>
{'auto_id': '28908334', 'product_link': 'https://auto.ria.com/uk/auto_scania_r_114_28908334.html', 'product_name': 'Scania R 114 L380 1999', 'brand': 'Scania', 'model': 'R 114', 'production_date': 1999, 'milenage': 1639000, 'body_type': 'Тягач', 'color': 'Сірий', 'gearbox_type': 'Ручна / Механіка', 'price_currency': 'USD', 'price': '7000', 'description': '', 'usd_exch_rate': '28.25', 'eur_exch_rate': '34.22'}
DEBUG: Scraped from <200 https://auto.ria.com/uk/auto_scania_r_360_28908713.html>
{'auto_id': '28908713', 'product_link': 'https://auto.ria.com/uk/auto_scania_r_360_28908713.html', 'product_name': 'Scania R 360 2013', 'brand': 'Scania', 'model': 'R 360', 'production_date': 2013, 'milenage': 963000, 'body_type': 'Тентований', 'color': 'Зелений', 'gearbox_type': 'Автомат', 'price_currency': 'USD', 'price': '39900', 'description': 'SCANIA R 360, 2013 р. Рейсовий стан. Повна маса 26100 kg. Повний пневмо хід. Третя вісь підйомна (лінивець). Два пілота, два бака. LED. Алюмінієва штора-рулет (при розрізаному тенті унеможливлює доступ до вантажу). Буда 7.72м * 2,5м * 2,95м ,V =57 м3 ,19 еп.  Підйомний дах на гідравліці. Резина по кругу 65 % остачі ,355/50 R22.5. Автономний обігрівач EBERSPACHER. Авто протягом 2 років проїхало 80 тис.км (Україна - Польща). Більше інформації за телефоном.', 'usd_exch_rate': '28.25', 'eur_exch_rate': '34.22'}
DEBUG: Scraped from <200 https://auto.ria.com/uk/auto_scania_r_420_28906349.html>
{'auto_id': '28906349', 'product_link': 'https://auto.ria.com/uk/auto_scania_r_420_28906349.html', 'product_name': 'Scania R 420 2010', 'brand': 'Scania', 'model': 'R 420', 'production_date': 2010, 'milenage': 100000, 'body_type': 'Тягач', 'color': '', 'gearbox_type': '', 'price_currency': 'USD', 'price': '15000', 'description': 'гідравліка,після то,ходова ідеал!все працєю! В НАЯВНОСТІ 3 ОДИНИЦІ,оплата з ПДВ', 'usd_exch_rate': '28.25', 'eur_exch_rate': '34.22'}
ERROR: Error processing {'auto_id': None, 'product_link': 'https://auto.ria.com/uk/newauto/auto-maz-5550s5-1851299.html', 'product_name': '', 'brand': '', 'model': '', 'production_date': '', 'milenage': '', 'body_type': '', 'color': '', 'gearbox_type': '', 'price_currency': '', 'price': '', 'description': ''}
Traceback (most recent call last):
  File "d:\!antoniuk\python\scrape\venv\lib\site-packages\sqlalchemy\engine\base.py", line 1277, in _execute_context
    cursor, statement, parameters, context
  File "d:\!antoniuk\python\scrape\venv\lib\site-packages\sqlalchemy\engine\default.py", line 609, in do_execute
    cursor.execute(statement, parameters)
psycopg2.errors.InvalidTextRepresentation: ПОМИЛКА:  неприпустимий синтаксис для типу integer: ""
LINE 1: ...ewauto/auto-maz-5550s5-1851299.html', '', '', '', '', '', ''...
                                                             ^


The above exception was the direct cause of the following exception:

Traceback (most recent call last):
  File "d:\!antoniuk\python\scrape\venv\lib\site-packages\twisted\internet\defer.py", line 654, in _runCallbacks
    current.result = callback(current.result, *args, **kw)
  File "d:\!antoniuk\python\scrape\venv\lib\site-packages\scrapy\utils\defer.py", line 150, in f
    return deferred_from_coro(coro_f(*coro_args, **coro_kwargs))
  File "D:\!Antoniuk\Python\Scrape\autoria\autoria\pipelines.py", line 36, in process_item
    session.commit()
  File "d:\!antoniuk\python\scrape\venv\lib\site-packages\sqlalchemy\orm\session.py", line 1046, in commit
    self.transaction.commit()
  File "d:\!antoniuk\python\scrape\venv\lib\site-packages\sqlalchemy\orm\session.py", line 504, in commit
    self._prepare_impl()
  File "d:\!antoniuk\python\scrape\venv\lib\site-packages\sqlalchemy\orm\session.py", line 483, in _prepare_impl
    self.session.flush()
  File "d:\!antoniuk\python\scrape\venv\lib\site-packages\sqlalchemy\orm\session.py", line 2540, in flush
    self._flush(objects)
  File "d:\!antoniuk\python\scrape\venv\lib\site-packages\sqlalchemy\orm\session.py", line 2682, in _flush
    transaction.rollback(_capture_exception=True)
  File "d:\!antoniuk\python\scrape\venv\lib\site-packages\sqlalchemy\util\langhelpers.py", line 70, in __exit__
    with_traceback=exc_tb,
  File "d:\!antoniuk\python\scrape\venv\lib\site-packages\sqlalchemy\util\compat.py", line 182, in raise_
    raise exception
  File "d:\!antoniuk\python\scrape\venv\lib\site-packages\sqlalchemy\orm\session.py", line 2642, in _flush
    flush_context.execute()
  File "d:\!antoniuk\python\scrape\venv\lib\site-packages\sqlalchemy\orm\unitofwork.py", line 422, in execute
    rec.execute(self)
  File "d:\!antoniuk\python\scrape\venv\lib\site-packages\sqlalchemy\orm\unitofwork.py", line 589, in execute
    uow,
  File "d:\!antoniuk\python\scrape\venv\lib\site-packages\sqlalchemy\orm\persistence.py", line 245, in save_obj
    insert,
  File "d:\!antoniuk\python\scrape\venv\lib\site-packages\sqlalchemy\orm\persistence.py", line 1136, in _emit_insert_statements
    statement, params
  File "d:\!antoniuk\python\scrape\venv\lib\site-packages\sqlalchemy\engine\base.py", line 1011, in execute
    return meth(self, multiparams, params)
  File "d:\!antoniuk\python\scrape\venv\lib\site-packages\sqlalchemy\sql\elements.py", line 298, in _execute_on_connection
    return connection._execute_clauseelement(self, multiparams, params)
  File "d:\!antoniuk\python\scrape\venv\lib\site-packages\sqlalchemy\engine\base.py", line 1130, in _execute_clauseelement
    distilled_params,
  File "d:\!antoniuk\python\scrape\venv\lib\site-packages\sqlalchemy\engine\base.py", line 1317, in _execute_context
    e, statement, parameters, cursor, context
  File "d:\!antoniuk\python\scrape\venv\lib\site-packages\sqlalchemy\engine\base.py", line 1511, in _handle_dbapi_exception
    sqlalchemy_exception, with_traceback=exc_info[2], from_=e
  File "d:\!antoniuk\python\scrape\venv\lib\site-packages\sqlalchemy\util\compat.py", line 182, in raise_
    raise exception
  File "d:\!antoniuk\python\scrape\venv\lib\site-packages\sqlalchemy\engine\base.py", line 1277, in _execute_context
    cursor, statement, parameters, context
  File "d:\!antoniuk\python\scrape\venv\lib\site-packages\sqlalchemy\engine\default.py", line 609, in do_execute
    cursor.execute(statement, parameters)
sqlalchemy.exc.DataError: (psycopg2.errors.InvalidTextRepresentation) ПОМИЛКА:  неприпустимий синтаксис для типу integer: ""
LINE 1: ...ewauto/auto-maz-5550s5-1851299.html', '', '', '', '', '', ''...
                                                             ^

[SQL: INSERT INTO truck_offers (auto_id, product_link, product_name, brand, model, production_date, milenage, body_type, color, gearbox_type, price_currency, price, price_eur, price_usd, usd_exch_rate, eur_exch_rate, description, record_date) VALUES (%(auto_id)s, %(product_link)s, %(product_name)s, %(brand)s, %(model)s, %(production_date)s, %(milenage)s, %(body_type)s, %(color)s, %(gearbox_type)s, %(price_currency)s, %(price)s, %(price_eur)s, %(price_usd)s, %(usd_exch_rate)s, %(eur_exch_rate)s, %(description)s, %(record_date)s) RETURNING truck_offers.id]
[parameters: {'auto_id': None, 'product_link': 'https://auto.ria.com/uk/newauto/auto-maz-5550s5-1851299.html', 'product_name': '', 'brand': '', 'model': '', 'production_date': '', 'milenage': '', 'body_type': '', 'color': '', 'gearbox_type': '', 'price_currency': '', 'price': '', 'price_eur': None, 'price_usd': None, 'usd_exch_rate': None, 'eur_exch_rate': None, 'description': '', 'record_date': datetime.datetime(2021, 1, 24, 21, 4, 57, 762577, tzinfo=<DstTzInfo 'Europe/Kiev' EET+2:00:00 STD>)}]
(Background on this error at: http://sqlalche.me/e/13/9h9h)
DEBUG: Filtered duplicate request: <GET https://auto.ria.com/uk/newauto/auto-fiat-ducato-gruz-1814471.html> - no more duplicates will be shown (see DUPEFILTER_DEBUG to show all duplicates)
DEBUG: Scraped from <200 https://auto.ria.com/uk/auto_scania_g_28717852.html>
{'auto_id': '28717852', 'product_link': 'https://auto.ria.com/uk/auto_scania_g_28717852.html', 'product_name': 'Scania G 420 AdBlue SERVICE  2011', 'brand': 'Scania', 'model': 'G', 'production_date': 2011, 'milenage': 798000, 'body_type': 'Тягач', 'color': 'Зелений', 'gearbox_type': 'Типтронік', 'price_currency': 'EUR', 'price': '18000', 'description': 'Свіжо пригнаний з Люксембургу  !! В Ідеальному стані, 798тис .км пробіг Оригінал !!! Обслуговувався на офіційному сервісі Люксембургу !!! Автомат !!  Заводська Гідравліка !!Підсилена ходова !!! Нові форсунки, колодки ,диски гальмівні  Все робилось на Сервісі Люксембургу !! Вкладень не потребує, все працює. Ходова не гримить, мотор та коробка працюють Ідеально .  Кабіна та рама в гарному стані. Рама без Підкрасів !! Салон не затертий та не побитий.  Авто варте уваги!  Розмитнено. По телефону не торгуємось, можливий невеликий торг біля авто. Гарантую чесний пробіг !!!! Стан фото все відповідає реальності !!! Авто Варте Уваги !!! Ідеальний стан !!!  Можливо Безнал з ПДВ !!!      Можливо Кредит !!!                                Можливо Лізінг !!!', 'usd_exch_rate': '28.25', 'eur_exch_rate': '34.22'}
DEBUG: Crawled (200) <GET https://auto.ria.com/uk/newauto/auto-fiat-ducato-gruz-1814471.html> (referer: https://auto.ria.com/uk/search/?indexName=auto&categories.main.id=6&brand.id[0]=203)
DEBUG: Crawled (200) <GET https://auto.ria.com/uk/auto_scania_113m_28913867.html> (referer: https://auto.ria.com/uk/search/?indexName=auto&categories.main.id=6&brand.id[0]=203)
DEBUG: Crawled (200) <GET https://auto.ria.com/uk/auto_scania_g_28900014.html> (referer: https://auto.ria.com/uk/search/?indexName=auto&categories.main.id=6&brand.id[0]=203&page=1)
DEBUG: Crawled (200) <GET https://auto.ria.com/uk/auto_scania_r_114_27228795.html> (referer: https://auto.ria.com/uk/search/?indexName=auto&categories.main.id=6&brand.id[0]=203&page=1)
ERROR: Error processing {'auto_id': None, 'product_link': 'https://auto.ria.com/uk/newauto/auto-fiat-ducato-gruz-1814471.html', 'product_name': '', 'brand': '', 'model': '', 'production_date': '', 'milenage': '', 'body_type': '', 'color': '', 'gearbox_type': '', 'price_currency': '', 'price': '', 'description': ''}
Traceback (most recent call last):
  File "d:\!antoniuk\python\scrape\venv\lib\site-packages\sqlalchemy\engine\base.py", line 1277, in _execute_context
    cursor, statement, parameters, context
  File "d:\!antoniuk\python\scrape\venv\lib\site-packages\sqlalchemy\engine\default.py", line 609, in do_execute
    cursor.execute(statement, parameters)
psycopg2.errors.InvalidTextRepresentation: ПОМИЛКА:  неприпустимий синтаксис для типу integer: ""
LINE 1: .../auto-fiat-ducato-gruz-1814471.html', '', '', '', '', '', ''...
                                                             ^


The above exception was the direct cause of the following exception:

Traceback (most recent call last):
  File "d:\!antoniuk\python\scrape\venv\lib\site-packages\twisted\internet\defer.py", line 654, in _runCallbacks
    current.result = callback(current.result, *args, **kw)
  File "d:\!antoniuk\python\scrape\venv\lib\site-packages\scrapy\utils\defer.py", line 150, in f
    return deferred_from_coro(coro_f(*coro_args, **coro_kwargs))
  File "D:\!Antoniuk\Python\Scrape\autoria\autoria\pipelines.py", line 36, in process_item
    session.commit()
  File "d:\!antoniuk\python\scrape\venv\lib\site-packages\sqlalchemy\orm\session.py", line 1046, in commit
    self.transaction.commit()
  File "d:\!antoniuk\python\scrape\venv\lib\site-packages\sqlalchemy\orm\session.py", line 504, in commit
    self._prepare_impl()
  File "d:\!antoniuk\python\scrape\venv\lib\site-packages\sqlalchemy\orm\session.py", line 483, in _prepare_impl
    self.session.flush()
  File "d:\!antoniuk\python\scrape\venv\lib\site-packages\sqlalchemy\orm\session.py", line 2540, in flush
    self._flush(objects)
  File "d:\!antoniuk\python\scrape\venv\lib\site-packages\sqlalchemy\orm\session.py", line 2682, in _flush
    transaction.rollback(_capture_exception=True)
  File "d:\!antoniuk\python\scrape\venv\lib\site-packages\sqlalchemy\util\langhelpers.py", line 70, in __exit__
    with_traceback=exc_tb,
  File "d:\!antoniuk\python\scrape\venv\lib\site-packages\sqlalchemy\util\compat.py", line 182, in raise_
    raise exception
  File "d:\!antoniuk\python\scrape\venv\lib\site-packages\sqlalchemy\orm\session.py", line 2642, in _flush
    flush_context.execute()
  File "d:\!antoniuk\python\scrape\venv\lib\site-packages\sqlalchemy\orm\unitofwork.py", line 422, in execute
    rec.execute(self)
  File "d:\!antoniuk\python\scrape\venv\lib\site-packages\sqlalchemy\orm\unitofwork.py", line 589, in execute
    uow,
  File "d:\!antoniuk\python\scrape\venv\lib\site-packages\sqlalchemy\orm\persistence.py", line 245, in save_obj
    insert,
  File "d:\!antoniuk\python\scrape\venv\lib\site-packages\sqlalchemy\orm\persistence.py", line 1136, in _emit_insert_statements
    statement, params
  File "d:\!antoniuk\python\scrape\venv\lib\site-packages\sqlalchemy\engine\base.py", line 1011, in execute
    return meth(self, multiparams, params)
  File "d:\!antoniuk\python\scrape\venv\lib\site-packages\sqlalchemy\sql\elements.py", line 298, in _execute_on_connection
    return connection._execute_clauseelement(self, multiparams, params)
  File "d:\!antoniuk\python\scrape\venv\lib\site-packages\sqlalchemy\engine\base.py", line 1130, in _execute_clauseelement
    distilled_params,
  File "d:\!antoniuk\python\scrape\venv\lib\site-packages\sqlalchemy\engine\base.py", line 1317, in _execute_context
    e, statement, parameters, cursor, context
  File "d:\!antoniuk\python\scrape\venv\lib\site-packages\sqlalchemy\engine\base.py", line 1511, in _handle_dbapi_exception
    sqlalchemy_exception, with_traceback=exc_info[2], from_=e
  File "d:\!antoniuk\python\scrape\venv\lib\site-packages\sqlalchemy\util\compat.py", line 182, in raise_
    raise exception
  File "d:\!antoniuk\python\scrape\venv\lib\site-packages\sqlalchemy\engine\base.py", line 1277, in _execute_context
    cursor, statement, parameters, context
  File "d:\!antoniuk\python\scrape\venv\lib\site-packages\sqlalchemy\engine\default.py", line 609, in do_execute
    cursor.execute(statement, parameters)
sqlalchemy.exc.DataError: (psycopg2.errors.InvalidTextRepresentation) ПОМИЛКА:  неприпустимий синтаксис для типу integer: ""
LINE 1: .../auto-fiat-ducato-gruz-1814471.html', '', '', '', '', '', ''...
                                                             ^

[SQL: INSERT INTO truck_offers (auto_id, product_link, product_name, brand, model, production_date, milenage, body_type, color, gearbox_type, price_currency, price, price_eur, price_usd, usd_exch_rate, eur_exch_rate, description, record_date) VALUES (%(auto_id)s, %(product_link)s, %(product_name)s, %(brand)s, %(model)s, %(production_date)s, %(milenage)s, %(body_type)s, %(color)s, %(gearbox_type)s, %(price_currency)s, %(price)s, %(price_eur)s, %(price_usd)s, %(usd_exch_rate)s, %(eur_exch_rate)s, %(description)s, %(record_date)s) RETURNING truck_offers.id]
[parameters: {'auto_id': None, 'product_link': 'https://auto.ria.com/uk/newauto/auto-fiat-ducato-gruz-1814471.html', 'product_name': '', 'brand': '', 'model': '', 'production_date': '', 'milenage': '', 'body_type': '', 'color': '', 'gearbox_type': '', 'price_currency': '', 'price': '', 'price_eur': None, 'price_usd': None, 'usd_exch_rate': None, 'eur_exch_rate': None, 'description': '', 'record_date': datetime.datetime(2021, 1, 24, 21, 4, 57, 762577, tzinfo=<DstTzInfo 'Europe/Kiev' EET+2:00:00 STD>)}]
(Background on this error at: http://sqlalche.me/e/13/9h9h)
DEBUG: Crawled (200) <GET https://auto.ria.com/uk/auto_scania_r_420_28592072.html> (referer: https://auto.ria.com/uk/search/?indexName=auto&categories.main.id=6&brand.id[0]=203&page=1)
DEBUG: Scraped from <200 https://auto.ria.com/uk/auto_scania_113m_28913867.html>
{'auto_id': '28913867', 'product_link': 'https://auto.ria.com/uk/auto_scania_113m_28913867.html', 'product_name': 'Scania 113M 1996', 'brand': 'Scania', 'model': '113M', 'production_date': 1996, 'milenage': 100000, 'body_type': 'Зерновоз', 'color': '', 'gearbox_type': '', 'price_currency': 'USD', 'price': '12500', 'description': 'Машина  в очень хорошем состоянии . Все вопросы по телефону  возможна обмен на полуприцеп самосвал ', 'usd_exch_rate': '28.25', 'eur_exch_rate': '34.22'}
DEBUG: Scraped from <200 https://auto.ria.com/uk/auto_scania_g_28900014.html>
{'auto_id': '28900014', 'product_link': 'https://auto.ria.com/uk/auto_scania_g_28900014.html', 'product_name': 'Scania G  420 2012', 'brand': 'Scania', 'model': 'G', 'production_date': 2012, 'milenage': 192000, 'body_type': 'Тягач', 'color': 'Червоний', 'gearbox_type': 'Автомат', 'price_currency': 'EUR', 'price': '16500', 'description': 'Пригнан, растаможен, в Украине не эксплуатировался, два бака, хорошее состояние', 'usd_exch_rate': '28.25', 'eur_exch_rate': '34.22'}
DEBUG: Crawled (200) <GET https://auto.ria.com/uk/auto_scania_r_450_28672375.html> (referer: https://auto.ria.com/uk/search/?indexName=auto&categories.main.id=6&brand.id[0]=203&page=1)
DEBUG: Scraped from <200 https://auto.ria.com/uk/auto_scania_r_114_27228795.html>
{'auto_id': '27228795', 'product_link': 'https://auto.ria.com/uk/auto_scania_r_114_27228795.html', 'product_name': 'Scania R 114 380 PDE 2002', 'brand': 'Scania', 'model': 'R 114', 'production_date': 2002, 'milenage': 150000, 'body_type': 'Тягач', 'color': '', 'gearbox_type': 'Ручна / Механіка', 'price_currency': 'USD', 'price': '7000', 'description': 'Состояние рейсовое. Вложений не требует. Економный и простой в обслуживание.Резина перед 80%. зад 60%.Недавно заменена турбина. диск сцепления и вижемной подшипник. Двигатель сухой.Можлива продажа з прицепом.На обмен 8000. Интересует обмен на тягач Е5. ', 'usd_exch_rate': '28.25', 'eur_exch_rate': '34.22'}
DEBUG: Scraped from <200 https://auto.ria.com/uk/auto_scania_r_420_28592072.html>
{'auto_id': '28592072', 'product_link': 'https://auto.ria.com/uk/auto_scania_r_420_28592072.html', 'product_name': 'Scania R 420 2006', 'brand': 'Scania', 'model': 'R 420', 'production_date': 2006, 'milenage': 15000, 'body_type': 'Тягач', 'color': '', 'gearbox_type': 'Ручна / Механіка', 'price_currency': 'USD', 'price': '11800', 'description': 'Стан ідеальний. Евро-3. Два баки. резина залишок80%. ', 'usd_exch_rate': '28.25', 'eur_exch_rate': '34.22'}
DEBUG: Crawled (200) <GET https://auto.ria.com/uk/auto_scania_g_28832023.html> (referer: https://auto.ria.com/uk/search/?indexName=auto&categories.main.id=6&brand.id[0]=203&page=1)
DEBUG: Crawled (200) <GET https://auto.ria.com/uk/search/?indexName=auto&categories.main.id=6&brand.id[0]=203&page=2> (referer: https://auto.ria.com/uk/search/?indexName=auto&categories.main.id=6&brand.id[0]=203&page=1)
DEBUG: Scraped from <200 https://auto.ria.com/uk/auto_scania_r_450_28672375.html>
{'auto_id': '28672375', 'product_link': 'https://auto.ria.com/uk/auto_scania_r_450_28672375.html', 'product_name': 'Scania R 450 EURO6 2015', 'brand': 'Scania', 'model': 'R 450', 'production_date': 2015, 'milenage': 700000, 'body_type': 'Тягач', 'color': '', 'gearbox_type': 'Автомат', 'price_currency': 'EUR', 'price': '33500', 'description': 'Только пригнан растаможен без AGR', 'usd_exch_rate': '28.25', 'eur_exch_rate': '34.22'}
DEBUG: Scraped from <200 https://auto.ria.com/uk/auto_scania_g_28832023.html>
{'auto_id': '28832023', 'product_link': 'https://auto.ria.com/uk/auto_scania_g_28832023.html', 'product_name': 'Scania G STREAMLINE 2017', 'brand': 'Scania', 'model': 'G', 'production_date': 2017, 'milenage': 770000, 'body_type': 'Тягач', 'color': 'Білий', 'gearbox_type': 'Автомат', 'price_currency': 'EUR', 'price': '40000', 'description': 'Автомобіль абсолютно справний, є вся сервісна історія, весь період експлуатації обслуговувався тільки на офіційному СТО, виконувалися всі регламентовані роботи.  У зв’язку з плановим оновленням парку, транспортне підприємство продає тягач SCANIA G 400 LA4X2HNA. Авто куплене в Україні і експлуатувалося однією компанією. Є підготовна для встановлення валу відбору потужності, бак об’ємом 600 л., є калібрувальна таблиця до баку, встановлені хороші колеса Авто надійне та економне,за час експлуатації показало орієнтовний розхід 28-30 л./100 км. при завантаженні 20 т. Паливна система PDE відрізняється своєю надійністю.  Тягач експлуатувався для перевезення вантажів (цистерна) до 22 т., без перевантажень в межах України.  Ціна без бочки. Можливий продаж з ПДВ.', 'usd_exch_rate': '28.25', 'eur_exch_rate': '34.22'}
DEBUG: Crawled (200) <GET https://auto.ria.com/uk/auto_scania_r_440_28036616.html> (referer: https://auto.ria.com/uk/search/?indexName=auto&categories.main.id=6&brand.id[0]=203&page=1)
DEBUG: Crawled (200) <GET https://auto.ria.com/uk/auto_scania_r_340_26627518.html> (referer: https://auto.ria.com/uk/search/?indexName=auto&categories.main.id=6&brand.id[0]=203&page=1)
DEBUG: Crawled (200) <GET https://auto.ria.com/uk/auto_scania_113m_28746805.html> (referer: https://auto.ria.com/uk/search/?indexName=auto&categories.main.id=6&brand.id[0]=203&page=1)
DEBUG: Scraped from <200 https://auto.ria.com/uk/auto_scania_r_440_28036616.html>
{'auto_id': '28036616', 'product_link': 'https://auto.ria.com/uk/auto_scania_r_440_28036616.html', 'product_name': 'Scania R 440 TOP LINE ECOLUTION  2013', 'brand': 'Scania', 'model': 'R 440', 'production_date': 2013, 'milenage': 745000, 'body_type': 'Тягач', 'color': 'Червоний', 'gearbox_type': 'Автомат', 'price_currency': 'EUR', 'price': '27500', 'description': 'Продам Scania R440 TOP LINE ECOLUTION -08.2013(euro 5),дві спалки, нова гума, нове сцеплення, два баки, гідравліка, холодильник, ретардер, рація , телефон, все присутне, деталі за тел...', 'usd_exch_rate': '28.25', 'eur_exch_rate': '34.22'}
DEBUG: Scraped from <200 https://auto.ria.com/uk/auto_scania_r_340_26627518.html>
{'auto_id': '26627518', 'product_link': 'https://auto.ria.com/uk/auto_scania_r_340_26627518.html', 'product_name': 'Scania R 340 2005', 'brand': 'Scania', 'model': 'R 340', 'production_date': 2005, 'milenage': 700000, 'body_type': 'Тягач', 'color': 'Синій', 'gearbox_type': 'Ручна / Механіка', 'price_currency': 'USD', 'price': '17500', 'description': 'Автомобіль Scania Euro 3. Невибагливе надійне авто.Продається з причепом Krone на BPW-осях. Осінню свіжовиварена пачка. Перегрузів не возив.', 'usd_exch_rate': '28.25', 'eur_exch_rate': '34.22'}
DEBUG: Crawled (200) <GET https://auto.ria.com/uk/search/?indexName=auto&categories.main.id=6&brand.id[0]=203&page=3> (referer: https://auto.ria.com/uk/search/?indexName=auto&categories.main.id=6&brand.id[0]=203&page=2)
DEBUG: Crawled (200) <GET https://auto.ria.com/uk/auto_scania_r_470_28789173.html> (referer: https://auto.ria.com/uk/search/?indexName=auto&categories.main.id=6&brand.id[0]=203&page=1)
DEBUG: Crawled (200) <GET https://auto.ria.com/uk/auto_scania_r_400_28040426.html> (referer: https://auto.ria.com/uk/search/?indexName=auto&categories.main.id=6&brand.id[0]=203&page=1)
DEBUG: Scraped from <200 https://auto.ria.com/uk/auto_scania_113m_28746805.html>
{'auto_id': '28746805', 'product_link': 'https://auto.ria.com/uk/auto_scania_113m_28746805.html', 'product_name': 'Scania 113M 1996', 'brand': 'Scania', 'model': '113M', 'production_date': 1996, 'milenage': 999000, 'body_type': 'Тентований', 'color': '', 'gearbox_type': 'Ручна / Механіка', 'price_currency': 'USD', 'price': '5800', 'description': 'Машина в рейсовому стані. Резина 60%. Акумуляторам 1рік. Все справне. Якщо є питання телефонуйте', 'usd_exch_rate': '28.25', 'eur_exch_rate': '34.22'}
DEBUG: Crawled (200) <GET https://auto.ria.com/uk/auto_scania_124_28858731.html> (referer: https://auto.ria.com/uk/search/?indexName=auto&categories.main.id=6&brand.id[0]=203&page=2)
DEBUG: Scraped from <200 https://auto.ria.com/uk/auto_scania_r_470_28789173.html>
{'auto_id': '28789173', 'product_link': 'https://auto.ria.com/uk/auto_scania_r_470_28789173.html', 'product_name': 'Scania R 470 Gidravlika 2001', 'brand': 'Scania', 'model': 'R 470', 'production_date': 2001, 'milenage': 90000, 'body_type': 'Тягач', 'color': 'Червоний', 'gearbox_type': 'Ручна / Механіка', 'price_currency': 'USD', 'price': '8500', 'description': 'Автомобіль повністю обслужений, кап ремонт двигуна 2020 року пробіг 90тис. Нові форсунки Ходова нова: Перепресовано шкворня, гальма нові, відремонтовано супорта, мастило в мостові нове, блокіровка нова, сайленблоки, у тому числі стабілізатор, всі крани замінено, нові подушки. Всі рідини, в тому числі масла замінено в кінці грудня 2020, пробіг 400 км. Кап ремонт кабіни, нові подушки кабіни, нові підшипники стабілізатора кабіни, нові крани кабіни (зад,перед), Фари нові. Кондиціонер заправлено та працює ідеально, автономка працює ідеально Резина: перед 90%, зад 80% Sailun усилена. КПП працює ідеально. Автомобіль обслуговується лише на сервісах. Мета продажі: оновлення автопарку. Ціна з гідравлікою і без торга!!! ', 'usd_exch_rate': '28.25', 'eur_exch_rate': '34.22'}
DEBUG: Crawled (200) <GET https://auto.ria.com/uk/newauto/auto-gaz-next-1849140.html> (referer: https://auto.ria.com/uk/search/?indexName=auto&categories.main.id=6&brand.id[0]=203&page=2)
DEBUG: Scraped from <200 https://auto.ria.com/uk/auto_scania_r_400_28040426.html>
{'auto_id': '28040426', 'product_link': 'https://auto.ria.com/uk/auto_scania_r_400_28040426.html', 'product_name': 'Scania R 400 KIPHIDRAULIK 2009', 'brand': 'Scania', 'model': 'R 400', 'production_date': 2009, 'milenage': 640000, 'body_type': 'Тягач', 'color': '', 'gearbox_type': '', 'price_currency': 'USD', 'price': '19500', 'description': 'SCANIA R400 2009р.в. Пробіг 640т.км.!!! Коробка механіка. Оригінальна гідравліка. Стан Ідеальний!!! Резина 80% залишку. З Австріі. Від першого власника. Сервісна книжка. Тільки пригнана....Торг', 'usd_exch_rate': '28.25', 'eur_exch_rate': '34.22'}
DEBUG: Crawled (200) <GET https://auto.ria.com/uk/auto_scania_r_114_28337790.html> (referer: https://auto.ria.com/uk/search/?indexName=auto&categories.main.id=6&brand.id[0]=203&page=2)
DEBUG: Crawled (200) <GET https://auto.ria.com/uk/auto_scania_r_470_28463896.html> (referer: https://auto.ria.com/uk/search/?indexName=auto&categories.main.id=6&brand.id[0]=203&page=2)
DEBUG: Crawled (200) <GET https://auto.ria.com/uk/auto_scania_r_420_27950516.html> (referer: https://auto.ria.com/uk/search/?indexName=auto&categories.main.id=6&brand.id[0]=203&page=2)
DEBUG: Crawled (200) <GET https://auto.ria.com/uk/auto_scania_r_380_28886388.html> (referer: https://auto.ria.com/uk/search/?indexName=auto&categories.main.id=6&brand.id[0]=203&page=2)
DEBUG: Crawled (200) <GET https://auto.ria.com/uk/auto_scania_r_420_19545946.html> (referer: https://auto.ria.com/uk/search/?indexName=auto&categories.main.id=6&brand.id[0]=203&page=2)
DEBUG: Scraped from <200 https://auto.ria.com/uk/auto_scania_124_28858731.html>
{'auto_id': '28858731', 'product_link': 'https://auto.ria.com/uk/auto_scania_124_28858731.html', 'product_name': 'Scania 124 2004', 'brand': 'Scania', 'model': '124', 'production_date': 2004, 'milenage': 150000, 'body_type': 'Тентований', 'color': 'Білий', 'gearbox_type': 'Ручна / Механіка', 'price_currency': 'USD', 'price': '23500', 'description': 'Skania R470 Після капіталки мотора 10тис, зроблено багато чого вкладень не потребує різина норм,автономка холодильник працює будка 7,70/2,45/3 повна ростентовка в рейсовому стані пит по тел.', 'usd_exch_rate': '28.25', 'eur_exch_rate': '34.22'}
ERROR: Error processing {'auto_id': None, 'product_link': 'https://auto.ria.com/uk/newauto/auto-gaz-next-1849140.html', 'product_name': '', 'brand': '', 'model': '', 'production_date': '', 'milenage': '', 'body_type': '', 'color': '', 'gearbox_type': '', 'price_currency': '', 'price': '', 'description': ''}
Traceback (most recent call last):
  File "d:\!antoniuk\python\scrape\venv\lib\site-packages\sqlalchemy\engine\base.py", line 1277, in _execute_context
    cursor, statement, parameters, context
  File "d:\!antoniuk\python\scrape\venv\lib\site-packages\sqlalchemy\engine\default.py", line 609, in do_execute
    cursor.execute(statement, parameters)
psycopg2.errors.InvalidTextRepresentation: ПОМИЛКА:  неприпустимий синтаксис для типу integer: ""
LINE 1: .../newauto/auto-gaz-next-1849140.html', '', '', '', '', '', ''...
                                                             ^


The above exception was the direct cause of the following exception:

Traceback (most recent call last):
  File "d:\!antoniuk\python\scrape\venv\lib\site-packages\twisted\internet\defer.py", line 654, in _runCallbacks
    current.result = callback(current.result, *args, **kw)
  File "d:\!antoniuk\python\scrape\venv\lib\site-packages\scrapy\utils\defer.py", line 150, in f
    return deferred_from_coro(coro_f(*coro_args, **coro_kwargs))
  File "D:\!Antoniuk\Python\Scrape\autoria\autoria\pipelines.py", line 36, in process_item
    session.commit()
  File "d:\!antoniuk\python\scrape\venv\lib\site-packages\sqlalchemy\orm\session.py", line 1046, in commit
    self.transaction.commit()
  File "d:\!antoniuk\python\scrape\venv\lib\site-packages\sqlalchemy\orm\session.py", line 504, in commit
    self._prepare_impl()
  File "d:\!antoniuk\python\scrape\venv\lib\site-packages\sqlalchemy\orm\session.py", line 483, in _prepare_impl
    self.session.flush()
  File "d:\!antoniuk\python\scrape\venv\lib\site-packages\sqlalchemy\orm\session.py", line 2540, in flush
    self._flush(objects)
  File "d:\!antoniuk\python\scrape\venv\lib\site-packages\sqlalchemy\orm\session.py", line 2682, in _flush
    transaction.rollback(_capture_exception=True)
  File "d:\!antoniuk\python\scrape\venv\lib\site-packages\sqlalchemy\util\langhelpers.py", line 70, in __exit__
    with_traceback=exc_tb,
  File "d:\!antoniuk\python\scrape\venv\lib\site-packages\sqlalchemy\util\compat.py", line 182, in raise_
    raise exception
  File "d:\!antoniuk\python\scrape\venv\lib\site-packages\sqlalchemy\orm\session.py", line 2642, in _flush
    flush_context.execute()
  File "d:\!antoniuk\python\scrape\venv\lib\site-packages\sqlalchemy\orm\unitofwork.py", line 422, in execute
    rec.execute(self)
  File "d:\!antoniuk\python\scrape\venv\lib\site-packages\sqlalchemy\orm\unitofwork.py", line 589, in execute
    uow,
  File "d:\!antoniuk\python\scrape\venv\lib\site-packages\sqlalchemy\orm\persistence.py", line 245, in save_obj
    insert,
  File "d:\!antoniuk\python\scrape\venv\lib\site-packages\sqlalchemy\orm\persistence.py", line 1136, in _emit_insert_statements
    statement, params
  File "d:\!antoniuk\python\scrape\venv\lib\site-packages\sqlalchemy\engine\base.py", line 1011, in execute
    return meth(self, multiparams, params)
  File "d:\!antoniuk\python\scrape\venv\lib\site-packages\sqlalchemy\sql\elements.py", line 298, in _execute_on_connection
    return connection._execute_clauseelement(self, multiparams, params)
  File "d:\!antoniuk\python\scrape\venv\lib\site-packages\sqlalchemy\engine\base.py", line 1130, in _execute_clauseelement
    distilled_params,
  File "d:\!antoniuk\python\scrape\venv\lib\site-packages\sqlalchemy\engine\base.py", line 1317, in _execute_context
    e, statement, parameters, cursor, context
  File "d:\!antoniuk\python\scrape\venv\lib\site-packages\sqlalchemy\engine\base.py", line 1511, in _handle_dbapi_exception
    sqlalchemy_exception, with_traceback=exc_info[2], from_=e
  File "d:\!antoniuk\python\scrape\venv\lib\site-packages\sqlalchemy\util\compat.py", line 182, in raise_
    raise exception
  File "d:\!antoniuk\python\scrape\venv\lib\site-packages\sqlalchemy\engine\base.py", line 1277, in _execute_context
    cursor, statement, parameters, context
  File "d:\!antoniuk\python\scrape\venv\lib\site-packages\sqlalchemy\engine\default.py", line 609, in do_execute
    cursor.execute(statement, parameters)
sqlalchemy.exc.DataError: (psycopg2.errors.InvalidTextRepresentation) ПОМИЛКА:  неприпустимий синтаксис для типу integer: ""
LINE 1: .../newauto/auto-gaz-next-1849140.html', '', '', '', '', '', ''...
                                                             ^

[SQL: INSERT INTO truck_offers (auto_id, product_link, product_name, brand, model, production_date, milenage, body_type, color, gearbox_type, price_currency, price, price_eur, price_usd, usd_exch_rate, eur_exch_rate, description, record_date) VALUES (%(auto_id)s, %(product_link)s, %(product_name)s, %(brand)s, %(model)s, %(production_date)s, %(milenage)s, %(body_type)s, %(color)s, %(gearbox_type)s, %(price_currency)s, %(price)s, %(price_eur)s, %(price_usd)s, %(usd_exch_rate)s, %(eur_exch_rate)s, %(description)s, %(record_date)s) RETURNING truck_offers.id]
[parameters: {'auto_id': None, 'product_link': 'https://auto.ria.com/uk/newauto/auto-gaz-next-1849140.html', 'product_name': '', 'brand': '', 'model': '', 'production_date': '', 'milenage': '', 'body_type': '', 'color': '', 'gearbox_type': '', 'price_currency': '', 'price': '', 'price_eur': None, 'price_usd': None, 'usd_exch_rate': None, 'eur_exch_rate': None, 'description': '', 'record_date': datetime.datetime(2021, 1, 24, 21, 4, 57, 762577, tzinfo=<DstTzInfo 'Europe/Kiev' EET+2:00:00 STD>)}]
(Background on this error at: http://sqlalche.me/e/13/9h9h)
DEBUG: Crawled (200) <GET https://auto.ria.com/uk/auto_scania_r_420_26234259.html> (referer: https://auto.ria.com/uk/search/?indexName=auto&categories.main.id=6&brand.id[0]=203&page=2)
DEBUG: Crawled (200) <GET https://auto.ria.com/uk/auto_scania_g_26605224.html> (referer: https://auto.ria.com/uk/search/?indexName=auto&categories.main.id=6&brand.id[0]=203&page=2)
DEBUG: Scraped from <200 https://auto.ria.com/uk/auto_scania_r_114_28337790.html>
{'auto_id': '28337790', 'product_link': 'https://auto.ria.com/uk/auto_scania_r_114_28337790.html', 'product_name': 'Scania R 114 2001', 'brand': 'Scania', 'model': 'R 114', 'production_date': 2001, 'milenage': 735000, 'body_type': 'Тягач', 'color': 'Білий', 'gearbox_type': 'Ручна / Механіка', 'price_currency': 'USD', 'price': '11000', 'description': 'SKANIA R114 380 2001г. в + Полуприцеп ZASLAW D651 2002г. в. Возможна раздельная продажа, все вопросы по телефону!', 'usd_exch_rate': '28.25', 'eur_exch_rate': '34.22'}
DEBUG: Scraped from <200 https://auto.ria.com/uk/auto_scania_r_470_28463896.html>
{'auto_id': '28463896', 'product_link': 'https://auto.ria.com/uk/auto_scania_r_470_28463896.html', 'product_name': 'Scania R 470 2005', 'brand': 'Scania', 'model': 'R 470', 'production_date': 2005, 'milenage': 110000, 'body_type': 'Самоскид', 'color': 'Білий', 'gearbox_type': 'Ручна / Механіка', 'price_currency': 'USD', 'price': '35000', 'description': "Продам самосвальную сцепку Scania R 470, 2005 г.в. з самосвальною вигрузкою на зад та на бік, так як є бокові лючки. Автомобіль в гарному техничному справному стані, нічого робити не потрібно. Погрузочна висота 3.10, Об'єм кузову 67 м3, трансформер ( борти відкриваються на три сторони) є змога перевозити збірні грузи . Є кавоварка, ретарда, кондиціонер.", 'usd_exch_rate': '28.25', 'eur_exch_rate': '34.22'}
DEBUG: Scraped from <200 https://auto.ria.com/uk/auto_scania_r_420_27950516.html>
{'auto_id': '27950516', 'product_link': 'https://auto.ria.com/uk/auto_scania_r_420_27950516.html', 'product_name': 'Scania R 420 HPI 2010', 'brand': 'Scania', 'model': 'R 420', 'production_date': 2010, 'milenage': 1071000, 'body_type': 'Тягач', 'color': 'Білий', 'gearbox_type': 'Автомат', 'price_currency': 'USD', 'price': '18900', 'description': 'Тільки пригнаний, у відмінному стані. Паливна HPI з AdBlue. Ретардер. Холодильник. Стояночний кондиціонер. Гума 65% залишку. Повна сервісна історія на офіційному "SCANIA" - пробіг підтверджений 100%!!! Розмитнений. Можливий безготівковий розрахунок з ПДВ.  ID#26', 'usd_exch_rate': '28.25', 'eur_exch_rate': '34.22'}
DEBUG: Crawled (200) <GET https://auto.ria.com/uk/auto_scania_g_28887366.html> (referer: https://auto.ria.com/uk/search/?indexName=auto&categories.main.id=6&brand.id[0]=203&page=3)
DEBUG: Crawled (200) <GET https://auto.ria.com/uk/auto_scania_g_28363541.html> (referer: https://auto.ria.com/uk/search/?indexName=auto&categories.main.id=6&brand.id[0]=203&page=2)
DEBUG: Crawled (200) <GET https://auto.ria.com/uk/newauto/auto-gaz-next-1832214.html> (referer: https://auto.ria.com/uk/search/?indexName=auto&categories.main.id=6&brand.id[0]=203&page=1)
DEBUG: Scraped from <200 https://auto.ria.com/uk/auto_scania_r_380_28886388.html>
{'auto_id': '28886388', 'product_link': 'https://auto.ria.com/uk/auto_scania_r_380_28886388.html', 'product_name': 'Scania R 380 2005', 'brand': 'Scania', 'model': 'R 380', 'production_date': 2005, 'milenage': 900000, 'body_type': 'Тягач', 'color': 'Червоний', 'gearbox_type': 'Ручна / Механіка', 'price_currency': 'USD', 'price': '11100', 'description': 'Продаю тягач в хорошем состоянии', 'usd_exch_rate': '28.25', 'eur_exch_rate': '34.22'}
DEBUG: Scraped from <200 https://auto.ria.com/uk/auto_scania_r_420_19545946.html>
{'auto_id': '19545946', 'product_link': 'https://auto.ria.com/uk/auto_scania_r_420_19545946.html', 'product_name': 'Scania R 420  Topline Euro 5  2008', 'brand': 'Scania', 'model': 'R 420', 'production_date': 2008, 'milenage': 1300000, 'body_type': 'Тягач', 'color': 'Червоний', 'gearbox_type': 'Ручна / Механіка', 'price_currency': 'USD', 'price': '13500', 'description': 'Автомобіль в дуже гарному стані , майже максимальна комплектація , кабіна topline, клімат контроль,холодильник, люк Салон чистий ,незатертий ,непрокурений  мотор масла небере!!!  Весь час їздить тільки на Європу .... Переднi , заднi тормознi колодки ,  диски новi! ', 'usd_exch_rate': '28.25', 'eur_exch_rate': '34.22'}
DEBUG: Crawled (200) <GET https://auto.ria.com/uk/auto_scania_r_420_25229427.html> (referer: https://auto.ria.com/uk/search/?indexName=auto&categories.main.id=6&brand.id[0]=203&page=2)
DEBUG: Scraped from <200 https://auto.ria.com/uk/auto_scania_r_420_26234259.html>
{'auto_id': '26234259', 'product_link': 'https://auto.ria.com/uk/auto_scania_r_420_26234259.html', 'product_name': 'Scania R 420 HPi 2008', 'brand': 'Scania', 'model': 'R 420', 'production_date': 2008, 'milenage': 742000, 'body_type': 'Тягач', 'color': '', 'gearbox_type': 'Ручна / Механіка', 'price_currency': 'EUR', 'price': '21000', 'description': 'Автомобиль свеже пригнан,в идеальном состоянии. Новые АКБ, новая резина. Гарантия на двигатель 1 год, 6 мес. гарантия на сам автомобиль. Возможна покупка с НДС. За дополнительной информацией обращайтесь по указаному телефону. Приглашаем Вас на тест-драйв.', 'usd_exch_rate': '28.25', 'eur_exch_rate': '34.22'}
DEBUG: Crawled (200) <GET https://auto.ria.com/uk/auto_scania_r_420_28618059.html> (referer: https://auto.ria.com/uk/search/?indexName=auto&categories.main.id=6&brand.id[0]=203&page=3)
DEBUG: Crawled (200) <GET https://auto.ria.com/uk/auto_scania_124_28107453.html> (referer: https://auto.ria.com/uk/search/?indexName=auto&categories.main.id=6&brand.id[0]=203&page=3)
DEBUG: Scraped from <200 https://auto.ria.com/uk/auto_scania_g_26605224.html>
{'auto_id': '26605224', 'product_link': 'https://auto.ria.com/uk/auto_scania_g_26605224.html', 'product_name': 'Scania G 440 PDE 2013', 'brand': 'Scania', 'model': 'G', 'production_date': 2013, 'milenage': 618000, 'body_type': 'Тягач', 'color': '', 'gearbox_type': 'Ручна / Механіка', 'price_currency': 'EUR', 'price': '37500', 'description': 'Автомобиль свеже пригнан,в идеальном состоянии. Новые АКБ, новая резина. Гарантия на двигатель 1 год, 6 мес. гарантия на сам автомобиль. Возможна покупка с НДС. За дополнительной информацией обращайтесь по указаному телефону. Приглашаем Вас на тест-драйв.', 'usd_exch_rate': '28.25', 'eur_exch_rate': '34.22'}
DEBUG: Scraped from <200 https://auto.ria.com/uk/auto_scania_g_28887366.html>
{'auto_id': '28887366', 'product_link': 'https://auto.ria.com/uk/auto_scania_g_28887366.html', 'product_name': 'Scania G G 440 2019', 'brand': 'Scania', 'model': 'G', 'production_date': 2019, 'milenage': 36000, 'body_type': 'Тягач', 'color': 'Білий', 'gearbox_type': 'Автомат', 'price_currency': 'USD', 'price': '67000', 'description': '', 'usd_exch_rate': '28.25', 'eur_exch_rate': '34.22'}
DEBUG: Scraped from <200 https://auto.ria.com/uk/auto_scania_g_28363541.html>
{'auto_id': '28363541', 'product_link': 'https://auto.ria.com/uk/auto_scania_g_28363541.html', 'product_name': 'Scania G PDE 2012', 'brand': 'Scania', 'model': 'G', 'production_date': 2012, 'milenage': 750000, 'body_type': 'Тягач', 'color': 'Червоний', 'gearbox_type': 'Автомат', 'price_currency': 'EUR', 'price': '41000', 'description': 'Автомобиль свеже пригнан, в идеальном состоянии. Новые АКБ, новая резина. Гарантия на двигатель 1 год, 6 мес. гарантия на сам автомобиль. Возможна покупка с НДС. За дополнительной информацией обращайтесь по указаному телефону. Приглашаем Вас на тест-драйв. ', 'usd_exch_rate': '28.25', 'eur_exch_rate': '34.22'}
ERROR: Error processing {'auto_id': None, 'product_link': 'https://auto.ria.com/uk/newauto/auto-gaz-next-1832214.html', 'product_name': '', 'brand': '', 'model': '', 'production_date': '', 'milenage': '', 'body_type': '', 'color': '', 'gearbox_type': '', 'price_currency': '', 'price': '', 'description': ''}
Traceback (most recent call last):
  File "d:\!antoniuk\python\scrape\venv\lib\site-packages\sqlalchemy\engine\base.py", line 1277, in _execute_context
    cursor, statement, parameters, context
  File "d:\!antoniuk\python\scrape\venv\lib\site-packages\sqlalchemy\engine\default.py", line 609, in do_execute
    cursor.execute(statement, parameters)
psycopg2.errors.InvalidTextRepresentation: ПОМИЛКА:  неприпустимий синтаксис для типу integer: ""
LINE 1: .../newauto/auto-gaz-next-1832214.html', '', '', '', '', '', ''...
                                                             ^


The above exception was the direct cause of the following exception:

Traceback (most recent call last):
  File "d:\!antoniuk\python\scrape\venv\lib\site-packages\twisted\internet\defer.py", line 654, in _runCallbacks
    current.result = callback(current.result, *args, **kw)
  File "d:\!antoniuk\python\scrape\venv\lib\site-packages\scrapy\utils\defer.py", line 150, in f
    return deferred_from_coro(coro_f(*coro_args, **coro_kwargs))
  File "D:\!Antoniuk\Python\Scrape\autoria\autoria\pipelines.py", line 36, in process_item
    session.commit()
  File "d:\!antoniuk\python\scrape\venv\lib\site-packages\sqlalchemy\orm\session.py", line 1046, in commit
    self.transaction.commit()
  File "d:\!antoniuk\python\scrape\venv\lib\site-packages\sqlalchemy\orm\session.py", line 504, in commit
    self._prepare_impl()
  File "d:\!antoniuk\python\scrape\venv\lib\site-packages\sqlalchemy\orm\session.py", line 483, in _prepare_impl
    self.session.flush()
  File "d:\!antoniuk\python\scrape\venv\lib\site-packages\sqlalchemy\orm\session.py", line 2540, in flush
    self._flush(objects)
  File "d:\!antoniuk\python\scrape\venv\lib\site-packages\sqlalchemy\orm\session.py", line 2682, in _flush
    transaction.rollback(_capture_exception=True)
  File "d:\!antoniuk\python\scrape\venv\lib\site-packages\sqlalchemy\util\langhelpers.py", line 70, in __exit__
    with_traceback=exc_tb,
  File "d:\!antoniuk\python\scrape\venv\lib\site-packages\sqlalchemy\util\compat.py", line 182, in raise_
    raise exception
  File "d:\!antoniuk\python\scrape\venv\lib\site-packages\sqlalchemy\orm\session.py", line 2642, in _flush
    flush_context.execute()
  File "d:\!antoniuk\python\scrape\venv\lib\site-packages\sqlalchemy\orm\unitofwork.py", line 422, in execute
    rec.execute(self)
  File "d:\!antoniuk\python\scrape\venv\lib\site-packages\sqlalchemy\orm\unitofwork.py", line 589, in execute
    uow,
  File "d:\!antoniuk\python\scrape\venv\lib\site-packages\sqlalchemy\orm\persistence.py", line 245, in save_obj
    insert,
  File "d:\!antoniuk\python\scrape\venv\lib\site-packages\sqlalchemy\orm\persistence.py", line 1136, in _emit_insert_statements
    statement, params
  File "d:\!antoniuk\python\scrape\venv\lib\site-packages\sqlalchemy\engine\base.py", line 1011, in execute
    return meth(self, multiparams, params)
  File "d:\!antoniuk\python\scrape\venv\lib\site-packages\sqlalchemy\sql\elements.py", line 298, in _execute_on_connection
    return connection._execute_clauseelement(self, multiparams, params)
  File "d:\!antoniuk\python\scrape\venv\lib\site-packages\sqlalchemy\engine\base.py", line 1130, in _execute_clauseelement
    distilled_params,
  File "d:\!antoniuk\python\scrape\venv\lib\site-packages\sqlalchemy\engine\base.py", line 1317, in _execute_context
    e, statement, parameters, cursor, context
  File "d:\!antoniuk\python\scrape\venv\lib\site-packages\sqlalchemy\engine\base.py", line 1511, in _handle_dbapi_exception
    sqlalchemy_exception, with_traceback=exc_info[2], from_=e
  File "d:\!antoniuk\python\scrape\venv\lib\site-packages\sqlalchemy\util\compat.py", line 182, in raise_
    raise exception
  File "d:\!antoniuk\python\scrape\venv\lib\site-packages\sqlalchemy\engine\base.py", line 1277, in _execute_context
    cursor, statement, parameters, context
  File "d:\!antoniuk\python\scrape\venv\lib\site-packages\sqlalchemy\engine\default.py", line 609, in do_execute
    cursor.execute(statement, parameters)
sqlalchemy.exc.DataError: (psycopg2.errors.InvalidTextRepresentation) ПОМИЛКА:  неприпустимий синтаксис для типу integer: ""
LINE 1: .../newauto/auto-gaz-next-1832214.html', '', '', '', '', '', ''...
                                                             ^

[SQL: INSERT INTO truck_offers (auto_id, product_link, product_name, brand, model, production_date, milenage, body_type, color, gearbox_type, price_currency, price, price_eur, price_usd, usd_exch_rate, eur_exch_rate, description, record_date) VALUES (%(auto_id)s, %(product_link)s, %(product_name)s, %(brand)s, %(model)s, %(production_date)s, %(milenage)s, %(body_type)s, %(color)s, %(gearbox_type)s, %(price_currency)s, %(price)s, %(price_eur)s, %(price_usd)s, %(usd_exch_rate)s, %(eur_exch_rate)s, %(description)s, %(record_date)s) RETURNING truck_offers.id]
[parameters: {'auto_id': None, 'product_link': 'https://auto.ria.com/uk/newauto/auto-gaz-next-1832214.html', 'product_name': '', 'brand': '', 'model': '', 'production_date': '', 'milenage': '', 'body_type': '', 'color': '', 'gearbox_type': '', 'price_currency': '', 'price': '', 'price_eur': None, 'price_usd': None, 'usd_exch_rate': None, 'eur_exch_rate': None, 'description': '', 'record_date': datetime.datetime(2021, 1, 24, 21, 4, 57, 762577, tzinfo=<DstTzInfo 'Europe/Kiev' EET+2:00:00 STD>)}]
(Background on this error at: http://sqlalche.me/e/13/9h9h)
DEBUG: Crawled (200) <GET https://auto.ria.com/uk/auto_scania_r_480_27598042.html> (referer: https://auto.ria.com/uk/search/?indexName=auto&categories.main.id=6&brand.id[0]=203&page=3)
DEBUG: Crawled (200) <GET https://auto.ria.com/uk/auto_scania_r_420_27649073.html> (referer: https://auto.ria.com/uk/search/?indexName=auto&categories.main.id=6&brand.id[0]=203&page=3)
DEBUG: Crawled (200) <GET https://auto.ria.com/uk/auto_scania_g_28420130.html> (referer: https://auto.ria.com/uk/search/?indexName=auto&categories.main.id=6&brand.id[0]=203&page=3)
DEBUG: Crawled (200) <GET https://auto.ria.com/uk/auto_scania_p_28765890.html> (referer: https://auto.ria.com/uk/search/?indexName=auto&categories.main.id=6&brand.id[0]=203&page=3)
DEBUG: Crawled (200) <GET https://auto.ria.com/uk/auto_scania_164l_28503509.html> (referer: https://auto.ria.com/uk/search/?indexName=auto&categories.main.id=6&brand.id[0]=203&page=3)
DEBUG: Crawled (200) <GET https://auto.ria.com/uk/auto_scania_r_480_28877734.html> (referer: https://auto.ria.com/uk/search/?indexName=auto&categories.main.id=6&brand.id[0]=203&page=3)
DEBUG: Scraped from <200 https://auto.ria.com/uk/auto_scania_r_420_25229427.html>
{'auto_id': '25229427', 'product_link': 'https://auto.ria.com/uk/auto_scania_r_420_25229427.html', 'product_name': 'Scania R 420 R420 2012', 'brand': 'Scania', 'model': 'R 420', 'production_date': 2012, 'milenage': 800000, 'body_type': 'Тягач', 'color': '', 'gearbox_type': 'Автомат', 'price_currency': 'EUR', 'price': '18300', 'description': 'Тільки пригнаг з Німеччени тягач марки SCANIA EEV R420, рік випуску 2012 з пробігом 800 тис.,км., автомат, адеблю, два паливні баки, тільки пригнан з Німеччени. Докладніше по телефону.', 'usd_exch_rate': '28.25', 'eur_exch_rate': '34.22'}
DEBUG: Scraped from <200 https://auto.ria.com/uk/auto_scania_r_420_28618059.html>
{'auto_id': '28618059', 'product_link': 'https://auto.ria.com/uk/auto_scania_r_420_28618059.html', 'product_name': 'Scania R 420 2006', 'brand': 'Scania', 'model': 'R 420', 'production_date': 2006, 'milenage': 1150000, 'body_type': 'Тягач', 'color': 'Чорний', 'gearbox_type': 'Автомат', 'price_currency': 'USD', 'price': '16500', 'description': 'Цена за сцепку. Прицеп Самро 1995 г. Адблю заглушено. Возможен обмен на внедорожник.', 'usd_exch_rate': '28.25', 'eur_exch_rate': '34.22'}
DEBUG: Scraped from <200 https://auto.ria.com/uk/auto_scania_124_28107453.html>
{'auto_id': '28107453', 'product_link': 'https://auto.ria.com/uk/auto_scania_124_28107453.html', 'product_name': 'Scania 124 1999', 'brand': 'Scania', 'model': '124', 'production_date': 1999, 'milenage': 900000, 'body_type': 'Тягач', 'color': 'Червоний', 'gearbox_type': 'Ручна / Механіка', 'price_currency': 'USD', 'price': '11399', 'description': 'ГАРНИЙ СРАН,ЦІНА ЗА  КОМПЛЕКТ ,Варта уваги Комплект у хорошому робочому стані, Все працює ,сів і поїхав,нічого робити не потрібно Можлива продажа по перерахунку', 'usd_exch_rate': '28.25', 'eur_exch_rate': '34.22'}
DEBUG: Crawled (200) <GET https://auto.ria.com/uk/newauto/auto-fiat-ducato-gruz-1835266.html> (referer: https://auto.ria.com/uk/search/?indexName=auto&categories.main.id=6&brand.id[0]=203&page=2)
DEBUG: Crawled (200) <GET https://auto.ria.com/uk/search/?indexName=auto&categories.main.id=6&brand.id[0]=203&page=4> (referer: https://auto.ria.com/uk/search/?indexName=auto&categories.main.id=6&brand.id[0]=203&page=3)
DEBUG: Scraped from <200 https://auto.ria.com/uk/auto_scania_r_480_27598042.html>
{'auto_id': '27598042', 'product_link': 'https://auto.ria.com/uk/auto_scania_r_480_27598042.html', 'product_name': 'Scania R 480 2011', 'brand': 'Scania', 'model': 'R 480', 'production_date': 2011, 'milenage': 672000, 'body_type': 'Тягач', 'color': 'Чорний', 'gearbox_type': 'Автомат', 'price_currency': 'USD', 'price': '25400', 'description': '', 'usd_exch_rate': '28.25', 'eur_exch_rate': '34.22'}
DEBUG: Scraped from <200 https://auto.ria.com/uk/auto_scania_r_420_27649073.html>
{'auto_id': '27649073', 'product_link': 'https://auto.ria.com/uk/auto_scania_r_420_27649073.html', 'product_name': 'Scania R 420 2009', 'brand': 'Scania', 'model': 'R 420', 'production_date': 2009, 'milenage': 696000, 'body_type': 'Самоскид', 'color': '', 'gearbox_type': '', 'price_currency': 'USD', 'price': '32500', 'description': 'Самоскид контейнеровоз. Нова гума та АКБ 100%. 36куб. Тент. Добрий стан. Рейсовий. Подробиці по телефону. ', 'usd_exch_rate': '28.25', 'eur_exch_rate': '34.22'}
DEBUG: Scraped from <200 https://auto.ria.com/uk/auto_scania_g_28420130.html>
{'auto_id': '28420130', 'product_link': 'https://auto.ria.com/uk/auto_scania_g_28420130.html', 'product_name': 'Scania G 400 PDE 2013', 'brand': 'Scania', 'model': 'G', 'production_date': 2013, 'milenage': 732000, 'body_type': 'Тягач', 'color': 'Зелений', 'gearbox_type': 'Автомат', 'price_currency': 'EUR', 'price': '23600', 'description': 'Автомобіль з Німеччини, без пробігу по Украіні! Двигун 13 літрів, сама надійна у Сканіі PDE паливна система, потужність 400 к. с. Є можливість легко зробити 440! Ад Блю працює справно. Подушки заднього мосту нові. Авто розмитнено та вже перебуває на украінській реєстраціі на юр особі, тому можлива будь-яка форма розрахунку! Повний комплект спойлерів, експлуатація в межах Німеччини з 2-ох осним рефом.  Паливний бак 700 л Повна підтверджена історія обслуговування на офіційному сервісі Scania в Німеччині!  Резина у відмінному стані На усі питання відповім із задоволенням по телефону! Усім вдалих покупок! ', 'usd_exch_rate': '28.25', 'eur_exch_rate': '34.22'}
DEBUG: Scraped from <200 https://auto.ria.com/uk/auto_scania_p_28765890.html>
{'auto_id': '28765890', 'product_link': 'https://auto.ria.com/uk/auto_scania_p_28765890.html', 'product_name': 'Scania P 2015', 'brand': 'Scania', 'model': 'P', 'production_date': 2015, 'milenage': 222000, 'body_type': 'Самоскид', 'color': 'Синій', 'gearbox_type': 'Автомат', 'price_currency': 'USD', 'price': '113555', 'description': 'продам сканію оригінальний самосвал в доброму стані євро6 все працює до однієї кнопки з рідним пробігом,на повному заряді такой комплектації в Україні одиниці,непутайте з турецькой зборкой,пригнана з Норвегії,деталі за телефоном торг', 'usd_exch_rate': '28.25', 'eur_exch_rate': '34.22'}
DEBUG: Scraped from <200 https://auto.ria.com/uk/auto_scania_164l_28503509.html>
{'auto_id': '28503509', 'product_link': 'https://auto.ria.com/uk/auto_scania_164l_28503509.html', 'product_name': 'Scania 164L 2003', 'brand': 'Scania', 'model': '164L', 'production_date': 2003, 'milenage': 1400000, 'body_type': 'Тягач', 'color': 'Синій', 'gearbox_type': 'Типтронік', 'price_currency': 'USD', 'price': '10500', 'description': 'Авто в доброму стані, ходова зроблена, різина нова, ролики рімні нові, щеплення корзина нові, стоїть Гідравліка, машина варта вашої уваги.Обмін на сх продукцію.', 'usd_exch_rate': '28.25', 'eur_exch_rate': '34.22'}
DEBUG: Scraped from <200 https://auto.ria.com/uk/auto_scania_r_480_28877734.html>
{'auto_id': '28877734', 'product_link': 'https://auto.ria.com/uk/auto_scania_r_480_28877734.html', 'product_name': 'Scania R 480 PDE 2013', 'brand': 'Scania', 'model': 'R 480', 'production_date': 2013, 'milenage': 640000, 'body_type': 'Тягач', 'color': 'Білий', 'gearbox_type': 'Автомат', 'price_currency': 'EUR', 'price': '39000', 'description': 'Продам Scania r480 система впрыска PDE. Состояние авто отличное,свежо прегнан. Автомат с ретардером. ', 'usd_exch_rate': '28.25', 'eur_exch_rate': '34.22'}
DEBUG: Crawled (200) <GET https://auto.ria.com/uk/auto_scania_r_124_28645982.html> (referer: https://auto.ria.com/uk/search/?indexName=auto&categories.main.id=6&brand.id[0]=203&page=3)
ERROR: Error processing {'auto_id': None, 'product_link': 'https://auto.ria.com/uk/newauto/auto-fiat-ducato-gruz-1835266.html', 'product_name': '', 'brand': '', 'model': '', 'production_date': '', 'milenage': '', 'body_type': '', 'color': '', 'gearbox_type': '', 'price_currency': '', 'price': '', 'description': ''}
Traceback (most recent call last):
  File "d:\!antoniuk\python\scrape\venv\lib\site-packages\sqlalchemy\engine\base.py", line 1277, in _execute_context
    cursor, statement, parameters, context
  File "d:\!antoniuk\python\scrape\venv\lib\site-packages\sqlalchemy\engine\default.py", line 609, in do_execute
    cursor.execute(statement, parameters)
psycopg2.errors.InvalidTextRepresentation: ПОМИЛКА:  неприпустимий синтаксис для типу integer: ""
LINE 1: .../auto-fiat-ducato-gruz-1835266.html', '', '', '', '', '', ''...
                                                             ^


The above exception was the direct cause of the following exception:

Traceback (most recent call last):
  File "d:\!antoniuk\python\scrape\venv\lib\site-packages\twisted\internet\defer.py", line 654, in _runCallbacks
    current.result = callback(current.result, *args, **kw)
  File "d:\!antoniuk\python\scrape\venv\lib\site-packages\scrapy\utils\defer.py", line 150, in f
    return deferred_from_coro(coro_f(*coro_args, **coro_kwargs))
  File "D:\!Antoniuk\Python\Scrape\autoria\autoria\pipelines.py", line 36, in process_item
    session.commit()
  File "d:\!antoniuk\python\scrape\venv\lib\site-packages\sqlalchemy\orm\session.py", line 1046, in commit
    self.transaction.commit()
  File "d:\!antoniuk\python\scrape\venv\lib\site-packages\sqlalchemy\orm\session.py", line 504, in commit
    self._prepare_impl()
  File "d:\!antoniuk\python\scrape\venv\lib\site-packages\sqlalchemy\orm\session.py", line 483, in _prepare_impl
    self.session.flush()
  File "d:\!antoniuk\python\scrape\venv\lib\site-packages\sqlalchemy\orm\session.py", line 2540, in flush
    self._flush(objects)
  File "d:\!antoniuk\python\scrape\venv\lib\site-packages\sqlalchemy\orm\session.py", line 2682, in _flush
    transaction.rollback(_capture_exception=True)
  File "d:\!antoniuk\python\scrape\venv\lib\site-packages\sqlalchemy\util\langhelpers.py", line 70, in __exit__
    with_traceback=exc_tb,
  File "d:\!antoniuk\python\scrape\venv\lib\site-packages\sqlalchemy\util\compat.py", line 182, in raise_
    raise exception
  File "d:\!antoniuk\python\scrape\venv\lib\site-packages\sqlalchemy\orm\session.py", line 2642, in _flush
    flush_context.execute()
  File "d:\!antoniuk\python\scrape\venv\lib\site-packages\sqlalchemy\orm\unitofwork.py", line 422, in execute
    rec.execute(self)
  File "d:\!antoniuk\python\scrape\venv\lib\site-packages\sqlalchemy\orm\unitofwork.py", line 589, in execute
    uow,
  File "d:\!antoniuk\python\scrape\venv\lib\site-packages\sqlalchemy\orm\persistence.py", line 245, in save_obj
    insert,
  File "d:\!antoniuk\python\scrape\venv\lib\site-packages\sqlalchemy\orm\persistence.py", line 1136, in _emit_insert_statements
    statement, params
  File "d:\!antoniuk\python\scrape\venv\lib\site-packages\sqlalchemy\engine\base.py", line 1011, in execute
    return meth(self, multiparams, params)
  File "d:\!antoniuk\python\scrape\venv\lib\site-packages\sqlalchemy\sql\elements.py", line 298, in _execute_on_connection
    return connection._execute_clauseelement(self, multiparams, params)
  File "d:\!antoniuk\python\scrape\venv\lib\site-packages\sqlalchemy\engine\base.py", line 1130, in _execute_clauseelement
    distilled_params,
  File "d:\!antoniuk\python\scrape\venv\lib\site-packages\sqlalchemy\engine\base.py", line 1317, in _execute_context
    e, statement, parameters, cursor, context
  File "d:\!antoniuk\python\scrape\venv\lib\site-packages\sqlalchemy\engine\base.py", line 1511, in _handle_dbapi_exception
    sqlalchemy_exception, with_traceback=exc_info[2], from_=e
  File "d:\!antoniuk\python\scrape\venv\lib\site-packages\sqlalchemy\util\compat.py", line 182, in raise_
    raise exception
  File "d:\!antoniuk\python\scrape\venv\lib\site-packages\sqlalchemy\engine\base.py", line 1277, in _execute_context
    cursor, statement, parameters, context
  File "d:\!antoniuk\python\scrape\venv\lib\site-packages\sqlalchemy\engine\default.py", line 609, in do_execute
    cursor.execute(statement, parameters)
sqlalchemy.exc.DataError: (psycopg2.errors.InvalidTextRepresentation) ПОМИЛКА:  неприпустимий синтаксис для типу integer: ""
LINE 1: .../auto-fiat-ducato-gruz-1835266.html', '', '', '', '', '', ''...
                                                             ^

[SQL: INSERT INTO truck_offers (auto_id, product_link, product_name, brand, model, production_date, milenage, body_type, color, gearbox_type, price_currency, price, price_eur, price_usd, usd_exch_rate, eur_exch_rate, description, record_date) VALUES (%(auto_id)s, %(product_link)s, %(product_name)s, %(brand)s, %(model)s, %(production_date)s, %(milenage)s, %(body_type)s, %(color)s, %(gearbox_type)s, %(price_currency)s, %(price)s, %(price_eur)s, %(price_usd)s, %(usd_exch_rate)s, %(eur_exch_rate)s, %(description)s, %(record_date)s) RETURNING truck_offers.id]
[parameters: {'auto_id': None, 'product_link': 'https://auto.ria.com/uk/newauto/auto-fiat-ducato-gruz-1835266.html', 'product_name': '', 'brand': '', 'model': '', 'production_date': '', 'milenage': '', 'body_type': '', 'color': '', 'gearbox_type': '', 'price_currency': '', 'price': '', 'price_eur': None, 'price_usd': None, 'usd_exch_rate': None, 'eur_exch_rate': None, 'description': '', 'record_date': datetime.datetime(2021, 1, 24, 21, 4, 57, 762577, tzinfo=<DstTzInfo 'Europe/Kiev' EET+2:00:00 STD>)}]
(Background on this error at: http://sqlalche.me/e/13/9h9h)
DEBUG: Scraped from <200 https://auto.ria.com/uk/auto_scania_r_124_28645982.html>
{'auto_id': '28645982', 'product_link': 'https://auto.ria.com/uk/auto_scania_r_124_28645982.html', 'product_name': 'Scania R 124 1999', 'brand': 'Scania', 'model': 'R 124', 'production_date': 1999, 'milenage': 100000, 'body_type': 'Тягач', 'color': '', 'gearbox_type': '', 'price_currency': 'USD', 'price': '5500', 'description': 'Scania 124 G , 400 кінських сил. Залишок резини 70% ведуча вісь, 60% рулі. Замінені акумулятори на початку року. В навантаження запчастини Можливий продаж з НДС. VIN продубльовано в умовах сантадор. Доп. фото надам у разі потреби.', 'usd_exch_rate': '28.25', 'eur_exch_rate': '34.22'}
DEBUG: Crawled (200) <GET https://auto.ria.com/uk/newauto/auto-gaz-next-1816676.html> (referer: https://auto.ria.com/uk/search/?indexName=auto&categories.main.id=6&brand.id[0]=203&page=3)
DEBUG: Crawled (200) <GET https://auto.ria.com/uk/auto_scania_r_380_26158181.html> (referer: https://auto.ria.com/uk/search/?indexName=auto&categories.main.id=6&brand.id[0]=203&page=4)
DEBUG: Crawled (200) <GET https://auto.ria.com/uk/auto_scania_r_420_27580797.html> (referer: https://auto.ria.com/uk/search/?indexName=auto&categories.main.id=6&brand.id[0]=203&page=4)
DEBUG: Crawled (200) <GET https://auto.ria.com/uk/auto_scania_r_420_21046992.html> (referer: https://auto.ria.com/uk/search/?indexName=auto&categories.main.id=6&brand.id[0]=203&page=4)
DEBUG: Crawled (200) <GET https://auto.ria.com/uk/auto_scania_r_420_26914434.html> (referer: https://auto.ria.com/uk/search/?indexName=auto&categories.main.id=6&brand.id[0]=203&page=4)
ERROR: Error processing {'auto_id': None, 'product_link': 'https://auto.ria.com/uk/newauto/auto-gaz-next-1816676.html', 'product_name': '', 'brand': '', 'model': '', 'production_date': '', 'milenage': '', 'body_type': '', 'color': '', 'gearbox_type': '', 'price_currency': '', 'price': '', 'description': ''}
Traceback (most recent call last):
  File "d:\!antoniuk\python\scrape\venv\lib\site-packages\sqlalchemy\engine\base.py", line 1277, in _execute_context
    cursor, statement, parameters, context
  File "d:\!antoniuk\python\scrape\venv\lib\site-packages\sqlalchemy\engine\default.py", line 609, in do_execute
    cursor.execute(statement, parameters)
psycopg2.errors.InvalidTextRepresentation: ПОМИЛКА:  неприпустимий синтаксис для типу integer: ""
LINE 1: .../newauto/auto-gaz-next-1816676.html', '', '', '', '', '', ''...
                                                             ^


The above exception was the direct cause of the following exception:

Traceback (most recent call last):
  File "d:\!antoniuk\python\scrape\venv\lib\site-packages\twisted\internet\defer.py", line 654, in _runCallbacks
    current.result = callback(current.result, *args, **kw)
  File "d:\!antoniuk\python\scrape\venv\lib\site-packages\scrapy\utils\defer.py", line 150, in f
    return deferred_from_coro(coro_f(*coro_args, **coro_kwargs))
  File "D:\!Antoniuk\Python\Scrape\autoria\autoria\pipelines.py", line 36, in process_item
    session.commit()
  File "d:\!antoniuk\python\scrape\venv\lib\site-packages\sqlalchemy\orm\session.py", line 1046, in commit
    self.transaction.commit()
  File "d:\!antoniuk\python\scrape\venv\lib\site-packages\sqlalchemy\orm\session.py", line 504, in commit
    self._prepare_impl()
  File "d:\!antoniuk\python\scrape\venv\lib\site-packages\sqlalchemy\orm\session.py", line 483, in _prepare_impl
    self.session.flush()
  File "d:\!antoniuk\python\scrape\venv\lib\site-packages\sqlalchemy\orm\session.py", line 2540, in flush
    self._flush(objects)
  File "d:\!antoniuk\python\scrape\venv\lib\site-packages\sqlalchemy\orm\session.py", line 2682, in _flush
    transaction.rollback(_capture_exception=True)
  File "d:\!antoniuk\python\scrape\venv\lib\site-packages\sqlalchemy\util\langhelpers.py", line 70, in __exit__
    with_traceback=exc_tb,
  File "d:\!antoniuk\python\scrape\venv\lib\site-packages\sqlalchemy\util\compat.py", line 182, in raise_
    raise exception
  File "d:\!antoniuk\python\scrape\venv\lib\site-packages\sqlalchemy\orm\session.py", line 2642, in _flush
    flush_context.execute()
  File "d:\!antoniuk\python\scrape\venv\lib\site-packages\sqlalchemy\orm\unitofwork.py", line 422, in execute
    rec.execute(self)
  File "d:\!antoniuk\python\scrape\venv\lib\site-packages\sqlalchemy\orm\unitofwork.py", line 589, in execute
    uow,
  File "d:\!antoniuk\python\scrape\venv\lib\site-packages\sqlalchemy\orm\persistence.py", line 245, in save_obj
    insert,
  File "d:\!antoniuk\python\scrape\venv\lib\site-packages\sqlalchemy\orm\persistence.py", line 1136, in _emit_insert_statements
    statement, params
  File "d:\!antoniuk\python\scrape\venv\lib\site-packages\sqlalchemy\engine\base.py", line 1011, in execute
    return meth(self, multiparams, params)
  File "d:\!antoniuk\python\scrape\venv\lib\site-packages\sqlalchemy\sql\elements.py", line 298, in _execute_on_connection
    return connection._execute_clauseelement(self, multiparams, params)
  File "d:\!antoniuk\python\scrape\venv\lib\site-packages\sqlalchemy\engine\base.py", line 1130, in _execute_clauseelement
    distilled_params,
  File "d:\!antoniuk\python\scrape\venv\lib\site-packages\sqlalchemy\engine\base.py", line 1317, in _execute_context
    e, statement, parameters, cursor, context
  File "d:\!antoniuk\python\scrape\venv\lib\site-packages\sqlalchemy\engine\base.py", line 1511, in _handle_dbapi_exception
    sqlalchemy_exception, with_traceback=exc_info[2], from_=e
  File "d:\!antoniuk\python\scrape\venv\lib\site-packages\sqlalchemy\util\compat.py", line 182, in raise_
    raise exception
  File "d:\!antoniuk\python\scrape\venv\lib\site-packages\sqlalchemy\engine\base.py", line 1277, in _execute_context
    cursor, statement, parameters, context
  File "d:\!antoniuk\python\scrape\venv\lib\site-packages\sqlalchemy\engine\default.py", line 609, in do_execute
    cursor.execute(statement, parameters)
sqlalchemy.exc.DataError: (psycopg2.errors.InvalidTextRepresentation) ПОМИЛКА:  неприпустимий синтаксис для типу integer: ""
LINE 1: .../newauto/auto-gaz-next-1816676.html', '', '', '', '', '', ''...
                                                             ^

[SQL: INSERT INTO truck_offers (auto_id, product_link, product_name, brand, model, production_date, milenage, body_type, color, gearbox_type, price_currency, price, price_eur, price_usd, usd_exch_rate, eur_exch_rate, description, record_date) VALUES (%(auto_id)s, %(product_link)s, %(product_name)s, %(brand)s, %(model)s, %(production_date)s, %(milenage)s, %(body_type)s, %(color)s, %(gearbox_type)s, %(price_currency)s, %(price)s, %(price_eur)s, %(price_usd)s, %(usd_exch_rate)s, %(eur_exch_rate)s, %(description)s, %(record_date)s) RETURNING truck_offers.id]
[parameters: {'auto_id': None, 'product_link': 'https://auto.ria.com/uk/newauto/auto-gaz-next-1816676.html', 'product_name': '', 'brand': '', 'model': '', 'production_date': '', 'milenage': '', 'body_type': '', 'color': '', 'gearbox_type': '', 'price_currency': '', 'price': '', 'price_eur': None, 'price_usd': None, 'usd_exch_rate': None, 'eur_exch_rate': None, 'description': '', 'record_date': datetime.datetime(2021, 1, 24, 21, 4, 57, 762577, tzinfo=<DstTzInfo 'Europe/Kiev' EET+2:00:00 STD>)}]
(Background on this error at: http://sqlalche.me/e/13/9h9h)
DEBUG: Scraped from <200 https://auto.ria.com/uk/auto_scania_r_380_26158181.html>
{'auto_id': '26158181', 'product_link': 'https://auto.ria.com/uk/auto_scania_r_380_26158181.html', 'product_name': 'Scania R 380 P380 2011', 'brand': 'Scania', 'model': 'R 380', 'production_date': 2011, 'milenage': 460000, 'body_type': 'Самоскид', 'color': '', 'gearbox_type': 'Ручна / Механіка', 'price_currency': 'USD', 'price': '65000', 'description': 'Продаються Самоскиди Scania P380 Рік випуску 2011 Пробіг 440тис На ходу, в робочому стані ', 'usd_exch_rate': '28.25', 'eur_exch_rate': '34.22'}
DEBUG: Crawled (200) <GET https://auto.ria.com/uk/auto_scania_p_28871945.html> (referer: https://auto.ria.com/uk/search/?indexName=auto&categories.main.id=6&brand.id[0]=203&page=4)
DEBUG: Crawled (200) <GET https://auto.ria.com/uk/auto_scania_g_24438670.html> (referer: https://auto.ria.com/uk/search/?indexName=auto&categories.main.id=6&brand.id[0]=203&page=4)
DEBUG: Scraped from <200 https://auto.ria.com/uk/auto_scania_r_420_27580797.html>
{'auto_id': '27580797', 'product_link': 'https://auto.ria.com/uk/auto_scania_r_420_27580797.html', 'product_name': 'Scania R 420 R420 2012', 'brand': 'Scania', 'model': 'R 420', 'production_date': 2012, 'milenage': 100000, 'body_type': 'Тягач', 'color': 'Білий', 'gearbox_type': 'Автомат', 'price_currency': 'USD', 'price': '23500', 'description': 'Новий акб, нові шини, нове пгу, Нове сципленіє , Гарний стан авто ', 'usd_exch_rate': '28.25', 'eur_exch_rate': '34.22'}
DEBUG: Scraped from <200 https://auto.ria.com/uk/auto_scania_r_420_21046992.html>
{'auto_id': '21046992', 'product_link': 'https://auto.ria.com/uk/auto_scania_r_420_21046992.html', 'product_name': 'Scania R 420 2004', 'brand': 'Scania', 'model': 'R 420', 'production_date': 2004, 'milenage': 600000, 'body_type': 'Тягач', 'color': 'Чорний', 'gearbox_type': 'Ручна / Механіка', 'price_currency': 'USD', 'price': '7900', 'description': 'Тягач у відмінному стані не потребує ніяких капіталовкладеннь \xa0По автопрацює все. Можна заципляти причіп і в роботу. Масла фільтра антифриз мінялись вчасно. В вересні замінено антифриз і масла в мосту і кпп в двигунові 1000 км назад', 'usd_exch_rate': '28.25', 'eur_exch_rate': '34.22'}
DEBUG: Crawled (200) <GET https://auto.ria.com/uk/auto_scania_r_114_27309146.html> (referer: https://auto.ria.com/uk/search/?indexName=auto&categories.main.id=6&brand.id[0]=203&page=4)
DEBUG: Scraped from <200 https://auto.ria.com/uk/auto_scania_r_420_26914434.html>
{'auto_id': '26914434', 'product_link': 'https://auto.ria.com/uk/auto_scania_r_420_26914434.html', 'product_name': 'Scania R 420 2008', 'brand': 'Scania', 'model': 'R 420', 'production_date': 2008, 'milenage': 999000, 'body_type': 'Тягач', 'color': 'Синій', 'gearbox_type': 'Автомат', 'price_currency': 'EUR', 'price': '14300', 'description': 'Авто у рейсовому стані , переважно з пробігом по Європі Пробіг\t1065000 Потужність двигуна к.с.\t420 КПП\tАвтомат Кількість паливних баків\t2 Екостандарт\tЄвро5 Кількість осей\t3 Підвіска\tПневмо/Пневмо/Пневмо Колісна формула\t6*2 поворотний лінивець   ', 'usd_exch_rate': '28.25', 'eur_exch_rate': '34.22'}
DEBUG: Crawled (200) <GET https://auto.ria.com/uk/auto_scania_r_490_28853827.html> (referer: https://auto.ria.com/uk/search/?indexName=auto&categories.main.id=6&brand.id[0]=203&page=4)
DEBUG: Crawled (200) <GET https://auto.ria.com/uk/auto_scania_g_28631319.html> (referer: https://auto.ria.com/uk/search/?indexName=auto&categories.main.id=6&brand.id[0]=203&page=4)
DEBUG: Scraped from <200 https://auto.ria.com/uk/auto_scania_p_28871945.html>
{'auto_id': '28871945', 'product_link': 'https://auto.ria.com/uk/auto_scania_p_28871945.html', 'product_name': 'Scania P 2001', 'brand': 'Scania', 'model': 'P', 'production_date': 2001, 'milenage': 100000, 'body_type': 'Рефрижератор', 'color': 'Зелений', 'gearbox_type': '', 'price_currency': 'USD', 'price': '23000', 'description': 'Продам термобудку Шміц в дуже хорошому стані  Внутрішні розміри 8.6х2.47х2.4', 'usd_exch_rate': '28.25', 'eur_exch_rate': '34.22'}
DEBUG: Crawled (200) <GET https://auto.ria.com/uk/auto_scania_g_28625010.html> (referer: https://auto.ria.com/uk/search/?indexName=auto&categories.main.id=6&brand.id[0]=203&page=4)
DEBUG: Scraped from <200 https://auto.ria.com/uk/auto_scania_g_24438670.html>
{'auto_id': '24438670', 'product_link': 'https://auto.ria.com/uk/auto_scania_g_24438670.html', 'product_name': 'Scania G 420 2011', 'brand': 'Scania', 'model': 'G', 'production_date': 2011, 'milenage': 930000, 'body_type': 'Тягач', 'color': 'Зелений', 'gearbox_type': 'Ручна / Механіка', 'price_currency': 'EUR', 'price': '18500', 'description': 'Продам автомобиль,СКАНИЯ состояние СУПЕР, вся ворегинале,всьо работает.Коробка передеч МЕХАНИКА резина 70-тая.Все вопроси по телефону!', 'usd_exch_rate': '28.25', 'eur_exch_rate': '34.22'}
DEBUG: Scraped from <200 https://auto.ria.com/uk/auto_scania_r_114_27309146.html>
{'auto_id': '27309146', 'product_link': 'https://auto.ria.com/uk/auto_scania_r_114_27309146.html', 'product_name': 'Scania R 114 2000', 'brand': 'Scania', 'model': 'R 114', 'production_date': 2000, 'milenage': 8000000, 'body_type': 'Контейнеровоз', 'color': 'Червоний', 'gearbox_type': 'Ручна / Механіка', 'price_currency': 'USD', 'price': '25000', 'description': 'Авто в частном пользовании, эксплуатировалось хозяином, резина и аккумуляторы установлены новые, прицеп 2009 года выпуска. На дополнительные вопросы отвечу по телефону.', 'usd_exch_rate': '28.25', 'eur_exch_rate': '34.22'}
DEBUG: Scraped from <200 https://auto.ria.com/uk/auto_scania_r_490_28853827.html>
{'auto_id': '28853827', 'product_link': 'https://auto.ria.com/uk/auto_scania_r_490_28853827.html', 'product_name': 'Scania R 490 R490 EVRO6 2014', 'brand': 'Scania', 'model': 'R 490', 'production_date': 2014, 'milenage': 776000, 'body_type': 'Тягач', 'color': 'Білий', 'gearbox_type': 'Автомат', 'price_currency': 'USD', 'price': '30300', 'description': 'Автомобіль Scania R490 EVRO6, 2014 року, свіжопригнаний із Франції,розмитнений, ремонту та вкладень не потребує, коробка автомат. Резина 60%.', 'usd_exch_rate': '28.25', 'eur_exch_rate': '34.22'}
DEBUG: Scraped from <200 https://auto.ria.com/uk/auto_scania_g_28631319.html>
{'auto_id': '28631319', 'product_link': 'https://auto.ria.com/uk/auto_scania_g_28631319.html', 'product_name': 'Scania G G420 HPI GIDRAVLIKA 2011', 'brand': 'Scania', 'model': 'G', 'production_date': 2011, 'milenage': 1200000, 'body_type': 'Тягач', 'color': 'Синій', 'gearbox_type': 'Автомат', 'price_currency': 'USD', 'price': '14200', 'description': 'Автомобіль в роботі, справний, з гідравлікою під самоскид, резина 60%, ппрша реєстрація в Украіні! Розпродається парк, в наявності десять автомобілів, дивіться інші об‘яви! На всі питання із задоволенням відповім по телефону з 9.00 до 19.00, подивитись можливо у будь-який день. Можлива будь-яка форма розрахунку Усім гарних покупок!', 'usd_exch_rate': '28.25', 'eur_exch_rate': '34.22'}
DEBUG: Crawled (200) <GET https://auto.ria.com/uk/search/?indexName=auto&categories.main.id=6&brand.id[0]=203&page=5> (referer: https://auto.ria.com/uk/search/?indexName=auto&categories.main.id=6&brand.id[0]=203&page=4)
DEBUG: Scraped from <200 https://auto.ria.com/uk/auto_scania_g_28625010.html>
{'auto_id': '28625010', 'product_link': 'https://auto.ria.com/uk/auto_scania_g_28625010.html', 'product_name': 'Scania G G 420 EURO 5 2012', 'brand': 'Scania', 'model': 'G', 'production_date': 2012, 'milenage': 860000, 'body_type': 'Тягач', 'color': 'Червоний', 'gearbox_type': 'Ручна / Механіка', 'price_currency': 'USD', 'price': '18700', 'description': 'Только пригнана , тягач SCANIA G 420 EURO 5, 2012 год, машина обслуживалась на официальном сервисе Scania, оостаток резины 50%, ретардер , холодильник, кондиционер, машина в хорошем состоянии ! ', 'usd_exch_rate': '28.25', 'eur_exch_rate': '34.22'}
DEBUG: Crawled (200) <GET https://auto.ria.com/uk/auto_scania_p_28912261.html> (referer: https://auto.ria.com/uk/search/?indexName=auto&categories.main.id=6&brand.id[0]=203&page=5)
DEBUG: Crawled (200) <GET https://auto.ria.com/uk/auto_scania_r_124_26036143.html> (referer: https://auto.ria.com/uk/search/?indexName=auto&categories.main.id=6&brand.id[0]=203&page=5)
DEBUG: Crawled (200) <GET https://auto.ria.com/uk/auto_scania_r_380_28909355.html> (referer: https://auto.ria.com/uk/search/?indexName=auto&categories.main.id=6&brand.id[0]=203&page=5)
DEBUG: Crawled (200) <GET https://auto.ria.com/uk/auto_scania_r_450_28014787.html> (referer: https://auto.ria.com/uk/search/?indexName=auto&categories.main.id=6&brand.id[0]=203&page=5)
DEBUG: Crawled (200) <GET https://auto.ria.com/uk/auto_scania_r_114_28655355.html> (referer: https://auto.ria.com/uk/search/?indexName=auto&categories.main.id=6&brand.id[0]=203&page=5)
DEBUG: Crawled (200) <GET https://auto.ria.com/uk/auto_scania_r_480_26903571.html> (referer: https://auto.ria.com/uk/search/?indexName=auto&categories.main.id=6&brand.id[0]=203&page=5)
DEBUG: Crawled (200) <GET https://auto.ria.com/uk/auto_scania_r_420_27670812.html> (referer: https://auto.ria.com/uk/search/?indexName=auto&categories.main.id=6&brand.id[0]=203&page=5)
DEBUG: Scraped from <200 https://auto.ria.com/uk/auto_scania_p_28912261.html>
{'auto_id': '28912261', 'product_link': 'https://auto.ria.com/uk/auto_scania_p_28912261.html', 'product_name': 'Scania P 2008', 'brand': 'Scania', 'model': 'P', 'production_date': 2008, 'milenage': 83000, 'body_type': 'Сміттєвоз', 'color': 'Білий', 'gearbox_type': 'Автомат', 'price_currency': 'USD', 'price': '29990', 'description': 'Продається авто в ідеальному стані з малим пробігом, все працює, камера заднього виду, вага під установкою, поворотна задня вісь, спереду та заду на подушках, маневрена. В Україні автомобіль не використовувався.', 'usd_exch_rate': '28.25', 'eur_exch_rate': '34.22'}
DEBUG: Crawled (200) <GET https://auto.ria.com/uk/auto_scania_r_420_25164545.html> (referer: https://auto.ria.com/uk/search/?indexName=auto&categories.main.id=6&brand.id[0]=203&page=5)
DEBUG: Crawled (200) <GET https://auto.ria.com/uk/search/?indexName=auto&categories.main.id=6&brand.id[0]=203&page=6> (referer: https://auto.ria.com/uk/search/?indexName=auto&categories.main.id=6&brand.id[0]=203&page=5)
DEBUG: Scraped from <200 https://auto.ria.com/uk/auto_scania_r_124_26036143.html>
{'auto_id': '26036143', 'product_link': 'https://auto.ria.com/uk/auto_scania_r_124_26036143.html', 'product_name': 'Scania R 124 2004', 'brand': 'Scania', 'model': 'R 124', 'production_date': 2004, 'milenage': 1179000, 'body_type': 'Тягач', 'color': 'Білий', 'gearbox_type': 'Типтронік', 'price_currency': 'USD', 'price': '9500', 'description': 'Автомобіль доглянутий, капіталовкладень не потребує. Використовується в міжнародному напрямку.', 'usd_exch_rate': '28.25', 'eur_exch_rate': '34.22'}
DEBUG: Crawled (200) <GET https://auto.ria.com/uk/auto_scania_r_420_26347706.html> (referer: https://auto.ria.com/uk/search/?indexName=auto&categories.main.id=6&brand.id[0]=203&page=5)
DEBUG: Scraped from <200 https://auto.ria.com/uk/auto_scania_r_380_28909355.html>
{'auto_id': '28909355', 'product_link': 'https://auto.ria.com/uk/auto_scania_r_380_28909355.html', 'product_name': 'Scania R 380 P380 2007', 'brand': 'Scania', 'model': 'R 380', 'production_date': 2007, 'milenage': 1050000, 'body_type': 'Рефрижератор', 'color': 'Червоний', 'gearbox_type': 'Робот', 'price_currency': 'USD', 'price': '29600', 'description': "Авто в рейсовому стані, працює все без нарікань. Коробка 12-ти ступеневий напівавтомат працює відмінно. Масла в коробці і мості замінені, заміна через 50т.км,в мотор ще залишок на 6т.км.Реф - 30+30,працює все без проблем, повністю автономний, масла фільтри і ремні замінені. Буда д7.2ш2.5в2.5,розміри в середині буди. Буда не розбита, взаді рамка і двері все в ідеалі. Гідроборт до 1.5т. працює без нарікань.Резина бридж 50-60% залишку. Паспорта вантажопідйомність 14т.Автономка і кондиціонер працюють без проблем. На авто замінені рульові тяги і амортизатори. Авто повний пневмохід. Задні дві осі комп'ютер показу нагрузку дуже зручно проходити ваги. Авто моє і за кермом їздив сам, перегрузів не бачила. Реальному покупцю реальний торг ", 'usd_exch_rate': '28.25', 'eur_exch_rate': '34.22'}
DEBUG: Scraped from <200 https://auto.ria.com/uk/auto_scania_r_450_28014787.html>
{'auto_id': '28014787', 'product_link': 'https://auto.ria.com/uk/auto_scania_r_450_28014787.html', 'product_name': 'Scania R 450 EURO6 2013', 'brand': 'Scania', 'model': 'R 450', 'production_date': 2013, 'milenage': 919000, 'body_type': 'Тягач', 'color': 'Синій', 'gearbox_type': 'Автомат', 'price_currency': 'USD', 'price': '28100', 'description': 'Тільки пригнаний, у відмінному стані. Євро 6. Ретардер. Холодильник. Стояночний кондиціонер. Повна сервісна історія на офіційному "Scania" - пробіг оригінал 100%! розмитнений. Можливий безготівковий розрахунок з ПДВ.  ID#30', 'usd_exch_rate': '28.25', 'eur_exch_rate': '34.22'}
DEBUG: Scraped from <200 https://auto.ria.com/uk/auto_scania_r_114_28655355.html>
{'auto_id': '28655355', 'product_link': 'https://auto.ria.com/uk/auto_scania_r_114_28655355.html', 'product_name': 'Scania R 114 2003', 'brand': 'Scania', 'model': 'R 114', 'production_date': 2003, 'milenage': 1000000, 'body_type': 'Тягач', 'color': 'Зелений', 'gearbox_type': 'Ручна / Механіка', 'price_currency': 'USD', 'price': '7500', 'description': 'Продам тягач Scania R114, год выпуска 2003  В рабочем исправном состоянии, после капитального ремонта  Возможна продажа с прицепом.', 'usd_exch_rate': '28.25', 'eur_exch_rate': '34.22'}
DEBUG: Scraped from <200 https://auto.ria.com/uk/auto_scania_r_480_26903571.html>
{'auto_id': '26903571', 'product_link': 'https://auto.ria.com/uk/auto_scania_r_480_26903571.html', 'product_name': 'Scania R 480 480 MEGA 3 oci E5 2010', 'brand': 'Scania', 'model': 'R 480', 'production_date': 2010, 'milenage': 840000, 'body_type': 'Тягач', 'color': 'Синій', 'gearbox_type': 'Автомат', 'price_currency': 'USD', 'price': '18150', 'description': 'Scania r 480  2010 Євро 5, Мега ход низький 3 ося ( 2 вісь 315.60 навантаження 8 тон!) підйомна, поворотна, розсувне сідло, ретардер, адаптивний круїз контроль, ЕЛЕКТРОННІ ваги!!!, КОРОТКА БАЗА!!!  МОЖЛИВИЙ ТОРГ     $ детельна інформація по телефоні МОЖЛИВИЙ ТОРГ', 'usd_exch_rate': '28.25', 'eur_exch_rate': '34.22'}
DEBUG: Crawled (200) <GET https://auto.ria.com/uk/auto_scania_r_420_28913997.html> (referer: https://auto.ria.com/uk/search/?indexName=auto&categories.main.id=6&brand.id[0]=203&page=5)
DEBUG: Scraped from <200 https://auto.ria.com/uk/auto_scania_r_420_27670812.html>
{'auto_id': '27670812', 'product_link': 'https://auto.ria.com/uk/auto_scania_r_420_27670812.html', 'product_name': 'Scania R 420 2006', 'brand': 'Scania', 'model': 'R 420', 'production_date': 2006, 'milenage': 500000, 'body_type': 'Тягач', 'color': 'Синій', 'gearbox_type': 'Автомат', 'price_currency': 'USD', 'price': '22000', 'description': ' ', 'usd_exch_rate': '28.25', 'eur_exch_rate': '34.22'}
DEBUG: Scraped from <200 https://auto.ria.com/uk/auto_scania_r_420_25164545.html>
{'auto_id': '25164545', 'product_link': 'https://auto.ria.com/uk/auto_scania_r_420_25164545.html', 'product_name': 'Scania R 420 Mexanika Gigrawlika 2010', 'brand': 'Scania', 'model': 'R 420', 'production_date': 2010, 'milenage': 830000, 'body_type': 'Тягач', 'color': 'Синій', 'gearbox_type': 'Ручна / Механіка', 'price_currency': 'EUR', 'price': '15300', 'description': '2010 рік Механіка   Гідравліка  Стан як на фото!  Зроблена вся ходова!  Машина в ідеалі???????? Дзвоніть , відповімо на всі ваші запитання! Машинка ідеальна!', 'usd_exch_rate': '28.25', 'eur_exch_rate': '34.22'}
DEBUG: Scraped from <200 https://auto.ria.com/uk/auto_scania_r_420_26347706.html>
{'auto_id': '26347706', 'product_link': 'https://auto.ria.com/uk/auto_scania_r_420_26347706.html', 'product_name': 'Scania R 420 2008', 'brand': 'Scania', 'model': 'R 420', 'production_date': 2008, 'milenage': 993000, 'body_type': 'Тягач', 'color': 'Синій', 'gearbox_type': 'Ручна / Механіка', 'price_currency': 'USD', 'price': '15000', 'description': '', 'usd_exch_rate': '28.25', 'eur_exch_rate': '34.22'}
DEBUG: Scraped from <200 https://auto.ria.com/uk/auto_scania_r_420_28913997.html>
{'auto_id': '28913997', 'product_link': 'https://auto.ria.com/uk/auto_scania_r_420_28913997.html', 'product_name': 'Scania R 420 2005', 'brand': 'Scania', 'model': 'R 420', 'production_date': 2005, 'milenage': 135000, 'body_type': 'Контейнеровоз', 'color': 'Жовтий', 'gearbox_type': 'Ручна / Механіка', 'price_currency': 'USD', 'price': '32000', 'description': 'Автомобиль свой, в отличном состоянии .Вложений не требует!!!', 'usd_exch_rate': '28.25', 'eur_exch_rate': '34.22'}
DEBUG: Crawled (200) <GET https://auto.ria.com/uk/auto_scania_r_420_27569079.html> (referer: https://auto.ria.com/uk/search/?indexName=auto&categories.main.id=6&brand.id[0]=203&page=6)
DEBUG: Crawled (200) <GET https://auto.ria.com/uk/auto_scania_g_28538122.html> (referer: https://auto.ria.com/uk/search/?indexName=auto&categories.main.id=6&brand.id[0]=203&page=6)
DEBUG: Crawled (200) <GET https://auto.ria.com/uk/auto_scania_124_28656062.html> (referer: https://auto.ria.com/uk/search/?indexName=auto&categories.main.id=6&brand.id[0]=203&page=6)
DEBUG: Crawled (200) <GET https://auto.ria.com/uk/auto_scania_r_440_28671089.html> (referer: https://auto.ria.com/uk/search/?indexName=auto&categories.main.id=6&brand.id[0]=203&page=6)
DEBUG: Scraped from <200 https://auto.ria.com/uk/auto_scania_r_420_27569079.html>
{'auto_id': '27569079', 'product_link': 'https://auto.ria.com/uk/auto_scania_r_420_27569079.html', 'product_name': 'Scania R 420 HPI TopLine 2007', 'brand': 'Scania', 'model': 'R 420', 'production_date': 2007, 'milenage': 1300000, 'body_type': 'Тягач', 'color': 'Червоний', 'gearbox_type': 'Ручна / Механіка', 'price_currency': 'USD', 'price': '13500', 'description': 'Механічна КПП! Хороший стан, холодильник, замінено масло, нове зчеплення, , нові задні амортизатори, задні сайленблоки. Вся ходова зроблена. Аналоговий тахограф! Тягач ходив з рефом на Європу.', 'usd_exch_rate': '28.25', 'eur_exch_rate': '34.22'}
DEBUG: Scraped from <200 https://auto.ria.com/uk/auto_scania_g_28538122.html>
{'auto_id': '28538122', 'product_link': 'https://auto.ria.com/uk/auto_scania_g_28538122.html', 'product_name': 'Scania G MEGA G440 2010', 'brand': 'Scania', 'model': 'G', 'production_date': 2010, 'milenage': 800000, 'body_type': 'Тягач', 'color': 'Білий', 'gearbox_type': 'Автомат', 'price_currency': 'USD', 'price': '18800', 'description': 'Scania G440 MEGA. Авто куплено в Нидерландах в отличном состоянии. Эксплуатировалось по европе. 100% все исправно. Есть 5 тягачей с полуприцепами. Звоните информацию расскажу. ', 'usd_exch_rate': '28.25', 'eur_exch_rate': '34.22'}
DEBUG: Crawled (200) <GET https://auto.ria.com/uk/auto_scania_r_380_26795693.html> (referer: https://auto.ria.com/uk/search/?indexName=auto&categories.main.id=6&brand.id[0]=203&page=6)
DEBUG: Crawled (200) <GET https://auto.ria.com/uk/auto_scania_r_420_28221132.html> (referer: https://auto.ria.com/uk/search/?indexName=auto&categories.main.id=6&brand.id[0]=203&page=6)
DEBUG: Crawled (200) <GET https://auto.ria.com/uk/auto_scania_p_27183324.html> (referer: https://auto.ria.com/uk/search/?indexName=auto&categories.main.id=6&brand.id[0]=203&page=6)
DEBUG: Scraped from <200 https://auto.ria.com/uk/auto_scania_124_28656062.html>
{'auto_id': '28656062', 'product_link': 'https://auto.ria.com/uk/auto_scania_124_28656062.html', 'product_name': 'Scania 124 G124   400 1999', 'brand': 'Scania', 'model': '124', 'production_date': 1999, 'milenage': 850000, 'body_type': 'Тягач', 'color': 'Білий', 'gearbox_type': 'Ручна / Механіка', 'price_currency': 'EUR', 'price': '7000', 'description': '400 к.с. 6-мкпп гідроустановка', 'usd_exch_rate': '28.25', 'eur_exch_rate': '34.22'}
DEBUG: Scraped from <200 https://auto.ria.com/uk/auto_scania_r_440_28671089.html>
{'auto_id': '28671089', 'product_link': 'https://auto.ria.com/uk/auto_scania_r_440_28671089.html', 'product_name': 'Scania R 440 PDE 2013', 'brand': 'Scania', 'model': 'R 440', 'production_date': 2013, 'milenage': 950000, 'body_type': 'Тягач', 'color': '', 'gearbox_type': 'Автомат', 'price_currency': 'EUR', 'price': '22500', 'description': 'Только пригнан растаможен PDE с адблю', 'usd_exch_rate': '28.25', 'eur_exch_rate': '34.22'}
DEBUG: Crawled (200) <GET https://auto.ria.com/uk/auto_scania_124_26045390.html> (referer: https://auto.ria.com/uk/search/?indexName=auto&categories.main.id=6&brand.id[0]=203&page=6)
DEBUG: Scraped from <200 https://auto.ria.com/uk/auto_scania_r_380_26795693.html>
{'auto_id': '26795693', 'product_link': 'https://auto.ria.com/uk/auto_scania_r_380_26795693.html', 'product_name': 'Scania R 380 hydravlika 2007', 'brand': 'Scania', 'model': 'R 380', 'production_date': 2007, 'milenage': 940000, 'body_type': 'Тягач', 'color': 'Білий', 'gearbox_type': 'Робот', 'price_currency': 'USD', 'price': '13500', 'description': 'Є5 адблю ,hpi, гідравліка працює два баки 700 і 300, педня резино нова ( бомба) кпп працює плавно всі розхідники поміняні масло поміняне  також є причеп когель 2007саф,інтракс,повна штора рамаціла не варена не фарбована,комплектром вісімнадцять  ', 'usd_exch_rate': '28.25', 'eur_exch_rate': '34.22'}
DEBUG: Scraped from <200 https://auto.ria.com/uk/auto_scania_r_420_28221132.html>
{'auto_id': '28221132', 'product_link': 'https://auto.ria.com/uk/auto_scania_r_420_28221132.html', 'product_name': 'Scania R 420 R420 EEV 2010', 'brand': 'Scania', 'model': 'R 420', 'production_date': 2010, 'milenage': 1000000, 'body_type': 'Тягач', 'color': '', 'gearbox_type': 'Типтронік', 'price_currency': 'USD', 'price': '25000', 'description': 'Только пригнан цена за комплект прицеп SCHMITZ 2008 VARIOS', 'usd_exch_rate': '28.25', 'eur_exch_rate': '34.22'}
DEBUG: Scraped from <200 https://auto.ria.com/uk/auto_scania_p_27183324.html>
{'auto_id': '27183324', 'product_link': 'https://auto.ria.com/uk/auto_scania_p_27183324.html', 'product_name': 'Scania P P400 2016', 'brand': 'Scania', 'model': 'P', 'production_date': 2016, 'milenage': 190000, 'body_type': 'Самоскид', 'color': '', 'gearbox_type': 'Типтронік', 'price_currency': 'USD', 'price': '86000', 'description': 'Только пригнан растаможен находится в городе черновцы ', 'usd_exch_rate': '28.25', 'eur_exch_rate': '34.22'}
DEBUG: Scraped from <200 https://auto.ria.com/uk/auto_scania_124_26045390.html>
{'auto_id': '26045390', 'product_link': 'https://auto.ria.com/uk/auto_scania_124_26045390.html', 'product_name': 'Scania 124 Scania p124 1998', 'brand': 'Scania', 'model': '124', 'production_date': 1998, 'milenage': 1000000, 'body_type': 'Бортовий', 'color': 'Синій', 'gearbox_type': 'Ручна / Механіка', 'price_currency': 'USD', 'price': '12200', 'description': 'Автомобиль на полном боевом ходу.Резина вся новая.Двигатель и коробка в отличном состоянии.Автомобиль эксплуатировался бережно.Также продаеться прицеп KOGEL z18 1994г.в.в хорошем состоянии.Ничего делать не нужно. возможно обмен .', 'usd_exch_rate': '28.25', 'eur_exch_rate': '34.22'}
DEBUG: Crawled (200) <GET https://auto.ria.com/uk/auto_scania_114_28623996.html> (referer: https://auto.ria.com/uk/search/?indexName=auto&categories.main.id=6&brand.id[0]=203&page=6)
DEBUG: Crawled (200) <GET https://auto.ria.com/uk/auto_scania_144_28653349.html> (referer: https://auto.ria.com/uk/search/?indexName=auto&categories.main.id=6&brand.id[0]=203&page=6)
DEBUG: Scraped from <200 https://auto.ria.com/uk/auto_scania_114_28623996.html>
{'auto_id': '28623996', 'product_link': 'https://auto.ria.com/uk/auto_scania_114_28623996.html', 'product_name': 'Scania 114 2001', 'brand': 'Scania', 'model': '114', 'production_date': 2001, 'milenage': 999000, 'body_type': 'Тягач', 'color': 'Білий', 'gearbox_type': 'Ручна / Механіка', 'price_currency': 'USD', 'price': '6000', 'description': 'Авто в гарному стані з гідравлікой 7000$  акумуляторам6 місяців всі питання по телефону', 'usd_exch_rate': '28.25', 'eur_exch_rate': '34.22'}
DEBUG: Scraped from <200 https://auto.ria.com/uk/auto_scania_144_28653349.html>
{'auto_id': '28653349', 'product_link': 'https://auto.ria.com/uk/auto_scania_144_28653349.html', 'product_name': 'Scania 144 2002', 'brand': 'Scania', 'model': '144', 'production_date': 2002, 'milenage': 528000, 'body_type': 'Тягач', 'color': '', 'gearbox_type': '', 'price_currency': 'USD', 'price': '6500', 'description': '', 'usd_exch_rate': '28.25', 'eur_exch_rate': '34.22'}
DEBUG: Crawled (200) <GET https://auto.ria.com/uk/search/?indexName=auto&categories.main.id=6&brand.id[0]=203&page=7> (referer: https://auto.ria.com/uk/search/?indexName=auto&categories.main.id=6&brand.id[0]=203&page=6)
DEBUG: Crawled (200) <GET https://auto.ria.com/uk/auto_scania_g_26690845.html> (referer: https://auto.ria.com/uk/search/?indexName=auto&categories.main.id=6&brand.id[0]=203&page=7)
DEBUG: Crawled (200) <GET https://auto.ria.com/uk/auto_scania_g_28372289.html> (referer: https://auto.ria.com/uk/search/?indexName=auto&categories.main.id=6&brand.id[0]=203&page=7)
DEBUG: Crawled (200) <GET https://auto.ria.com/uk/auto_scania_g_27178008.html> (referer: https://auto.ria.com/uk/search/?indexName=auto&categories.main.id=6&brand.id[0]=203&page=7)
DEBUG: Crawled (200) <GET https://auto.ria.com/uk/auto_scania_r_124_28659703.html> (referer: https://auto.ria.com/uk/search/?indexName=auto&categories.main.id=6&brand.id[0]=203&page=7)
DEBUG: Crawled (200) <GET https://auto.ria.com/uk/auto_scania_114_28417071.html> (referer: https://auto.ria.com/uk/search/?indexName=auto&categories.main.id=6&brand.id[0]=203&page=7)
DEBUG: Scraped from <200 https://auto.ria.com/uk/auto_scania_g_26690845.html>
{'auto_id': '26690845', 'product_link': 'https://auto.ria.com/uk/auto_scania_g_26690845.html', 'product_name': 'Scania G 2009', 'brand': 'Scania', 'model': 'G', 'production_date': 2009, 'milenage': 720000, 'body_type': 'Тягач', 'color': '', 'gearbox_type': '', 'price_currency': 'USD', 'price': '12500', 'description': 'Полуприцеп KRONE контэйнеровоз  2Х20 f  40f.  Хайкю 2003 г  7200 $                       Контэйнер 40 f  цельный , под зерно. 2500$ ', 'usd_exch_rate': '28.25', 'eur_exch_rate': '34.22'}
DEBUG: Crawled (200) <GET https://auto.ria.com/uk/auto_scania_r_400_28659591.html> (referer: https://auto.ria.com/uk/search/?indexName=auto&categories.main.id=6&brand.id[0]=203&page=7)
DEBUG: Crawled (200) <GET https://auto.ria.com/uk/auto_scania_r_420_28404096.html> (referer: https://auto.ria.com/uk/search/?indexName=auto&categories.main.id=6&brand.id[0]=203&page=7)
DEBUG: Scraped from <200 https://auto.ria.com/uk/auto_scania_g_28372289.html>
{'auto_id': '28372289', 'product_link': 'https://auto.ria.com/uk/auto_scania_g_28372289.html', 'product_name': 'Scania G Ev5 2010', 'brand': 'Scania', 'model': 'G', 'production_date': 2010, 'milenage': 846000, 'body_type': 'Контейнеровоз', 'color': 'Синій', 'gearbox_type': 'Ручна / Механіка', 'price_currency': 'USD', 'price': '26800', 'description': 'Стан робочий, нова гума, кондиціонер працює, все інше по тел. ', 'usd_exch_rate': '28.25', 'eur_exch_rate': '34.22'}
DEBUG: Scraped from <200 https://auto.ria.com/uk/auto_scania_g_27178008.html>
{'auto_id': '27178008', 'product_link': 'https://auto.ria.com/uk/auto_scania_g_27178008.html', 'product_name': 'Scania G G 440 A4x2NA 2020', 'brand': 'Scania', 'model': 'G', 'production_date': 2020, 'milenage': 2000, 'body_type': 'Тягач', 'color': 'Білий', 'gearbox_type': 'Автомат', 'price_currency': 'EUR', 'price': '82500', 'description': 'Продажа официального дилера в Полтавской обл. Наличие официального СТО. Автомобиль предназначен для региональных перевозок. ', 'usd_exch_rate': '28.25', 'eur_exch_rate': '34.22'}
DEBUG: Scraped from <200 https://auto.ria.com/uk/auto_scania_r_124_28659703.html>
{'auto_id': '28659703', 'product_link': 'https://auto.ria.com/uk/auto_scania_r_124_28659703.html', 'product_name': 'Scania R 124 2001', 'brand': 'Scania', 'model': 'R 124', 'production_date': 2001, 'milenage': 1270000, 'body_type': 'Тентований', 'color': 'Синій', 'gearbox_type': 'Типтронік', 'price_currency': 'USD', 'price': '16000', 'description': 'Авто в доброму робочому стані.Добра гума  свіжо куплені АКБ. Топ лайн кабіна з двома спальними місцями позаду та над головою. Продаю тому що немає роботи під це авто. Потрібно менше авто.Реально зацікавленій людині буде хороший торг біля авто.', 'usd_exch_rate': '28.25', 'eur_exch_rate': '34.22'}
DEBUG: Crawled (200) <GET https://auto.ria.com/uk/search/?indexName=auto&categories.main.id=6&brand.id[0]=203&page=8> (referer: https://auto.ria.com/uk/search/?indexName=auto&categories.main.id=6&brand.id[0]=203&page=7)
DEBUG: Scraped from <200 https://auto.ria.com/uk/auto_scania_114_28417071.html>
{'auto_id': '28417071', 'product_link': 'https://auto.ria.com/uk/auto_scania_114_28417071.html', 'product_name': 'Scania 114 2001', 'brand': 'Scania', 'model': '114', 'production_date': 2001, 'milenage': 100000, 'body_type': 'Тягач', 'color': '', 'gearbox_type': '', 'price_currency': 'USD', 'price': '5500', 'description': 'В хорошем состояние,резина 80%!э3', 'usd_exch_rate': '28.25', 'eur_exch_rate': '34.22'}
DEBUG: Crawled (200) <GET https://auto.ria.com/uk/auto_scania_r_420_28292588.html> (referer: https://auto.ria.com/uk/search/?indexName=auto&categories.main.id=6&brand.id[0]=203&page=7)
DEBUG: Scraped from <200 https://auto.ria.com/uk/auto_scania_r_400_28659591.html>
{'auto_id': '28659591', 'product_link': 'https://auto.ria.com/uk/auto_scania_r_400_28659591.html', 'product_name': 'Scania R 400 2009', 'brand': 'Scania', 'model': 'R 400', 'production_date': 2009, 'milenage': 980000, 'body_type': 'Зерновоз', 'color': '', 'gearbox_type': 'Ручна / Механіка', 'price_currency': 'USD', 'price': '35800', 'description': 'Резина 70-80%. Об’єм 70м3. Повність на ходу.', 'usd_exch_rate': '28.25', 'eur_exch_rate': '34.22'}
DEBUG: Scraped from <200 https://auto.ria.com/uk/auto_scania_r_420_28404096.html>
{'auto_id': '28404096', 'product_link': 'https://auto.ria.com/uk/auto_scania_r_420_28404096.html', 'product_name': 'Scania R 420 France SUPER STAH 2011', 'brand': 'Scania', 'model': 'R 420', 'production_date': 2011, 'milenage': 999000, 'body_type': 'Тягач', 'color': 'Білий', 'gearbox_type': 'Ручна / Механіка', 'price_currency': 'USD', 'price': '18200', 'description': 'Свіжо пригнана, пройдено сертифікат, розмитнений повністю, чудовий технічний стан і рейсовий стан ', 'usd_exch_rate': '28.25', 'eur_exch_rate': '34.22'}
DEBUG: Crawled (200) <GET https://auto.ria.com/uk/auto_scania_r_340_27804164.html> (referer: https://auto.ria.com/uk/search/?indexName=auto&categories.main.id=6&brand.id[0]=203&page=7)
DEBUG: Scraped from <200 https://auto.ria.com/uk/auto_scania_r_420_28292588.html>
{'auto_id': '28292588', 'product_link': 'https://auto.ria.com/uk/auto_scania_r_420_28292588.html', 'product_name': 'Scania R 420 2004', 'brand': 'Scania', 'model': 'R 420', 'production_date': 2004, 'milenage': 100000, 'body_type': 'Контейнеровоз', 'color': 'Жовтий', 'gearbox_type': '', 'price_currency': 'USD', 'price': '24000', 'description': 'Капиталка двигателя скания центр, новое сцепление ', 'usd_exch_rate': '28.25', 'eur_exch_rate': '34.22'}
DEBUG: Scraped from <200 https://auto.ria.com/uk/auto_scania_r_340_27804164.html>
{'auto_id': '27804164', 'product_link': 'https://auto.ria.com/uk/auto_scania_r_340_27804164.html', 'product_name': 'Scania R 340 2007', 'brand': 'Scania', 'model': 'R 340', 'production_date': 2007, 'milenage': 1400000, 'body_type': 'Рефрижератор', 'color': 'Білий', 'gearbox_type': 'Типтронік', 'price_currency': 'USD', 'price': '22000', 'description': 'Рефрижератор Thermo King TS-500e. Грузоподъемность 10 т. В хорошем состоянии. Второй хозяин', 'usd_exch_rate': '28.25', 'eur_exch_rate': '34.22'}
DEBUG: Crawled (200) <GET https://auto.ria.com/uk/auto_scania_113_26161070.html> (referer: https://auto.ria.com/uk/search/?indexName=auto&categories.main.id=6&brand.id[0]=203&page=8)
DEBUG: Crawled (200) <GET https://auto.ria.com/uk/auto_scania_r_420_28104234.html> (referer: https://auto.ria.com/uk/search/?indexName=auto&categories.main.id=6&brand.id[0]=203&page=8)
DEBUG: Crawled (200) <GET https://auto.ria.com/uk/auto_scania_r_440_28656053.html> (referer: https://auto.ria.com/uk/search/?indexName=auto&categories.main.id=6&brand.id[0]=203&page=8)
DEBUG: Crawled (200) <GET https://auto.ria.com/uk/auto_scania_124_28878408.html> (referer: https://auto.ria.com/uk/search/?indexName=auto&categories.main.id=6&brand.id[0]=203&page=8)
DEBUG: Scraped from <200 https://auto.ria.com/uk/auto_scania_113_26161070.html>
{'auto_id': '26161070', 'product_link': 'https://auto.ria.com/uk/auto_scania_113_26161070.html', 'product_name': 'Scania 113 P 1995', 'brand': 'Scania', 'model': '113', 'production_date': 1995, 'milenage': 111000, 'body_type': 'Тягач', 'color': '', 'gearbox_type': 'Ручна / Механіка', 'price_currency': 'USD', 'price': '3800', 'description': 'Рейсовое состояние', 'usd_exch_rate': '28.25', 'eur_exch_rate': '34.22'}
DEBUG: Crawled (200) <GET https://auto.ria.com/uk/auto_scania_r_360_28885388.html> (referer: https://auto.ria.com/uk/search/?indexName=auto&categories.main.id=6&brand.id[0]=203&page=8)
DEBUG: Crawled (200) <GET https://auto.ria.com/uk/auto_scania_g_26495226.html> (referer: https://auto.ria.com/uk/search/?indexName=auto&categories.main.id=6&brand.id[0]=203&page=8)
DEBUG: Crawled (200) <GET https://auto.ria.com/uk/auto_scania_r_420_25977355.html> (referer: https://auto.ria.com/uk/search/?indexName=auto&categories.main.id=6&brand.id[0]=203&page=8)
DEBUG: Scraped from <200 https://auto.ria.com/uk/auto_scania_r_420_28104234.html>
{'auto_id': '28104234', 'product_link': 'https://auto.ria.com/uk/auto_scania_r_420_28104234.html', 'product_name': 'Scania R 420 2012', 'brand': 'Scania', 'model': 'R 420', 'production_date': 2012, 'milenage': 830000, 'body_type': 'Тягач', 'color': 'Білий', 'gearbox_type': 'Автомат', 'price_currency': 'EUR', 'price': '18400', 'description': 'Автомобіль у рейсовому стані, повністю обслужений. Перший власник', 'usd_exch_rate': '28.25', 'eur_exch_rate': '34.22'}
DEBUG: Scraped from <200 https://auto.ria.com/uk/auto_scania_r_440_28656053.html>
{'auto_id': '28656053', 'product_link': 'https://auto.ria.com/uk/auto_scania_r_440_28656053.html', 'product_name': 'Scania R 440 2008', 'brand': 'Scania', 'model': 'R 440', 'production_date': 2008, 'milenage': 774000, 'body_type': 'Тягач', 'color': 'Білий', 'gearbox_type': 'Ручна / Механіка', 'price_currency': 'EUR', 'price': '26300', 'description': 'Механика. Гидравлика. Пневмоподвеска. Ретардер. Центральный замок. Бортовой компьютер. Климат контроль. Кондиционер. Круиз контроль.Тахограф', 'usd_exch_rate': '28.25', 'eur_exch_rate': '34.22'}
DEBUG: Scraped from <200 https://auto.ria.com/uk/auto_scania_124_28878408.html>
{'auto_id': '28878408', 'product_link': 'https://auto.ria.com/uk/auto_scania_124_28878408.html', 'product_name': 'Scania 124 1998', 'brand': 'Scania', 'model': '124', 'production_date': 1998, 'milenage': 1400000, 'body_type': 'Тягач', 'color': 'Білий', 'gearbox_type': '', 'price_currency': 'USD', 'price': '20000', 'description': 'Від власника, нова резина ТНВД тільки після ремонту, в дуже хорошому стані, причіп 48 кубів ося BPW подвійна напівресора, причіп можна окремо, реальний торг.', 'usd_exch_rate': '28.25', 'eur_exch_rate': '34.22'}
DEBUG: Scraped from <200 https://auto.ria.com/uk/auto_scania_r_360_28885388.html>
{'auto_id': '28885388', 'product_link': 'https://auto.ria.com/uk/auto_scania_r_360_28885388.html', 'product_name': 'Scania R 360 2000', 'brand': 'Scania', 'model': 'R 360', 'production_date': 2000, 'milenage': 100000, 'body_type': 'Тягач', 'color': 'Сірий', 'gearbox_type': '', 'price_currency': 'USD', 'price': '9000', 'description': 'Авто полностью в рабочем состоянии. Работает каждый день в городе Днепр.  Продаётся с прицепом изотерм', 'usd_exch_rate': '28.25', 'eur_exch_rate': '34.22'}
DEBUG: Scraped from <200 https://auto.ria.com/uk/auto_scania_g_26495226.html>
{'auto_id': '26495226', 'product_link': 'https://auto.ria.com/uk/auto_scania_g_26495226.html', 'product_name': 'Scania G 400 2016', 'brand': 'Scania', 'model': 'G', 'production_date': 2016, 'milenage': 112000, 'body_type': 'Самоскид', 'color': '', 'gearbox_type': 'Ручна / Механіка', 'price_currency': 'EUR', 'price': '75000', 'description': 'Отличное состояние, полностю обслужена, ходовая сделана. Ждет своего клиента', 'usd_exch_rate': '28.25', 'eur_exch_rate': '34.22'}
DEBUG: Scraped from <200 https://auto.ria.com/uk/auto_scania_r_420_25977355.html>
{'auto_id': '25977355', 'product_link': 'https://auto.ria.com/uk/auto_scania_r_420_25977355.html', 'product_name': 'Scania R 420 2010', 'brand': 'Scania', 'model': 'R 420', 'production_date': 2010, 'milenage': 1520000, 'body_type': 'Тягач', 'color': '', 'gearbox_type': 'Типтронік', 'price_currency': 'USD', 'price': '15000', 'description': 'На Україні 2роки Працює на Францію,Іспанію Можлива продажа з ПДВ Залишок коліс 50-80% Стояночний кондиціонер Клімат.висока кабіна Topline Холодильник Всі спойлера Продається з одним баком на 700літрів Adblue працює Без жодних помилок Ціна без торгу ', 'usd_exch_rate': '28.25', 'eur_exch_rate': '34.22'}
DEBUG: Crawled (200) <GET https://auto.ria.com/uk/auto_scania_r_500_26105153.html> (referer: https://auto.ria.com/uk/search/?indexName=auto&categories.main.id=6&brand.id[0]=203&page=8)
DEBUG: Crawled (200) <GET https://auto.ria.com/uk/auto_scania_124_28887169.html> (referer: https://auto.ria.com/uk/search/?indexName=auto&categories.main.id=6&brand.id[0]=203&page=8)
DEBUG: Scraped from <200 https://auto.ria.com/uk/auto_scania_r_500_26105153.html>
{'auto_id': '26105153', 'product_link': 'https://auto.ria.com/uk/auto_scania_r_500_26105153.html', 'product_name': 'Scania R 500 2008', 'brand': 'Scania', 'model': 'R 500', 'production_date': 2008, 'milenage': 1068000, 'body_type': 'Тягач', 'color': 'Синій', 'gearbox_type': 'Ручна / Механіка', 'price_currency': 'USD', 'price': '35100', 'description': 'Авто заехало в Украину в марте 2019 года, родной пробег, подтверждённый на Официальном СТО Scania. На авто установлена гидравлика, возможно переоборудование на самосвал и т.д. Машина в отличном техническом состоянии, не требует никаких капиталовложений. Остальные вопросы в индивидуальном порядке по телефону. ', 'usd_exch_rate': '28.25', 'eur_exch_rate': '34.22'}
DEBUG: Scraped from <200 https://auto.ria.com/uk/auto_scania_124_28887169.html>
{'auto_id': '28887169', 'product_link': 'https://auto.ria.com/uk/auto_scania_124_28887169.html', 'product_name': 'Scania 124 2001', 'brand': 'Scania', 'model': '124', 'production_date': 2001, 'milenage': 1500000, 'body_type': 'Тентований', 'color': 'Червоний', 'gearbox_type': '', 'price_currency': 'USD', 'price': '9900', 'description': 'в рабочем состоянии', 'usd_exch_rate': '28.25', 'eur_exch_rate': '34.22'}
DEBUG: Crawled (200) <GET https://auto.ria.com/uk/auto_scania_r_420_28885451.html> (referer: https://auto.ria.com/uk/search/?indexName=auto&categories.main.id=6&brand.id[0]=203&page=8)
DEBUG: Scraped from <200 https://auto.ria.com/uk/auto_scania_r_420_28885451.html>
{'auto_id': '28885451', 'product_link': 'https://auto.ria.com/uk/auto_scania_r_420_28885451.html', 'product_name': 'Scania R 420 2006', 'brand': 'Scania', 'model': 'R 420', 'production_date': 2006, 'milenage': 100000, 'body_type': 'Тентований', 'color': '', 'gearbox_type': '', 'price_currency': 'USD', 'price': '24000', 'description': '', 'usd_exch_rate': '28.25', 'eur_exch_rate': '34.22'}
DEBUG: Crawled (200) <GET https://auto.ria.com/uk/search/?indexName=auto&categories.main.id=6&brand.id[0]=203&page=9> (referer: https://auto.ria.com/uk/search/?indexName=auto&categories.main.id=6&brand.id[0]=203&page=8)
DEBUG: Crawled (200) <GET https://auto.ria.com/uk/auto_scania_r_420_27471725.html> (referer: https://auto.ria.com/uk/search/?indexName=auto&categories.main.id=6&brand.id[0]=203&page=9)
DEBUG: Crawled (200) <GET https://auto.ria.com/uk/auto_scania_r_450_28248109.html> (referer: https://auto.ria.com/uk/search/?indexName=auto&categories.main.id=6&brand.id[0]=203&page=9)
DEBUG: Scraped from <200 https://auto.ria.com/uk/auto_scania_r_420_27471725.html>
{'auto_id': '27471725', 'product_link': 'https://auto.ria.com/uk/auto_scania_r_420_27471725.html', 'product_name': 'Scania R 420 2010', 'brand': 'Scania', 'model': 'R 420', 'production_date': 2010, 'milenage': 960000, 'body_type': 'Самоскид', 'color': 'Білий', 'gearbox_type': '', 'price_currency': 'USD', 'price': '29500', 'description': "продається в зборі з прицепом на осях saf  об'єм 32m3 зроблене повне то, самосвал готовий до рейсу, ретардер працює в усіх положеннях ", 'usd_exch_rate': '28.25', 'eur_exch_rate': '34.22'}
DEBUG: Crawled (200) <GET https://auto.ria.com/uk/auto_scania_r_440_28404152.html> (referer: https://auto.ria.com/uk/search/?indexName=auto&categories.main.id=6&brand.id[0]=203&page=9)
DEBUG: Scraped from <200 https://auto.ria.com/uk/auto_scania_r_450_28248109.html>
{'auto_id': '28248109', 'product_link': 'https://auto.ria.com/uk/auto_scania_r_450_28248109.html', 'product_name': 'Scania R 450 450 2014', 'brand': 'Scania', 'model': 'R 450', 'production_date': 2014, 'milenage': 610000, 'body_type': 'Тягач', 'color': 'Синій', 'gearbox_type': 'Автомат', 'price_currency': 'EUR', 'price': '27555', 'description': 'свіжак.шини -60%.автономка.холодильник.стояночний кондиціонер', 'usd_exch_rate': '28.25', 'eur_exch_rate': '34.22'}
DEBUG: Crawled (200) <GET https://auto.ria.com/uk/auto_scania_g_28653284.html> (referer: https://auto.ria.com/uk/search/?indexName=auto&categories.main.id=6&brand.id[0]=203&page=9)
DEBUG: Scraped from <200 https://auto.ria.com/uk/auto_scania_r_440_28404152.html>
{'auto_id': '28404152', 'product_link': 'https://auto.ria.com/uk/auto_scania_r_440_28404152.html', 'product_name': 'Scania R 440 France SUPER STAH 2013', 'brand': 'Scania', 'model': 'R 440', 'production_date': 2013, 'milenage': 965000, 'body_type': 'Тягач', 'color': 'Білий', 'gearbox_type': 'Ручна / Механіка', 'price_currency': 'USD', 'price': '22200', 'description': 'Свіжо пригнаний, пройдено сертифікат, розмитнений повністю, чудовий технічний стан і рейсовий стан ', 'usd_exch_rate': '28.25', 'eur_exch_rate': '34.22'}
DEBUG: Scraped from <200 https://auto.ria.com/uk/auto_scania_g_28653284.html>
{'auto_id': '28653284', 'product_link': 'https://auto.ria.com/uk/auto_scania_g_28653284.html', 'product_name': 'Scania G 2010', 'brand': 'Scania', 'model': 'G', 'production_date': 2010, 'milenage': 999000, 'body_type': 'Тягач', 'color': 'Білий', 'gearbox_type': 'Автомат', 'price_currency': 'USD', 'price': '16800', 'description': 'Свеже пригнаная , Без пробега по Украине , без ПЕРЕГРУЗОВ возила лёгкие грузы , вовремя обслуживалась , автомобиль ухоженный и находится в отличном  состоянии , растаможеннаяя + сертификат . По осях 365 см. Подойдёт  под самосвал или илосос помощь при переоборудовании . Автомобиль полностью в отличном - рабочем состоянии  . Вебасто .Новые аккумуляторы . Резина остаток 70%. Имеется ещё одно седло под полуприцеп  оригинальное -высокое Скания отдам в подарок к автомобилю . Всем удачных покупок ...', 'usd_exch_rate': '28.25', 'eur_exch_rate': '34.22'}
DEBUG: Crawled (200) <GET https://auto.ria.com/uk/auto_scania_g_24071199.html> (referer: https://auto.ria.com/uk/search/?indexName=auto&categories.main.id=6&brand.id[0]=203&page=9)
DEBUG: Crawled (200) <GET https://auto.ria.com/uk/auto_scania_r_480_25370756.html> (referer: https://auto.ria.com/uk/search/?indexName=auto&categories.main.id=6&brand.id[0]=203&page=9)
DEBUG: Crawled (200) <GET https://auto.ria.com/uk/auto_scania_r_420_28636235.html> (referer: https://auto.ria.com/uk/search/?indexName=auto&categories.main.id=6&brand.id[0]=203&page=9)
DEBUG: Redirecting (302) to <GET https://auto.ria.com/uk/gosalon/?https://autoregion.com.ua/?utm_source=auto.ria&utm_medium=traffic&utm_campaign=informer&utm_term=hyundai_hd-35&> from <GET https://auto.ria.com/gosalon/?https://autoregion.com.ua/?utm_source=auto.ria&utm_medium=traffic&utm_campaign=informer&utm_term=hyundai_hd-35&#auto_id=1827220&autosalon_id=2152&model_id=53051&marka_id=29>
DEBUG: Scraped from <200 https://auto.ria.com/uk/auto_scania_g_24071199.html>
{'auto_id': '24071199', 'product_link': 'https://auto.ria.com/uk/auto_scania_g_24071199.html', 'product_name': 'Scania G 2015', 'brand': 'Scania', 'model': 'G', 'production_date': 2015, 'milenage': 144000, 'body_type': 'Самоскид', 'color': 'Білий', 'gearbox_type': '', 'price_currency': 'EUR', 'price': '75000', 'description': 'Автомобиль пригнан из Европы, без пробега по Украине. Все вопросы по телефону. ', 'usd_exch_rate': '28.25', 'eur_exch_rate': '34.22'}
DEBUG: Crawled (200) <GET https://auto.ria.com/uk/gosalon/?https://autoregion.com.ua/?utm_source=auto.ria&utm_medium=traffic&utm_campaign=informer&utm_term=hyundai_hd-35&> (referer: https://auto.ria.com/uk/search/?indexName=auto&categories.main.id=6&brand.id[0]=203&page=9)
DEBUG: Scraped from <200 https://auto.ria.com/uk/auto_scania_r_480_25370756.html>
{'auto_id': '25370756', 'product_link': 'https://auto.ria.com/uk/auto_scania_r_480_25370756.html', 'product_name': 'Scania R 480 MANUAL TOPLINE 2011', 'brand': 'Scania', 'model': 'R 480', 'production_date': 2011, 'milenage': 719000, 'body_type': 'Тягач', 'color': 'Синій', 'gearbox_type': 'Ручна / Механіка', 'price_currency': 'USD', 'price': '27000', 'description': 'Возможно на выплату.100% растаможена. Оригинальный пробег. На механике. Холодильник. Громкая связь. Очень ухоженное авто. Без пробега по Украинским дорогам. Окажу помощь в регистрации на любой регион.', 'usd_exch_rate': '28.25', 'eur_exch_rate': '34.22'}
DEBUG: Scraped from <200 https://auto.ria.com/uk/auto_scania_r_420_28636235.html>
{'auto_id': '28636235', 'product_link': 'https://auto.ria.com/uk/auto_scania_r_420_28636235.html', 'product_name': 'Scania R 420 HPI 2011', 'brand': 'Scania', 'model': 'R 420', 'production_date': 2011, 'milenage': 1000000, 'body_type': 'Тягач', 'color': 'Жовтий', 'gearbox_type': 'Автомат', 'price_currency': 'USD', 'price': '22500', 'description': 'Без пробігу по Україні. Рік випуску: 06/2011. Два бака 700л+600л.  Пробіг: 1 млн 6033,2км. Паливна система HPI. Витрати палива: 21.8 л/100км. Розмір гуми: 315/70R=22.5. ', 'usd_exch_rate': '28.25', 'eur_exch_rate': '34.22'}
DEBUG: Crawled (200) <GET https://auto.ria.com/uk/auto_scania_p_28663380.html> (referer: https://auto.ria.com/uk/search/?indexName=auto&categories.main.id=6&brand.id[0]=203&page=9)
ERROR: Error processing {'auto_id': None, 'product_link': 'https://auto.ria.com/uk/gosalon/?https://autoregion.com.ua/?utm_source=auto.ria&utm_medium=traffic&utm_campaign=informer&utm_term=hyundai_hd-35&', 'product_name': '', 'brand': '', 'model': '', 'production_date': '', 'milenage': '', 'body_type': '', 'color': '', 'gearbox_type': '', 'price_currency': '', 'price': '', 'description': ''}
Traceback (most recent call last):
  File "d:\!antoniuk\python\scrape\venv\lib\site-packages\sqlalchemy\engine\base.py", line 1277, in _execute_context
    cursor, statement, parameters, context
  File "d:\!antoniuk\python\scrape\venv\lib\site-packages\sqlalchemy\engine\default.py", line 609, in do_execute
    cursor.execute(statement, parameters)
psycopg2.errors.InvalidTextRepresentation: ПОМИЛКА:  неприпустимий синтаксис для типу integer: ""
LINE 1: ...gn=informer&utm_term=hyundai_hd-35&', '', '', '', '', '', ''...
                                                             ^


The above exception was the direct cause of the following exception:

Traceback (most recent call last):
  File "d:\!antoniuk\python\scrape\venv\lib\site-packages\twisted\internet\defer.py", line 654, in _runCallbacks
    current.result = callback(current.result, *args, **kw)
  File "d:\!antoniuk\python\scrape\venv\lib\site-packages\scrapy\utils\defer.py", line 150, in f
    return deferred_from_coro(coro_f(*coro_args, **coro_kwargs))
  File "D:\!Antoniuk\Python\Scrape\autoria\autoria\pipelines.py", line 36, in process_item
    session.commit()
  File "d:\!antoniuk\python\scrape\venv\lib\site-packages\sqlalchemy\orm\session.py", line 1046, in commit
    self.transaction.commit()
  File "d:\!antoniuk\python\scrape\venv\lib\site-packages\sqlalchemy\orm\session.py", line 504, in commit
    self._prepare_impl()
  File "d:\!antoniuk\python\scrape\venv\lib\site-packages\sqlalchemy\orm\session.py", line 483, in _prepare_impl
    self.session.flush()
  File "d:\!antoniuk\python\scrape\venv\lib\site-packages\sqlalchemy\orm\session.py", line 2540, in flush
    self._flush(objects)
  File "d:\!antoniuk\python\scrape\venv\lib\site-packages\sqlalchemy\orm\session.py", line 2682, in _flush
    transaction.rollback(_capture_exception=True)
  File "d:\!antoniuk\python\scrape\venv\lib\site-packages\sqlalchemy\util\langhelpers.py", line 70, in __exit__
    with_traceback=exc_tb,
  File "d:\!antoniuk\python\scrape\venv\lib\site-packages\sqlalchemy\util\compat.py", line 182, in raise_
    raise exception
  File "d:\!antoniuk\python\scrape\venv\lib\site-packages\sqlalchemy\orm\session.py", line 2642, in _flush
    flush_context.execute()
  File "d:\!antoniuk\python\scrape\venv\lib\site-packages\sqlalchemy\orm\unitofwork.py", line 422, in execute
    rec.execute(self)
  File "d:\!antoniuk\python\scrape\venv\lib\site-packages\sqlalchemy\orm\unitofwork.py", line 589, in execute
    uow,
  File "d:\!antoniuk\python\scrape\venv\lib\site-packages\sqlalchemy\orm\persistence.py", line 245, in save_obj
    insert,
  File "d:\!antoniuk\python\scrape\venv\lib\site-packages\sqlalchemy\orm\persistence.py", line 1136, in _emit_insert_statements
    statement, params
  File "d:\!antoniuk\python\scrape\venv\lib\site-packages\sqlalchemy\engine\base.py", line 1011, in execute
    return meth(self, multiparams, params)
  File "d:\!antoniuk\python\scrape\venv\lib\site-packages\sqlalchemy\sql\elements.py", line 298, in _execute_on_connection
    return connection._execute_clauseelement(self, multiparams, params)
  File "d:\!antoniuk\python\scrape\venv\lib\site-packages\sqlalchemy\engine\base.py", line 1130, in _execute_clauseelement
    distilled_params,
  File "d:\!antoniuk\python\scrape\venv\lib\site-packages\sqlalchemy\engine\base.py", line 1317, in _execute_context
    e, statement, parameters, cursor, context
  File "d:\!antoniuk\python\scrape\venv\lib\site-packages\sqlalchemy\engine\base.py", line 1511, in _handle_dbapi_exception
    sqlalchemy_exception, with_traceback=exc_info[2], from_=e
  File "d:\!antoniuk\python\scrape\venv\lib\site-packages\sqlalchemy\util\compat.py", line 182, in raise_
    raise exception
  File "d:\!antoniuk\python\scrape\venv\lib\site-packages\sqlalchemy\engine\base.py", line 1277, in _execute_context
    cursor, statement, parameters, context
  File "d:\!antoniuk\python\scrape\venv\lib\site-packages\sqlalchemy\engine\default.py", line 609, in do_execute
    cursor.execute(statement, parameters)
sqlalchemy.exc.DataError: (psycopg2.errors.InvalidTextRepresentation) ПОМИЛКА:  неприпустимий синтаксис для типу integer: ""
LINE 1: ...gn=informer&utm_term=hyundai_hd-35&', '', '', '', '', '', ''...
                                                             ^

[SQL: INSERT INTO truck_offers (auto_id, product_link, product_name, brand, model, production_date, milenage, body_type, color, gearbox_type, price_currency, price, price_eur, price_usd, usd_exch_rate, eur_exch_rate, description, record_date) VALUES (%(auto_id)s, %(product_link)s, %(product_name)s, %(brand)s, %(model)s, %(production_date)s, %(milenage)s, %(body_type)s, %(color)s, %(gearbox_type)s, %(price_currency)s, %(price)s, %(price_eur)s, %(price_usd)s, %(usd_exch_rate)s, %(eur_exch_rate)s, %(description)s, %(record_date)s) RETURNING truck_offers.id]
[parameters: {'auto_id': None, 'product_link': 'https://auto.ria.com/uk/gosalon/?https://autoregion.com.ua/?utm_source=auto.ria&utm_medium=traffic&utm_campaign=informer&utm_term=hyundai_hd-35&', 'product_name': '', 'brand': '', 'model': '', 'production_date': '', 'milenage': '', 'body_type': '', 'color': '', 'gearbox_type': '', 'price_currency': '', 'price': '', 'price_eur': None, 'price_usd': None, 'usd_exch_rate': None, 'eur_exch_rate': None, 'description': '', 'record_date': datetime.datetime(2021, 1, 24, 21, 4, 57, 762577, tzinfo=<DstTzInfo 'Europe/Kiev' EET+2:00:00 STD>)}]
(Background on this error at: http://sqlalche.me/e/13/9h9h)
DEBUG: Scraped from <200 https://auto.ria.com/uk/auto_scania_p_28663380.html>
{'auto_id': '28663380', 'product_link': 'https://auto.ria.com/uk/auto_scania_p_28663380.html', 'product_name': 'Scania P 2018', 'brand': 'Scania', 'model': 'P', 'production_date': 2018, 'milenage': 92000, 'body_type': 'Тентований', 'color': 'Білий', 'gearbox_type': 'Ручна / Механіка', 'price_currency': 'USD', 'price': '64500', 'description': 'Автомобіль знаходиться територіально в м. Львів. Всі питання по телефону.', 'usd_exch_rate': '28.25', 'eur_exch_rate': '34.22'}
DEBUG: Crawled (200) <GET https://auto.ria.com/uk/auto_scania_r_490_28394036.html> (referer: https://auto.ria.com/uk/search/?indexName=auto&categories.main.id=6&brand.id[0]=203&page=9)
DEBUG: Crawled (200) <GET https://auto.ria.com/uk/search/?indexName=auto&categories.main.id=6&brand.id[0]=203&page=10> (referer: https://auto.ria.com/uk/search/?indexName=auto&categories.main.id=6&brand.id[0]=203&page=9)
DEBUG: Scraped from <200 https://auto.ria.com/uk/auto_scania_r_490_28394036.html>
{'auto_id': '28394036', 'product_link': 'https://auto.ria.com/uk/auto_scania_r_490_28394036.html', 'product_name': 'Scania R 490 2015', 'brand': 'Scania', 'model': 'R 490', 'production_date': 2015, 'milenage': 440000, 'body_type': 'Тягач', 'color': 'Червоний', 'gearbox_type': '', 'price_currency': 'EUR', 'price': '39900', 'description': 'Продам грузовик Scania r490 только пригнан из Германии ', 'usd_exch_rate': '28.25', 'eur_exch_rate': '34.22'}
DEBUG: Crawled (200) <GET https://auto.ria.com/uk/auto_scania_124_8889634.html> (referer: https://auto.ria.com/uk/search/?indexName=auto&categories.main.id=6&brand.id[0]=203&page=10)
DEBUG: Crawled (200) <GET https://auto.ria.com/uk/auto_scania_r_340_27359364.html> (referer: https://auto.ria.com/uk/search/?indexName=auto&categories.main.id=6&brand.id[0]=203&page=10)
DEBUG: Crawled (200) <GET https://auto.ria.com/uk/auto_scania_r_164_27905145.html> (referer: https://auto.ria.com/uk/search/?indexName=auto&categories.main.id=6&brand.id[0]=203&page=10)
DEBUG: Scraped from <200 https://auto.ria.com/uk/auto_scania_124_8889634.html>
{'auto_id': '8889634', 'product_link': 'https://auto.ria.com/uk/auto_scania_124_8889634.html', 'product_name': 'Scania 124   1998', 'brand': 'Scania', 'model': '124', 'production_date': 1998, 'milenage': 120000, 'body_type': 'Самоскид', 'color': 'Червоний', 'gearbox_type': 'Робот', 'price_currency': 'USD', 'price': '20000', 'description': '  ', 'usd_exch_rate': '28.25', 'eur_exch_rate': '34.22'}
DEBUG: Crawled (200) <GET https://auto.ria.com/uk/auto_scania_124_23697374.html> (referer: https://auto.ria.com/uk/search/?indexName=auto&categories.main.id=6&brand.id[0]=203&page=10)
DEBUG: Crawled (200) <GET https://auto.ria.com/uk/auto_scania_r_420_23433376.html> (referer: https://auto.ria.com/uk/search/?indexName=auto&categories.main.id=6&brand.id[0]=203&page=10)
DEBUG: Crawled (200) <GET https://auto.ria.com/uk/auto_scania_r_400_26491675.html> (referer: https://auto.ria.com/uk/search/?indexName=auto&categories.main.id=6&brand.id[0]=203&page=10)
DEBUG: Scraped from <200 https://auto.ria.com/uk/auto_scania_r_340_27359364.html>
{'auto_id': '27359364', 'product_link': 'https://auto.ria.com/uk/auto_scania_r_340_27359364.html', 'product_name': 'Scania R 340 2007', 'brand': 'Scania', 'model': 'R 340', 'production_date': 2007, 'milenage': 600000, 'body_type': 'Зерновоз', 'color': '', 'gearbox_type': '', 'price_currency': 'USD', 'price': '9990', 'description': 'Scania 2007 P340, прицеп Bodex 2008, мет кузов 50 м куб, пробег 600 тыс км, сост удов, рейс состояние, машина в работе', 'usd_exch_rate': '28.25', 'eur_exch_rate': '34.22'}
DEBUG: Scraped from <200 https://auto.ria.com/uk/auto_scania_r_164_27905145.html>
{'auto_id': '27905145', 'product_link': 'https://auto.ria.com/uk/auto_scania_r_164_27905145.html', 'product_name': 'Scania R 164 2002', 'brand': 'Scania', 'model': 'R 164', 'production_date': 2002, 'milenage': 183000, 'body_type': 'Тягач', 'color': '', 'gearbox_type': 'Ручна / Механіка', 'price_currency': 'USD', 'price': '8500', 'description': '', 'usd_exch_rate': '28.25', 'eur_exch_rate': '34.22'}
DEBUG: Crawled (200) <GET https://auto.ria.com/uk/auto_scania_r_480_28550168.html> (referer: https://auto.ria.com/uk/search/?indexName=auto&categories.main.id=6&brand.id[0]=203&page=10)
DEBUG: Crawled (200) <GET https://auto.ria.com/uk/auto_scania_g_27248207.html> (referer: https://auto.ria.com/uk/search/?indexName=auto&categories.main.id=6&brand.id[0]=203&page=10)
DEBUG: Crawled (200) <GET https://auto.ria.com/uk/auto_scania_113m_28375941.html> (referer: https://auto.ria.com/uk/search/?indexName=auto&categories.main.id=6&brand.id[0]=203&page=10)
DEBUG: Scraped from <200 https://auto.ria.com/uk/auto_scania_124_23697374.html>
{'auto_id': '23697374', 'product_link': 'https://auto.ria.com/uk/auto_scania_124_23697374.html', 'product_name': 'Scania 124 2000', 'brand': 'Scania', 'model': '124', 'production_date': 2000, 'milenage': 830000, 'body_type': 'Тягач', 'color': '', 'gearbox_type': 'Ручна / Механіка', 'price_currency': 'USD', 'price': '9600', 'description': 'машина в отличном состоянии,кап ремонт двигателя,турбины.', 'usd_exch_rate': '28.25', 'eur_exch_rate': '34.22'}
DEBUG: Scraped from <200 https://auto.ria.com/uk/auto_scania_r_420_23433376.html>
{'auto_id': '23433376', 'product_link': 'https://auto.ria.com/uk/auto_scania_r_420_23433376.html', 'product_name': 'Scania R 420 2007', 'brand': 'Scania', 'model': 'R 420', 'production_date': 2007, 'milenage': 999000, 'body_type': 'Тягач', 'color': '', 'gearbox_type': '', 'price_currency': 'USD', 'price': '12000', 'description': 'Автомобіль куплений мною у Голландії,працює Україна-Європа,по автомобілю питань особливих немає,на даний момент автомобіль активно виконує роботу.деталі по тел.', 'usd_exch_rate': '28.25', 'eur_exch_rate': '34.22'}
DEBUG: Scraped from <200 https://auto.ria.com/uk/auto_scania_r_400_26491675.html>
{'auto_id': '26491675', 'product_link': 'https://auto.ria.com/uk/auto_scania_r_400_26491675.html', 'product_name': 'Scania R 400 1997', 'brand': 'Scania', 'model': 'R 400', 'production_date': 1997, 'milenage': 440000, 'body_type': 'Тентований', 'color': 'Білий', 'gearbox_type': 'Ручна / Механіка', 'price_currency': 'USD', 'price': '10700', 'description': 'Тягач, прицеп - повна штора. Нова резина', 'usd_exch_rate': '28.25', 'eur_exch_rate': '34.22'}
DEBUG: Crawled (200) <GET https://auto.ria.com/uk/auto_scania_g_28623822.html> (referer: https://auto.ria.com/uk/search/?indexName=auto&categories.main.id=6&brand.id[0]=203&page=10)
DEBUG: Scraped from <200 https://auto.ria.com/uk/auto_scania_r_480_28550168.html>
{'auto_id': '28550168', 'product_link': 'https://auto.ria.com/uk/auto_scania_r_480_28550168.html', 'product_name': 'Scania R 480 2010', 'brand': 'Scania', 'model': 'R 480', 'production_date': 2010, 'milenage': 580000, 'body_type': 'Самоскид', 'color': 'Жовтий', 'gearbox_type': '', 'price_currency': 'USD', 'price': '47500', 'description': 'состояние нового авто. без пробега по Украине. самосвал.  50м3 !. боковая штора. оригинал !! а не украинский переделанный хлам. на обмен цена 60т.$', 'usd_exch_rate': '28.25', 'eur_exch_rate': '34.22'}
DEBUG: Scraped from <200 https://auto.ria.com/uk/auto_scania_g_27248207.html>
{'auto_id': '27248207', 'product_link': 'https://auto.ria.com/uk/auto_scania_g_27248207.html', 'product_name': 'Scania G ADR 2011', 'brand': 'Scania', 'model': 'G', 'production_date': 2011, 'milenage': 833000, 'body_type': 'Тягач', 'color': 'Зелений', 'gearbox_type': 'Автомат', 'price_currency': 'USD', 'price': '18999', 'description': '04.07.2020 сделано ТО на официальном сервисе. Магистральный тягач Scania G400, лучший Европейский тягач, 2011 год, рестайлинг, модельный ряд 2011-2015 Автоматическая коробка передач  Scania Opticruise (робот), 12 ступеней, коробка отбора мощности. Расход: пустой 14, с грузом 25. В Украине 9 месяцев, пригнан с Голландии и растаможенный. Техосмотр пройден, заводской ADR. легендарный мотор: рядная шестерка объемом 12.7 литра, заводской Euro5, 400 лошадиных сил, но можно прошить 440, 480, 500. Заправляется только на WOG. Резина хорошая, передняя Continental 385, задняя Dunlop 315, на легкосплавных дисках! Горный тормоз, блокировка дифференциала, тахограф под карту, хорошая музыка, климат-контроль, автономный сухой отопитель Eberspacher Airtronic, круиз-контроль, два спальных места, пульт управления бортовыми системами. Новые аккумуляторы Varta. Два комплекта ключей, GPS трекер. Машина в идеале, будете приятно удивлены состоянием, идеальный вариант для международных перевозок. Приезжайте на тест драйв. Возможен обмен на грузовой манипулятор. На обмен как у всех, удачных покупок!  ', 'usd_exch_rate': '28.25', 'eur_exch_rate': '34.22'}
DEBUG: Scraped from <200 https://auto.ria.com/uk/auto_scania_113m_28375941.html>
{'auto_id': '28375941', 'product_link': 'https://auto.ria.com/uk/auto_scania_113m_28375941.html', 'product_name': 'Scania 113M 1995', 'brand': 'Scania', 'model': '113M', 'production_date': 1995, 'milenage': 500000, 'body_type': 'Тягач', 'color': 'Білий', 'gearbox_type': 'Ручна / Механіка', 'price_currency': 'USD', 'price': '8500', 'description': 'Продам комплект или отдельно 5000 тягач,3500 прицеп .Хорошее рабочее состояние,вся информация по телефону', 'usd_exch_rate': '28.25', 'eur_exch_rate': '34.22'}
DEBUG: Scraped from <200 https://auto.ria.com/uk/auto_scania_g_28623822.html>
{'auto_id': '28623822', 'product_link': 'https://auto.ria.com/uk/auto_scania_g_28623822.html', 'product_name': 'Scania G 2012', 'brand': 'Scania', 'model': 'G', 'production_date': 2012, 'milenage': 563000, 'body_type': 'Тягач', 'color': 'Білий', 'gearbox_type': 'Ручна / Механіка', 'price_currency': 'EUR', 'price': '18000', 'description': "SCANIA G 420, 2012 року EURO 5, пригнана з Франції без пробігу по Україні.  Стан автомобіля нічим не відрізняється від нового авто. Візуально і технічно на 12 балів, салон дуже чистий.   Шини передні (виробник Michelin, розмір - 315/70 r22.5, залишок протектора - 7мм.) Шини задні   (виробник Michelin, розмір - 315/70 r22.5, залишок протектора - 6мм.) Один паливний бак об'ємом 400 л. Один повноцінний спальник. Круїз контроль, кондиціонер, сонцезахисний козирок, люк. Реальному покупцю - торг (зробимо таку ціну, щоб підійшла). Продажна ціна при оплаті готівкою чи з ПДВ - однакова, можливий лізинг, кредитування.  Наші переваги перед іншими продавцями: 200% Оригінальні пробіги які підтверджені в базі даних кожного з виробників авто. Без вагань по вимозі клієнта їдемо на перевірку на будь який офіційний сервіс.  Кожен автомобіль до останнього кілометра обслуговувався на офіційних сервісах в Європі.  Швидко готуємо всі потрібні документи і переоформляємо авто на Вас! На нашій території знаходиться велике СТО та розборка по вантажівках, тому будь-яка доукомплектація, діагностика чи перевірка можлива відразу на місці.    Скажіть, з якого Ви регіону і ми назвемо клієнтів, які вже в нас купували техніку, і можуть нас зарекомендувати.  Вся техніка розмитнюється чесно і прозоро, тому в майбутньому у Вас не виникнуть проблеми з ПДВ.  Strans Truck TOP Used – найбільший імпортер техніки в Україну 2019 та 2020 років!  Працюємо з усіма лізингами та банками України, які також можуть подати гарні відгуки про нашу компанію. Крім того наша корпорація має 35 величезних магазинів по продажу запчастин до вантажівок, які розміщені по всіх містах України STRANS SHOPS.  Мережу СТО – Київ, Львів, Дніпро – STRANS SERVICE.  Мережу розборок по вантажівках - Київ,Львів - TIR-Розборка Мережу заправних станцій STRANS ADBLUE STATION.  Запрошуємо на нашу стоянку на огляд! За більш детальною інформацією звертайтесь за телефоном.", 'usd_exch_rate': '28.25', 'eur_exch_rate': '34.22'}
DEBUG: Crawled (200) <GET https://auto.ria.com/uk/search/?indexName=auto&categories.main.id=6&brand.id[0]=203&page=11> (referer: https://auto.ria.com/uk/search/?indexName=auto&categories.main.id=6&brand.id[0]=203&page=10)
DEBUG: Crawled (200) <GET https://auto.ria.com/uk/auto_scania_r_420_28334185.html> (referer: https://auto.ria.com/uk/search/?indexName=auto&categories.main.id=6&brand.id[0]=203&page=11)
DEBUG: Crawled (200) <GET https://auto.ria.com/uk/auto_scania_r_114_28557739.html> (referer: https://auto.ria.com/uk/search/?indexName=auto&categories.main.id=6&brand.id[0]=203&page=11)
DEBUG: Scraped from <200 https://auto.ria.com/uk/auto_scania_r_420_28334185.html>
{'auto_id': '28334185', 'product_link': 'https://auto.ria.com/uk/auto_scania_r_420_28334185.html', 'product_name': 'Scania R 420 2007', 'brand': 'Scania', 'model': 'R 420', 'production_date': 2007, 'milenage': 1111000, 'body_type': 'Тягач', 'color': 'Білий', 'gearbox_type': 'Автомат', 'price_currency': 'USD', 'price': '10990', 'description': 'Працює на міжнародних перевезеннях. Рейсовий стан. Люба форма оплати. Ретардер. Полу-автомат.', 'usd_exch_rate': '28.25', 'eur_exch_rate': '34.22'}
DEBUG: Crawled (200) <GET https://auto.ria.com/uk/auto_scania_114_18261923.html> (referer: https://auto.ria.com/uk/search/?indexName=auto&categories.main.id=6&brand.id[0]=203&page=11)
DEBUG: Scraped from <200 https://auto.ria.com/uk/auto_scania_r_114_28557739.html>
{'auto_id': '28557739', 'product_link': 'https://auto.ria.com/uk/auto_scania_r_114_28557739.html', 'product_name': 'Scania R 114 2003', 'brand': 'Scania', 'model': 'R 114', 'production_date': 2003, 'milenage': 1700000, 'body_type': 'Тягач', 'color': 'Чорний', 'gearbox_type': 'Ручна / Механіка', 'price_currency': 'USD', 'price': '8500', 'description': '', 'usd_exch_rate': '28.25', 'eur_exch_rate': '34.22'}
DEBUG: Crawled (200) <GET https://auto.ria.com/uk/auto_scania_144_25116914.html> (referer: https://auto.ria.com/uk/search/?indexName=auto&categories.main.id=6&brand.id[0]=203&page=7)
DEBUG: Scraped from <200 https://auto.ria.com/uk/auto_scania_114_18261923.html>
{'auto_id': '18261923', 'product_link': 'https://auto.ria.com/uk/auto_scania_114_18261923.html', 'product_name': 'Scania 114 1999', 'brand': 'Scania', 'model': '114', 'production_date': 1999, 'milenage': 10000, 'body_type': 'Фургон', 'color': 'Червоний', 'gearbox_type': 'Ручна / Механіка', 'price_currency': 'USD', 'price': '16000', 'description': 'Scania 114, 1999 р. Одеса, зерновоз вантажопідйомність соняшник - 32 тонни, причіп три осі.  ', 'usd_exch_rate': '28.25', 'eur_exch_rate': '34.22'}
DEBUG: Scraped from <200 https://auto.ria.com/uk/auto_scania_144_25116914.html>
{'auto_id': '25116914', 'product_link': 'https://auto.ria.com/uk/auto_scania_144_25116914.html', 'product_name': 'Scania 144 2000', 'brand': 'Scania', 'model': '144', 'production_date': 2000, 'milenage': 99000, 'body_type': 'Тягач', 'color': 'Чорний', 'gearbox_type': 'Ручна / Механіка', 'price_currency': 'USD', 'price': '3300', 'description': 'Мотор, коробка передач, міст все в робочому стані З документами ', 'usd_exch_rate': '28.25', 'eur_exch_rate': '34.22'}
DEBUG: Crawled (200) <GET https://auto.ria.com/uk/auto_scania_g_27780951.html> (referer: https://auto.ria.com/uk/search/?indexName=auto&categories.main.id=6&brand.id[0]=203&page=11)
DEBUG: Crawled (200) <GET https://auto.ria.com/uk/auto_scania_r_500_27860058.html> (referer: https://auto.ria.com/uk/search/?indexName=auto&categories.main.id=6&brand.id[0]=203&page=11)
DEBUG: Crawled (200) <GET https://auto.ria.com/uk/auto_scania_r_580_28850643.html> (referer: https://auto.ria.com/uk/search/?indexName=auto&categories.main.id=6&brand.id[0]=203&page=11)
DEBUG: Scraped from <200 https://auto.ria.com/uk/auto_scania_g_27780951.html>
{'auto_id': '27780951', 'product_link': 'https://auto.ria.com/uk/auto_scania_g_27780951.html', 'product_name': 'Scania G 2012', 'brand': 'Scania', 'model': 'G', 'production_date': 2012, 'milenage': 702000, 'body_type': 'Тягач', 'color': 'Білий', 'gearbox_type': 'Ручна / Механіка', 'price_currency': 'EUR', 'price': '18000', 'description': 'Сідловий тягач SCANIA G 420 2012 року EURO 5 пригнаний з Франції.Стан автомобіля нічим не відрізняється від нового авто. Візуально і технічно на 12 балів, салон дуже чистий. Шини хорошої фірми з великим залишком протектора Один паливний бак, коробка механічна, в наявності 7 однакових авто. Реальному покупцю - торг (зробимо таку ціну, щоб підійшла).Продажна ціна при оплаті готівкою чи з ПДВ - однакова, можливий лізинг, кредитування.  Наші переваги перед іншими продавцями:  200% Оригінальні пробіги які підтверджені в базі даних кожного з виробників авто Без вагань по вимозі клієнта їдемо на перевірку на будь який офіційний сервіс. Кожен автомобіль до останнього кілометра обслуговувався на офіційних сервісах в Європі. На нашій території знаходиться велике сто та розборка по вантажівках,тому будь-яка доукомплектація,діагностика чи перевірка можлива відразу на місці. Швидко готуємо всі потрібні документи і переоформляємо авто на Вас! На нашій території знаходиться велике СТО та розборка по вантажівках, тому будь-яка доукомплектація, діагностика чи перевірка можлива відразу на місці.    Скажіть, з якого Ви регіону і ми назвемо клієнтів, які вже в нас купували техніку, і можуть нас зарекомендувати.  Вся техніка розмитнюється чесно і прозоро, тому в майбутньому у Вас не виникнуть проблеми з ПДВ.  Strans Truck TOP Used – найбільший імпортер техніки в Україну 2019 та 2020 років!  Працюємо з усіма лізингами та банками України, які також можуть подати гарні відгуки про нашу компанію. Крім того наша корпорація має 35 величезних магазинів по продажу запчастин до вантажівок, які розміщені по всіх містах України STRANS SHOPS.  Мережу СТО – Київ, Львів, Дніпро – STRANS SERVICE.  Мережу розборок по вантажівках - Київ,Львів - TIR-Розборка Мережу заправних станцій STRANS ADBLUE STATION.  Запрошуємо на нашу стоянку на огляд! За більш детальною інформацією звертайтесь за телефоном. ', 'usd_exch_rate': '28.25', 'eur_exch_rate': '34.22'}
DEBUG: Scraped from <200 https://auto.ria.com/uk/auto_scania_r_500_27860058.html>
{'auto_id': '27860058', 'product_link': 'https://auto.ria.com/uk/auto_scania_r_500_27860058.html', 'product_name': 'Scania R 500 TopLine Mehanik  2008', 'brand': 'Scania', 'model': 'R 500', 'production_date': 2008, 'milenage': 1350000, 'body_type': 'Тягач', 'color': '', 'gearbox_type': 'Ручна / Механіка', 'price_currency': 'EUR', 'price': '14200', 'description': 'Нарядна голландська обслужена машина. Ретардер, холодильник для продуктів. Редуктор 2,92. 700 і 500 літрів баки. Євро 5. Резина 50%. ', 'usd_exch_rate': '28.25', 'eur_exch_rate': '34.22'}
DEBUG: Scraped from <200 https://auto.ria.com/uk/auto_scania_r_580_28850643.html>
{'auto_id': '28850643', 'product_link': 'https://auto.ria.com/uk/auto_scania_r_580_28850643.html', 'product_name': 'Scania R 580 2009', 'brand': 'Scania', 'model': 'R 580', 'production_date': 2009, 'milenage': 587000, 'body_type': 'Тягач', 'color': 'Синій', 'gearbox_type': 'Ручна / Механіка', 'price_currency': 'EUR', 'price': '35000', 'description': 'Сканія R560 свіжо пригнана', 'usd_exch_rate': '28.25', 'eur_exch_rate': '34.22'}
DEBUG: Crawled (200) <GET https://auto.ria.com/uk/auto_scania_113_28853933.html> (referer: https://auto.ria.com/uk/search/?indexName=auto&categories.main.id=6&brand.id[0]=203&page=11)
DEBUG: Crawled (200) <GET https://auto.ria.com/uk/auto_scania_r_420_28099551.html> (referer: https://auto.ria.com/uk/search/?indexName=auto&categories.main.id=6&brand.id[0]=203&page=11)
DEBUG: Scraped from <200 https://auto.ria.com/uk/auto_scania_113_28853933.html>
{'auto_id': '28853933', 'product_link': 'https://auto.ria.com/uk/auto_scania_113_28853933.html', 'product_name': 'Scania 113 1995', 'brand': 'Scania', 'model': '113', 'production_date': 1995, 'milenage': 500000, 'body_type': 'Зерновоз', 'color': 'Білий', 'gearbox_type': '', 'price_currency': 'USD', 'price': '8500', 'description': 'Продам тягач СКАНІЯ 360 з напівпричепом ОДАЗ (зерновоз) в відмінному стані ,на повному ходу (страховка,тех.огляд).Капремонт двигуна. Машина використовувалась для власних потреб. Пробіг біля 15-18 тис.км за рік експлуатації у мене. Ціна вказана за сцепку, окремо - непродається.', 'usd_exch_rate': '28.25', 'eur_exch_rate': '34.22'}
DEBUG: Scraped from <200 https://auto.ria.com/uk/auto_scania_r_420_28099551.html>
{'auto_id': '28099551', 'product_link': 'https://auto.ria.com/uk/auto_scania_r_420_28099551.html', 'product_name': 'Scania R 420 cxc 597078 2008', 'brand': 'Scania', 'model': 'R 420', 'production_date': 2008, 'milenage': 1100000, 'body_type': 'Зерновоз', 'color': 'Білий', 'gearbox_type': 'Ручна / Механіка', 'price_currency': 'USD', 'price': '27700', 'description': 'продам свіжопригнаний зерновоз Skania і напівпричіп Kelberg. ', 'usd_exch_rate': '28.25', 'eur_exch_rate': '34.22'}
DEBUG: Crawled (200) <GET https://auto.ria.com/uk/auto_scania_124_28153610.html> (referer: https://auto.ria.com/uk/search/?indexName=auto&categories.main.id=6&brand.id[0]=203&page=11)
DEBUG: Scraped from <200 https://auto.ria.com/uk/auto_scania_124_28153610.html>
{'auto_id': '28153610', 'product_link': 'https://auto.ria.com/uk/auto_scania_124_28153610.html', 'product_name': 'Scania 124 1999', 'brand': 'Scania', 'model': '124', 'production_date': 1999, 'milenage': 60000, 'body_type': 'Фургон', 'color': 'Білий', 'gearbox_type': 'Ручна / Механіка', 'price_currency': 'USD', 'price': '18500', 'description': 'Авто в рейсовому стані, капремонт двигуна, нова турбіна, було зроблено 60 тис. тому. Розмір кузова 8, 2.50, 2,35. По техпаспорту реф. Паливна система проста (трактор). Економний і надійний автомобіль. Всі питання по телефону. Торг біля овто. Якщо поза зоною дзвоніть, пишіть на Viber.', 'usd_exch_rate': '28.25', 'eur_exch_rate': '34.22'}
DEBUG: Crawled (200) <GET https://auto.ria.com/uk/search/?indexName=auto&categories.main.id=6&brand.id[0]=203&page=12> (referer: https://auto.ria.com/uk/search/?indexName=auto&categories.main.id=6&brand.id[0]=203&page=11)
DEBUG: Crawled (200) <GET https://auto.ria.com/uk/auto_scania_r_490_28617401.html> (referer: https://auto.ria.com/uk/search/?indexName=auto&categories.main.id=6&brand.id[0]=203&page=12)
DEBUG: Crawled (200) <GET https://auto.ria.com/uk/auto_scania_p_26288864.html> (referer: https://auto.ria.com/uk/search/?indexName=auto&categories.main.id=6&brand.id[0]=203&page=12)
DEBUG: Crawled (200) <GET https://auto.ria.com/uk/auto_scania_r_400_27299410.html> (referer: https://auto.ria.com/uk/search/?indexName=auto&categories.main.id=6&brand.id[0]=203&page=12)
DEBUG: Crawled (200) <GET https://auto.ria.com/uk/auto_scania_g_28635595.html> (referer: https://auto.ria.com/uk/search/?indexName=auto&categories.main.id=6&brand.id[0]=203&page=11)
DEBUG: Scraped from <200 https://auto.ria.com/uk/auto_scania_r_490_28617401.html>
{'auto_id': '28617401', 'product_link': 'https://auto.ria.com/uk/auto_scania_r_490_28617401.html', 'product_name': 'Scania R 490 R490 EURO6  2014', 'brand': 'Scania', 'model': 'R 490', 'production_date': 2014, 'milenage': 590000, 'body_type': 'Тягач', 'color': '', 'gearbox_type': 'Автомат', 'price_currency': 'EUR', 'price': '26200', 'description': 'Только пригнан растаможен установлена заводская гидравлика', 'usd_exch_rate': '28.25', 'eur_exch_rate': '34.22'}
DEBUG: Crawled (200) <GET https://auto.ria.com/uk/auto_scania_r_420_28830826.html> (referer: https://auto.ria.com/uk/search/?indexName=auto&categories.main.id=6&brand.id[0]=203&page=12)
DEBUG: Scraped from <200 https://auto.ria.com/uk/auto_scania_p_26288864.html>
{'auto_id': '26288864', 'product_link': 'https://auto.ria.com/uk/auto_scania_p_26288864.html', 'product_name': 'Scania P 2013', 'brand': 'Scania', 'model': 'P', 'production_date': 2013, 'milenage': 400000, 'body_type': 'Зерновоз', 'color': 'Білий', 'gearbox_type': 'Ручна / Механіка', 'price_currency': 'USD', 'price': '50000', 'description': 'Продаётся автомобиль Scania P 410 2013 года,  кузов 35 м3.  и прицеп Wielton 2013 года ,кузов 37 м3. ', 'usd_exch_rate': '28.25', 'eur_exch_rate': '34.22'}
DEBUG: Crawled (200) <GET https://auto.ria.com/uk/auto_scania_r_420_27491857.html> (referer: https://auto.ria.com/uk/search/?indexName=auto&categories.main.id=6&brand.id[0]=203&page=9)
DEBUG: Scraped from <200 https://auto.ria.com/uk/auto_scania_r_400_27299410.html>
{'auto_id': '27299410', 'product_link': 'https://auto.ria.com/uk/auto_scania_r_400_27299410.html', 'product_name': 'Scania R 400 2009', 'brand': 'Scania', 'model': 'R 400', 'production_date': 2009, 'milenage': 760000, 'body_type': 'Тягач', 'color': 'Білий', 'gearbox_type': 'Автомат', 'price_currency': 'USD', 'price': '19998', 'description': 'Продається комплект', 'usd_exch_rate': '28.25', 'eur_exch_rate': '34.22'}
DEBUG: Scraped from <200 https://auto.ria.com/uk/auto_scania_g_28635595.html>
{'auto_id': '28635595', 'product_link': 'https://auto.ria.com/uk/auto_scania_g_28635595.html', 'product_name': 'Scania G 2012', 'brand': 'Scania', 'model': 'G', 'production_date': 2012, 'milenage': 787000, 'body_type': 'Тягач', 'color': 'Синій', 'gearbox_type': 'Автомат', 'price_currency': 'EUR', 'price': '19400', 'description': 'Мотор HPI без ЕГР з AdBLue.Поставлена нова гiдравлiка.Нова гума.Пробiг оригенальний.Нічого не фарбоване все в оригіналі.Стан дуже добрий.', 'usd_exch_rate': '28.25', 'eur_exch_rate': '34.22'}
DEBUG: Scraped from <200 https://auto.ria.com/uk/auto_scania_r_420_28830826.html>
{'auto_id': '28830826', 'product_link': 'https://auto.ria.com/uk/auto_scania_r_420_28830826.html', 'product_name': 'Scania R 420 2009', 'brand': 'Scania', 'model': 'R 420', 'production_date': 2009, 'milenage': 1000000, 'body_type': 'Тягач', 'color': '', 'gearbox_type': 'Автомат', 'price_currency': 'USD', 'price': '14700', 'description': 'евро 5  только пригнан с адблю есть холодильник', 'usd_exch_rate': '28.25', 'eur_exch_rate': '34.22'}
DEBUG: Crawled (200) <GET https://auto.ria.com/uk/auto_scania_113m_28833945.html> (referer: https://auto.ria.com/uk/search/?indexName=auto&categories.main.id=6&brand.id[0]=203&page=12)
DEBUG: Scraped from <200 https://auto.ria.com/uk/auto_scania_r_420_27491857.html>
{'auto_id': '27491857', 'product_link': 'https://auto.ria.com/uk/auto_scania_r_420_27491857.html', 'product_name': 'Scania R 420 2007', 'brand': 'Scania', 'model': 'R 420', 'production_date': 2007, 'milenage': 980000, 'body_type': 'Тягач', 'color': 'Білий', 'gearbox_type': '', 'price_currency': 'USD', 'price': '8500', 'description': 'свіжопригнаний.R 420.E 5.срочно.мож.торг.без помилок.резіна 30%. 1200 літ.баки.кпп.механіка.ретардер', 'usd_exch_rate': '28.25', 'eur_exch_rate': '34.22'}
DEBUG: Crawled (200) <GET https://auto.ria.com/uk/auto_scania_r_500_28835261.html> (referer: https://auto.ria.com/uk/search/?indexName=auto&categories.main.id=6&brand.id[0]=203&page=12)
DEBUG: Scraped from <200 https://auto.ria.com/uk/auto_scania_113m_28833945.html>
{'auto_id': '28833945', 'product_link': 'https://auto.ria.com/uk/auto_scania_113m_28833945.html', 'product_name': 'Scania 113M 2000', 'brand': 'Scania', 'model': '113M', 'production_date': 2000, 'milenage': 999000, 'body_type': 'Тягач', 'color': 'Білий', 'gearbox_type': 'Робот', 'price_currency': 'USD', 'price': '5000', 'description': 'Продам автомобиль НА РАЗБОРКУ. Автомобиль 2000 года, был куплен в 2015 году. Ремонт мотора был проведен в 2017 году (мотор 420), после ремонта прошел около 120-150 тыс.км, коробка делалась в начале 2020 г. Основные агрегаты в норме. Документы в порядке. ', 'usd_exch_rate': '28.25', 'eur_exch_rate': '34.22'}
DEBUG: Crawled (200) <GET https://auto.ria.com/uk/auto_scania_144_25537519.html> (referer: https://auto.ria.com/uk/search/?indexName=auto&categories.main.id=6&brand.id[0]=203&page=12)
DEBUG: Scraped from <200 https://auto.ria.com/uk/auto_scania_r_500_28835261.html>
{'auto_id': '28835261', 'product_link': 'https://auto.ria.com/uk/auto_scania_r_500_28835261.html', 'product_name': 'Scania R 500 2008', 'brand': 'Scania', 'model': 'R 500', 'production_date': 2008, 'milenage': 1000000, 'body_type': 'Тягач', 'color': 'Білий', 'gearbox_type': 'Ручна / Механіка', 'price_currency': 'USD', 'price': '16800', 'description': 'Scania r500 свіжопригнана! Розмитнена! Зроблений сертифікат!  1 млн рідного пробігу, по він все перевірити! Коробка механіка! Куплена сканія сервіс !  Є всі доки по обслуговуванню, також можно глянути на сканіі сервіс львів по вінкоду,  Система pde, нові акамулятори,  Перед бомби , michelin 385/65/22.5 Зад гудєр 315/70/22.5  Без жодноі ошибки! Є холодильник, рація, вебасто! Adblue працює, датчики нокса поміняні, втулки кабіни все робилось на сканії сервіс ! Технічно і візуально машина в дуже доброму стані! Чистий 2008 рік 11 місяць', 'usd_exch_rate': '28.25', 'eur_exch_rate': '34.22'}
DEBUG: Scraped from <200 https://auto.ria.com/uk/auto_scania_144_25537519.html>
{'auto_id': '25537519', 'product_link': 'https://auto.ria.com/uk/auto_scania_144_25537519.html', 'product_name': 'Scania 144 2001', 'brand': 'Scania', 'model': '144', 'production_date': 2001, 'milenage': 1000000, 'body_type': 'Тягач', 'color': 'Синій', 'gearbox_type': '', 'price_currency': 'USD', 'price': '14000', 'description': ' Тягач - двигун 8 циліндрів 530 к.с.  Керований лінивець. Колеса  50%.  На даний час працює на маршруті.  Не зважаючи на роки мотор  працює  добре, не димить, масло не бере. По ходовій без проблем, гальма в нормі. Колодки 50% Із мінусів - терпима ржавчина рами.  продається із напівпричіпом. Ван холл. справний. на пневмо. осі саф. гальма барабани. колеса 50 % ', 'usd_exch_rate': '28.25', 'eur_exch_rate': '34.22'}
DEBUG: Crawled (200) <GET https://auto.ria.com/uk/auto_scania_p_28834085.html> (referer: https://auto.ria.com/uk/search/?indexName=auto&categories.main.id=6&brand.id[0]=203&page=12)
DEBUG: Crawled (200) <GET https://auto.ria.com/uk/auto_scania_r_450_28834538.html> (referer: https://auto.ria.com/uk/search/?indexName=auto&categories.main.id=6&brand.id[0]=203&page=12)
DEBUG: Scraped from <200 https://auto.ria.com/uk/auto_scania_p_28834085.html>
{'auto_id': '28834085', 'product_link': 'https://auto.ria.com/uk/auto_scania_p_28834085.html', 'product_name': 'Scania P P400 2010', 'brand': 'Scania', 'model': 'P', 'production_date': 2010, 'milenage': 850000, 'body_type': 'Тягач', 'color': 'Білий', 'gearbox_type': 'Автомат', 'price_currency': 'EUR', 'price': '15500', 'description': 'SCANIA P400. Е-5 2010 р.в.  Свіжопригнаний тягач. Хороший стан.  850 тис. пробіг повне сервісне ТО.  Можливо в комплекті з прицепом Шміц 2012 р.в. 24 куб. Заг тара 11500т ! Працюємо з ПДВ. ', 'usd_exch_rate': '28.25', 'eur_exch_rate': '34.22'}
DEBUG: Scraped from <200 https://auto.ria.com/uk/auto_scania_r_450_28834538.html>
{'auto_id': '28834538', 'product_link': 'https://auto.ria.com/uk/auto_scania_r_450_28834538.html', 'product_name': 'Scania R 450 2014', 'brand': 'Scania', 'model': 'R 450', 'production_date': 2014, 'milenage': 1000000, 'body_type': 'Тягач', 'color': 'Зелений', 'gearbox_type': 'Автомат', 'price_currency': 'USD', 'price': '29450', 'description': 'Ідеал. Все працюе. Нові АКБ, резина зад нова перед80%остатка, блю працюе. Перевірка на любом есто. Продажа по зміні діяльності. ', 'usd_exch_rate': '28.25', 'eur_exch_rate': '34.22'}
DEBUG: Crawled (200) <GET https://auto.ria.com/uk/search/?indexName=auto&categories.main.id=6&brand.id[0]=203&page=13> (referer: https://auto.ria.com/uk/search/?indexName=auto&categories.main.id=6&brand.id[0]=203&page=12)
DEBUG: Crawled (200) <GET https://auto.ria.com/uk/auto_scania_g_28827897.html> (referer: https://auto.ria.com/uk/search/?indexName=auto&categories.main.id=6&brand.id[0]=203&page=13)
DEBUG: Crawled (200) <GET https://auto.ria.com/uk/auto_scania_r_400_22060272.html> (referer: https://auto.ria.com/uk/search/?indexName=auto&categories.main.id=6&brand.id[0]=203&page=13)
DEBUG: Scraped from <200 https://auto.ria.com/uk/auto_scania_g_28827897.html>
{'auto_id': '28827897', 'product_link': 'https://auto.ria.com/uk/auto_scania_g_28827897.html', 'product_name': 'Scania G 2014', 'brand': 'Scania', 'model': 'G', 'production_date': 2014, 'milenage': 992000, 'body_type': 'Тягач', 'color': 'Зелений', 'gearbox_type': 'Автомат', 'price_currency': 'EUR', 'price': '21000', 'description': '', 'usd_exch_rate': '28.25', 'eur_exch_rate': '34.22'}
DEBUG: Scraped from <200 https://auto.ria.com/uk/auto_scania_r_400_22060272.html>
{'auto_id': '22060272', 'product_link': 'https://auto.ria.com/uk/auto_scania_r_400_22060272.html', 'product_name': 'Scania R 400 2011', 'brand': 'Scania', 'model': 'R 400', 'production_date': 2011, 'milenage': 980000, 'body_type': 'Тягач', 'color': '', 'gearbox_type': 'Типтронік', 'price_currency': 'USD', 'price': '14500', 'description': 'Scania R 400-480  , 2011  года, г. Киев Новая резина .Новые акамуляторы.Холодильник.Корбка Оптікруз  педаль щеплення. ', 'usd_exch_rate': '28.25', 'eur_exch_rate': '34.22'}
DEBUG: Crawled (200) <GET https://auto.ria.com/uk/auto_scania_g_28041485.html> (referer: https://auto.ria.com/uk/search/?indexName=auto&categories.main.id=6&brand.id[0]=203&page=13)
DEBUG: Crawled (200) <GET https://auto.ria.com/uk/auto_scania_p_28568213.html> (referer: https://auto.ria.com/uk/search/?indexName=auto&categories.main.id=6&brand.id[0]=203&page=13)
DEBUG: Scraped from <200 https://auto.ria.com/uk/auto_scania_g_28041485.html>
{'auto_id': '28041485', 'product_link': 'https://auto.ria.com/uk/auto_scania_g_28041485.html', 'product_name': 'Scania G 410 115kub 2015', 'brand': 'Scania', 'model': 'G', 'production_date': 2015, 'milenage': 567000, 'body_type': 'Тентований', 'color': 'Червоний', 'gearbox_type': 'Автомат', 'price_currency': 'EUR', 'price': '54900', 'description': 'Пробег567 146км Мощность302 кВт (411 PS) Объем двигателя12 742 ссм Евро6 Длина кузова7 650 мм Ширина кузова2 450 мм Высота кузова3 020 мм Ширина2 550 мм Высота4 000 мм шини-295/60 R22.5,  машина із НІМЕЧЧИНИ! 115куб!! ціна за комплект!', 'usd_exch_rate': '28.25', 'eur_exch_rate': '34.22'}
DEBUG: Scraped from <200 https://auto.ria.com/uk/auto_scania_p_28568213.html>
{'auto_id': '28568213', 'product_link': 'https://auto.ria.com/uk/auto_scania_p_28568213.html', 'product_name': 'Scania P p230 2005', 'brand': 'Scania', 'model': 'P', 'production_date': 2005, 'milenage': 1200000, 'body_type': 'Фургон', 'color': 'Синій', 'gearbox_type': 'Ручна / Механіка', 'price_currency': 'USD', 'price': '14300', 'description': 'Автомобиль покупался новым в Украине, не пригнан, пробег весь прозрачный, сначала обслуживали на скан сервисе, затем на собственном СТО с 2013 года, есть вся история обслуживания!   Промтоварная (мебельная) будка, ИЗОТЕРМИЧКА!  Габариты будки: 8.20 длина, высота 2.5, ширина 2.5, влазит 20 евро палет!  Грузоподъемность по паспорту реальные 10 тонн!  Колёса r22.5!  На данный момент многое сделано и поменяно, резина в отличном состоянии, аккумуляторы так же, состояние кабины и будки замечательное, вложений не требует!  Мотор 5 цилиндровый 9 литровый, ооочень надежный, состояние отличное, работает тихонько и масло не ест!  Есть рабочая автономка!  Топливная вся в порядке!  По компьютеру ошибок НЕТ, что является большой редкостью для грузовика!  Коробка отличная, 8 ступенчатая!  Пневмо в порядке!  Рама отличная, без трещин, подварок и коррозии, номер рамы отличный и читаемый!  Кабина без спального места, но водителя отлично спали и так, ложась вдоль кабины!  Хороший вариант для переделки под грузовой эвакуатор либо манипулятор!  Есть возможность установки гидроборта!  Возможен обмен на легковой автомобиль!  Возможен торг!', 'usd_exch_rate': '28.25', 'eur_exch_rate': '34.22'}
DEBUG: Crawled (200) <GET https://auto.ria.com/uk/auto_scania_r_420_28220512.html> (referer: https://auto.ria.com/uk/search/?indexName=auto&categories.main.id=6&brand.id[0]=203&page=13)
DEBUG: Crawled (200) <GET https://auto.ria.com/uk/auto_scania_r_440_28444401.html> (referer: https://auto.ria.com/uk/search/?indexName=auto&categories.main.id=6&brand.id[0]=203&page=13)
DEBUG: Crawled (200) <GET https://auto.ria.com/uk/auto_scania_124_28830213.html> (referer: https://auto.ria.com/uk/search/?indexName=auto&categories.main.id=6&brand.id[0]=203&page=13)
DEBUG: Scraped from <200 https://auto.ria.com/uk/auto_scania_r_420_28220512.html>
{'auto_id': '28220512', 'product_link': 'https://auto.ria.com/uk/auto_scania_r_420_28220512.html', 'product_name': 'Scania R 420 AdBlu 2011', 'brand': 'Scania', 'model': 'R 420', 'production_date': 2011, 'milenage': 820000, 'body_type': 'Тягач', 'color': 'Білий', 'gearbox_type': 'Автомат', 'price_currency': 'EUR', 'price': '18500', 'description': 'Только пригнан, хорошее состояние , все работает идеально , установлена гидравлика ', 'usd_exch_rate': '28.25', 'eur_exch_rate': '34.22'}
DEBUG: Scraped from <200 https://auto.ria.com/uk/auto_scania_r_440_28444401.html>
{'auto_id': '28444401', 'product_link': 'https://auto.ria.com/uk/auto_scania_r_440_28444401.html', 'product_name': 'Scania R 440 2011', 'brand': 'Scania', 'model': 'R 440', 'production_date': 2011, 'milenage': 920000, 'body_type': 'Тягач', 'color': 'Білий', 'gearbox_type': 'Автомат', 'price_currency': 'EUR', 'price': '16900', 'description': '', 'usd_exch_rate': '28.25', 'eur_exch_rate': '34.22'}
DEBUG: Scraped from <200 https://auto.ria.com/uk/auto_scania_124_28830213.html>
{'auto_id': '28830213', 'product_link': 'https://auto.ria.com/uk/auto_scania_124_28830213.html', 'product_name': 'Scania 124 2000', 'brand': 'Scania', 'model': '124', 'production_date': 2000, 'milenage': 1300000, 'body_type': 'Тягач', 'color': 'Синій', 'gearbox_type': 'Ручна / Механіка', 'price_currency': 'USD', 'price': '10000', 'description': 'Машина в хорошем состоянии, не крашена, на рулевой оси новая резина, автономка, кондиционер рабочий.', 'usd_exch_rate': '28.25', 'eur_exch_rate': '34.22'}
DEBUG: Crawled (200) <GET https://auto.ria.com/uk/auto_scania_113m_21999587.html> (referer: https://auto.ria.com/uk/search/?indexName=auto&categories.main.id=6&brand.id[0]=203&page=13)
DEBUG: Scraped from <200 https://auto.ria.com/uk/auto_scania_113m_21999587.html>
{'auto_id': '21999587', 'product_link': 'https://auto.ria.com/uk/auto_scania_113m_21999587.html', 'product_name': 'Scania 113M 1996', 'brand': 'Scania', 'model': '113M', 'production_date': 1996, 'milenage': 100000, 'body_type': 'Тентований', 'color': '', 'gearbox_type': '', 'price_currency': 'USD', 'price': '13000', 'description': 'Машина ухожена, ездил лично на ней сам, двигатель в идеале, масло не берет вообще! Пневма новая, ходовка сделана, вес машины 13600 кг, продаю в связи с выездом за рубеж Документы в порядке! Расход пустой 20л, гружёный 30л Все вопросы по тел', 'usd_exch_rate': '28.25', 'eur_exch_rate': '34.22'}
DEBUG: Crawled (200) <GET https://auto.ria.com/uk/auto_scania_r_420_27432946.html> (referer: https://auto.ria.com/uk/search/?indexName=auto&categories.main.id=6&brand.id[0]=203&page=13)
DEBUG: Scraped from <200 https://auto.ria.com/uk/auto_scania_r_420_27432946.html>
{'auto_id': '27432946', 'product_link': 'https://auto.ria.com/uk/auto_scania_r_420_27432946.html', 'product_name': 'Scania R 420 Scepka 2007', 'brand': 'Scania', 'model': 'R 420', 'production_date': 2007, 'milenage': 1254000, 'body_type': 'Зерновоз', 'color': 'Помаранчевий', 'gearbox_type': '', 'price_currency': 'USD', 'price': '41800', 'description': 'Цена за сцепку. Обслужен на официале, новая резина, GPS, прицеп Wielton, оформлен контейнеровозом, самосвал, тара 18.5т. Куплена на официале. 78 кубов. Железные высокие бампера.', 'usd_exch_rate': '28.25', 'eur_exch_rate': '34.22'}
DEBUG: Crawled (200) <GET https://auto.ria.com/uk/auto_scania_p_28827717.html> (referer: https://auto.ria.com/uk/search/?indexName=auto&categories.main.id=6&brand.id[0]=203&page=13)
DEBUG: Scraped from <200 https://auto.ria.com/uk/auto_scania_p_28827717.html>
{'auto_id': '28827717', 'product_link': 'https://auto.ria.com/uk/auto_scania_p_28827717.html', 'product_name': 'Scania P 2014', 'brand': 'Scania', 'model': 'P', 'production_date': 2014, 'milenage': 572000, 'body_type': 'Тягач', 'color': 'Червоний', 'gearbox_type': 'Автомат', 'price_currency': 'EUR', 'price': '21500', 'description': 'Алюминиевый топливный бак 700 л Радио/CD-плеер Центральная блокировка Передачи: Автоматически Кабина: День Размер шины:315/70 Тормоза: Дисковый тормоз Перед: Максимальная нагрузка оси: 7500 кг;  Профиль шин слева: 40%; Профиль шин справа: 40%;  Задняя ось:Максимальная нагрузка оси: 11500 кг; Профиль шин слева в пределах половины: 35%; Профиль шин,  снаружи: 35%; Профиль шин прямо внутри: 35%; Профиль шин справа снаружи: 35%; Подвеска: пневмо Количество цилиндров: 6 Вес: 7166 кг Полезной нагрузки: 11 834 кг Колесная база: 370 см    ', 'usd_exch_rate': '28.25', 'eur_exch_rate': '34.22'}
DEBUG: Crawled (200) <GET https://auto.ria.com/uk/auto_scania_r_420_24088277.html> (referer: https://auto.ria.com/uk/search/?indexName=auto&categories.main.id=6&brand.id[0]=203&page=12)
DEBUG: Scraped from <200 https://auto.ria.com/uk/auto_scania_r_420_24088277.html>
{'auto_id': '24088277', 'product_link': 'https://auto.ria.com/uk/auto_scania_r_420_24088277.html', 'product_name': 'Scania R 420 HPI 2008', 'brand': 'Scania', 'model': 'R 420', 'production_date': 2008, 'milenage': 985000, 'body_type': 'Тягач', 'color': '', 'gearbox_type': '', 'price_currency': 'USD', 'price': '16500', 'description': "продаж у зв'язку з оновленням парку. Жива доглянута машина, в рейсовому стані - знаходиться у роботі. Купувалася в офіційного дилера. Пробіг оригінальний! Один власник в Україні, працювала на міжнародних перевезеннях, 50% пробігу без вантажу (спецтранспорт) . Нормальна гума. Хороша паливна HPI. КПП - напівавтомат (3 педалі), 2 баки по 700л, висока кабіна, 2 полиці. Торг ТІЛЬКИ біля машини!  ", 'usd_exch_rate': '28.25', 'eur_exch_rate': '34.22'}
DEBUG: Crawled (200) <GET https://auto.ria.com/uk/search/?indexName=auto&categories.main.id=6&brand.id[0]=203&page=14> (referer: https://auto.ria.com/uk/search/?indexName=auto&categories.main.id=6&brand.id[0]=203&page=13)
DEBUG: Crawled (200) <GET https://auto.ria.com/uk/auto_scania_r_420_28818409.html> (referer: https://auto.ria.com/uk/search/?indexName=auto&categories.main.id=6&brand.id[0]=203&page=14)
DEBUG: Scraped from <200 https://auto.ria.com/uk/auto_scania_r_420_28818409.html>
{'auto_id': '28818409', 'product_link': 'https://auto.ria.com/uk/auto_scania_r_420_28818409.html', 'product_name': 'Scania R 420 2007', 'brand': 'Scania', 'model': 'R 420', 'production_date': 2007, 'milenage': 990000, 'body_type': 'Тягач', 'color': 'Помаранчевий', 'gearbox_type': 'Автомат', 'price_currency': 'USD', 'price': '9000', 'description': 'Все вопросы по телефону', 'usd_exch_rate': '28.25', 'eur_exch_rate': '34.22'}
DEBUG: Crawled (200) <GET https://auto.ria.com/uk/auto_scania_r_114_27013941.html> (referer: https://auto.ria.com/uk/search/?indexName=auto&categories.main.id=6&brand.id[0]=203&page=14)
DEBUG: Crawled (200) <GET https://auto.ria.com/uk/auto_scania_r_420_26740120.html> (referer: https://auto.ria.com/uk/search/?indexName=auto&categories.main.id=6&brand.id[0]=203&page=14)
DEBUG: Scraped from <200 https://auto.ria.com/uk/auto_scania_r_114_27013941.html>
{'auto_id': '27013941', 'product_link': 'https://auto.ria.com/uk/auto_scania_r_114_27013941.html', 'product_name': 'Scania R 114 2004', 'brand': 'Scania', 'model': 'R 114', 'production_date': 2004, 'milenage': 1000000, 'body_type': 'Платформа', 'color': 'Синій', 'gearbox_type': 'Ручна / Механіка', 'price_currency': 'USD', 'price': '22000', 'description': 'Автомобиль полностью обслужен. В марте сделана полностью топливная система. Установлен гидроборт-книжка. Почти новая резина. Пробег 10-15 тысяч.Новые аккумуляторы. Самая высокая кабина с униальным размещением спальных полок. Верхняя полка равноценна кровати-полуторке:) Машина вложений не требует. BDF-платформа - возможность установки  любого контейнера, будки, тента, кузова. Обмен возможен только на достойный вариант экскаватора.', 'usd_exch_rate': '28.25', 'eur_exch_rate': '34.22'}
DEBUG: Scraped from <200 https://auto.ria.com/uk/auto_scania_r_420_26740120.html>
{'auto_id': '26740120', 'product_link': 'https://auto.ria.com/uk/auto_scania_r_420_26740120.html', 'product_name': 'Scania R 420 2007', 'brand': 'Scania', 'model': 'R 420', 'production_date': 2007, 'milenage': 1100000, 'body_type': 'Тягач', 'color': 'Білий', 'gearbox_type': 'Ручна / Механіка', 'price_currency': 'USD', 'price': '13500', 'description': '', 'usd_exch_rate': '28.25', 'eur_exch_rate': '34.22'}
DEBUG: Crawled (200) <GET https://auto.ria.com/uk/auto_scania_r_420_28823655.html> (referer: https://auto.ria.com/uk/search/?indexName=auto&categories.main.id=6&brand.id[0]=203&page=14)
DEBUG: Scraped from <200 https://auto.ria.com/uk/auto_scania_r_420_28823655.html>
{'auto_id': '28823655', 'product_link': 'https://auto.ria.com/uk/auto_scania_r_420_28823655.html', 'product_name': 'Scania R 420 LA4X2MNA 2007', 'brand': 'Scania', 'model': 'R 420', 'production_date': 2007, 'milenage': 1200000, 'body_type': 'Самоскид', 'color': 'Червоний', 'gearbox_type': 'Ручна / Механіка', 'price_currency': 'USD', 'price': '32500', 'description': 'продам свою машину сам водій і власник машина доглянута сів і поїхав  ціна за сцепку причіп CARNEL 48 м.куб. тара 14700 осі саф двойна полуресора на остальні питання відповім по телефону', 'usd_exch_rate': '28.25', 'eur_exch_rate': '34.22'}
DEBUG: Crawled (200) <GET https://auto.ria.com/uk/auto_scania_124_28822358.html> (referer: https://auto.ria.com/uk/search/?indexName=auto&categories.main.id=6&brand.id[0]=203&page=14)
DEBUG: Crawled (200) <GET https://auto.ria.com/uk/auto_scania_114_28598229.html> (referer: https://auto.ria.com/uk/search/?indexName=auto&categories.main.id=6&brand.id[0]=203&page=14)
DEBUG: Scraped from <200 https://auto.ria.com/uk/auto_scania_124_28822358.html>
{'auto_id': '28822358', 'product_link': 'https://auto.ria.com/uk/auto_scania_124_28822358.html', 'product_name': 'Scania 124 2001', 'brand': 'Scania', 'model': '124', 'production_date': 2001, 'milenage': 1000000, 'body_type': 'Тягач', 'color': 'Зелений', 'gearbox_type': 'Робот', 'price_currency': 'USD', 'price': '7300', 'description': 'Продаж в связи с изменением деятельности. SCANIA 2001 года,машина обслуженая полностю, сделаная для себя, роботал сам, не водитель.Сделан двигатель, подшипники саленблоки кабини, новое сцепление, радиатор интеркулера, помпа.   8300 з ГИДРАВЛИКОЮ!  ', 'usd_exch_rate': '28.25', 'eur_exch_rate': '34.22'}
DEBUG: Scraped from <200 https://auto.ria.com/uk/auto_scania_114_28598229.html>
{'auto_id': '28598229', 'product_link': 'https://auto.ria.com/uk/auto_scania_114_28598229.html', 'product_name': 'Scania 114 ga4x2na 2000', 'brand': 'Scania', 'model': '114', 'production_date': 2000, 'milenage': 1000000, 'body_type': 'Тягач', 'color': 'Білий', 'gearbox_type': 'Ручна / Механіка', 'price_currency': 'USD', 'price': '6900', 'description': 'Scania 380 euro2. Машина повністю обслужена, у відмінному стані, робоча автономка, мотор масло не бере, з коробкою проблем немає, ціла рама, вкладень не вимагає ніяких!!! Надійна, економічна, проста в обслуговуваннМожливий продаж Б/Н.  ', 'usd_exch_rate': '28.25', 'eur_exch_rate': '34.22'}
DEBUG: Crawled (200) <GET https://auto.ria.com/uk/auto_scania_r_450_28825670.html> (referer: https://auto.ria.com/uk/search/?indexName=auto&categories.main.id=6&brand.id[0]=203&page=14)
DEBUG: Scraped from <200 https://auto.ria.com/uk/auto_scania_r_450_28825670.html>
{'auto_id': '28825670', 'product_link': 'https://auto.ria.com/uk/auto_scania_r_450_28825670.html', 'product_name': 'Scania R 450 R450 EURO6 2017', 'brand': 'Scania', 'model': 'R 450', 'production_date': 2017, 'milenage': 480000, 'body_type': 'Тягач', 'color': '', 'gearbox_type': 'Автомат', 'price_currency': 'EUR', 'price': '39500', 'description': 'Только пригнана растаможена состояние нового авто', 'usd_exch_rate': '28.25', 'eur_exch_rate': '34.22'}
DEBUG: Crawled (200) <GET https://auto.ria.com/uk/auto_scania_r_420_28462406.html> (referer: https://auto.ria.com/uk/search/?indexName=auto&categories.main.id=6&brand.id[0]=203&page=14)
DEBUG: Scraped from <200 https://auto.ria.com/uk/auto_scania_r_420_28462406.html>
{'auto_id': '28462406', 'product_link': 'https://auto.ria.com/uk/auto_scania_r_420_28462406.html', 'product_name': 'Scania R 420 420 2004', 'brand': 'Scania', 'model': 'R 420', 'production_date': 2004, 'milenage': 774000, 'body_type': 'Самоскид', 'color': 'Синій', 'gearbox_type': 'Автомат', 'price_currency': 'USD', 'price': '38800', 'description': 'Машина з прицепом.в идеальном состоянии.', 'usd_exch_rate': '28.25', 'eur_exch_rate': '34.22'}
DEBUG: Crawled (200) <GET https://auto.ria.com/uk/auto_scania_r_440_27795935.html> (referer: https://auto.ria.com/uk/search/?indexName=auto&categories.main.id=6&brand.id[0]=203&page=14)
DEBUG: Scraped from <200 https://auto.ria.com/uk/auto_scania_r_440_27795935.html>
{'auto_id': '27795935', 'product_link': 'https://auto.ria.com/uk/auto_scania_r_440_27795935.html', 'product_name': 'Scania R 440 2008', 'brand': 'Scania', 'model': 'R 440', 'production_date': 2008, 'milenage': 391000, 'body_type': 'Тягач', 'color': 'Синій', 'gearbox_type': 'Автомат', 'price_currency': 'EUR', 'price': '13200', 'description': 'Без пробігу по Україні.З Німеччини!Оригінальний пробіг.', 'usd_exch_rate': '28.25', 'eur_exch_rate': '34.22'}
DEBUG: Crawled (200) <GET https://auto.ria.com/uk/auto_scania_r_420_28825704.html> (referer: https://auto.ria.com/uk/search/?indexName=auto&categories.main.id=6&brand.id[0]=203&page=14)
DEBUG: Scraped from <200 https://auto.ria.com/uk/auto_scania_r_420_28825704.html>
{'auto_id': '28825704', 'product_link': 'https://auto.ria.com/uk/auto_scania_r_420_28825704.html', 'product_name': 'Scania R 420 2011', 'brand': 'Scania', 'model': 'R 420', 'production_date': 2011, 'milenage': 900000, 'body_type': 'Тягач', 'color': 'Червоний', 'gearbox_type': 'Автомат', 'price_currency': 'USD', 'price': '25000', 'description': 'авто в хорошому стані все поміняне готовий до роботи ', 'usd_exch_rate': '28.25', 'eur_exch_rate': '34.22'}
DEBUG: Crawled (200) <GET https://auto.ria.com/uk/search/?indexName=auto&categories.main.id=6&brand.id[0]=203&page=15> (referer: https://auto.ria.com/uk/search/?indexName=auto&categories.main.id=6&brand.id[0]=203&page=14)
DEBUG: Crawled (200) <GET https://auto.ria.com/uk/auto_scania_r_440_28724395.html> (referer: https://auto.ria.com/uk/search/?indexName=auto&categories.main.id=6&brand.id[0]=203&page=15)
DEBUG: Crawled (200) <GET https://auto.ria.com/uk/auto_scania_r_500_28534684.html> (referer: https://auto.ria.com/uk/search/?indexName=auto&categories.main.id=6&brand.id[0]=203&page=15)
DEBUG: Crawled (200) <GET https://auto.ria.com/uk/auto_scania_r_480_27598376.html> (referer: https://auto.ria.com/uk/search/?indexName=auto&categories.main.id=6&brand.id[0]=203&page=15)
DEBUG: Scraped from <200 https://auto.ria.com/uk/auto_scania_r_440_28724395.html>
{'auto_id': '28724395', 'product_link': 'https://auto.ria.com/uk/auto_scania_r_440_28724395.html', 'product_name': 'Scania R 440 EURO  6 2013', 'brand': 'Scania', 'model': 'R 440', 'production_date': 2013, 'milenage': 970000, 'body_type': 'Тягач', 'color': 'Синій', 'gearbox_type': 'Автомат', 'price_currency': 'EUR', 'price': '22999', 'description': 'Только пригнана , без пробега по Украине, Scania R 440 , EURO 6 , 2013 год, машина обслуживалась на официальном сервисе Scania, есть сервисная книжка, пробег оригинальный, не битая , не крашеная,  ретардер, холодильник, климат контроль, если надо можем установить гидравлику , резина 50% остатка, новые акумуляторы , машина в идеальном состоянии!', 'usd_exch_rate': '28.25', 'eur_exch_rate': '34.22'}
DEBUG: Scraped from <200 https://auto.ria.com/uk/auto_scania_r_500_28534684.html>
{'auto_id': '28534684', 'product_link': 'https://auto.ria.com/uk/auto_scania_r_500_28534684.html', 'product_name': 'Scania R 500 2008', 'brand': 'Scania', 'model': 'R 500', 'production_date': 2008, 'milenage': 1200000, 'body_type': 'Тягач', 'color': 'Жовтий', 'gearbox_type': 'Автомат', 'price_currency': 'USD', 'price': '16000', 'description': 'Свіжопригнаний! Розмитнений! Куплений на сканія сервіс вся історія обслуговування!  Пробіг 1 млн 200 тис Автомат ретардет !  XLER4X20005216271 Вінкод для перевірки! Є холодильник , рація!  Резина переда бомби мішелін , 50 процентів! Зал гудєр 60% !  Без помилок  Адблю працює  Нові акамулятори! ', 'usd_exch_rate': '28.25', 'eur_exch_rate': '34.22'}
DEBUG: Crawled (200) <GET https://auto.ria.com/uk/auto_scania_r_380_27892555.html> (referer: https://auto.ria.com/uk/search/?indexName=auto&categories.main.id=6&brand.id[0]=203&page=15)
DEBUG: Crawled (200) <GET https://auto.ria.com/uk/auto_scania_124_23909529.html> (referer: https://auto.ria.com/uk/search/?indexName=auto&categories.main.id=6&brand.id[0]=203&page=15)
DEBUG: Scraped from <200 https://auto.ria.com/uk/auto_scania_r_480_27598376.html>
{'auto_id': '27598376', 'product_link': 'https://auto.ria.com/uk/auto_scania_r_480_27598376.html', 'product_name': 'Scania R 480 2011', 'brand': 'Scania', 'model': 'R 480', 'production_date': 2011, 'milenage': 539000, 'body_type': 'Тягач', 'color': 'Білий', 'gearbox_type': 'Автомат', 'price_currency': 'USD', 'price': '24500', 'description': '', 'usd_exch_rate': '28.25', 'eur_exch_rate': '34.22'}
DEBUG: Scraped from <200 https://auto.ria.com/uk/auto_scania_r_380_27892555.html>
{'auto_id': '27892555', 'product_link': 'https://auto.ria.com/uk/auto_scania_r_380_27892555.html', 'product_name': 'Scania R 380 2004', 'brand': 'Scania', 'model': 'R 380', 'production_date': 2004, 'milenage': 1136000, 'body_type': 'Тягач', 'color': 'Білий', 'gearbox_type': 'Автомат', 'price_currency': 'USD', 'price': '7000', 'description': 'Потребує заміни щеплення, деталі по телефону.', 'usd_exch_rate': '28.25', 'eur_exch_rate': '34.22'}
DEBUG: Scraped from <200 https://auto.ria.com/uk/auto_scania_124_23909529.html>
{'auto_id': '23909529', 'product_link': 'https://auto.ria.com/uk/auto_scania_124_23909529.html', 'product_name': 'Scania 124 L 1998', 'brand': 'Scania', 'model': '124', 'production_date': 1998, 'milenage': 950000, 'body_type': 'Тягач', 'color': '', 'gearbox_type': 'Ручна / Механіка', 'price_currency': 'USD', 'price': '5900', 'description': 'Машина в полностью рабочем состоянии. Готова к эксплуатации не требует дополнительных вложений. Новые аккумуляторы, остаток резины 80%. Новые рессоры, новая турбина. Тяжелых грузов не возила. Реальному покупателю ТОРГ возле машины.', 'usd_exch_rate': '28.25', 'eur_exch_rate': '34.22'}
DEBUG: Crawled (200) <GET https://auto.ria.com/uk/auto_scania_r_420_27848409.html> (referer: https://auto.ria.com/uk/search/?indexName=auto&categories.main.id=6&brand.id[0]=203&page=15)
DEBUG: Scraped from <200 https://auto.ria.com/uk/auto_scania_r_420_27848409.html>
{'auto_id': '27848409', 'product_link': 'https://auto.ria.com/uk/auto_scania_r_420_27848409.html', 'product_name': 'Scania R 420 2010', 'brand': 'Scania', 'model': 'R 420', 'production_date': 2010, 'milenage': 819000, 'body_type': 'Тягач', 'color': 'Червоний', 'gearbox_type': 'Автомат', 'price_currency': 'EUR', 'price': '16500', 'description': '', 'usd_exch_rate': '28.25', 'eur_exch_rate': '34.22'}
DEBUG: Crawled (200) <GET https://auto.ria.com/uk/auto_scania_94_28816284.html> (referer: https://auto.ria.com/uk/search/?indexName=auto&categories.main.id=6&brand.id[0]=203&page=15)
DEBUG: Scraped from <200 https://auto.ria.com/uk/auto_scania_94_28816284.html>
{'auto_id': '28816284', 'product_link': 'https://auto.ria.com/uk/auto_scania_94_28816284.html', 'product_name': 'Scania 94 2001', 'brand': 'Scania', 'model': '94', 'production_date': 2001, 'milenage': 8850000, 'body_type': 'Фургон', 'color': 'Білий', 'gearbox_type': '', 'price_currency': 'USD', 'price': '10200', 'description': 'Автомобиль на ходу. Требуется косметический ремонт ', 'usd_exch_rate': '28.25', 'eur_exch_rate': '34.22'}
DEBUG: Crawled (200) <GET https://auto.ria.com/uk/auto_scania_r_400_27855922.html> (referer: https://auto.ria.com/uk/search/?indexName=auto&categories.main.id=6&brand.id[0]=203&page=15)
DEBUG: Scraped from <200 https://auto.ria.com/uk/auto_scania_r_400_27855922.html>
{'auto_id': '27855922', 'product_link': 'https://auto.ria.com/uk/auto_scania_r_400_27855922.html', 'product_name': 'Scania R 400 2010', 'brand': 'Scania', 'model': 'R 400', 'production_date': 2010, 'milenage': 912000, 'body_type': 'Тягач', 'color': 'Синій', 'gearbox_type': 'Автомат', 'price_currency': 'USD', 'price': '15500', 'description': 'Терміновий продаж. Хороший торг.  Причеп - 3800. ХОРОШИЙ ТОРГ реальному покупцю пригнана з голандії.повністю пройдено то,замінено масла в коробці,двигуні,ретардер,ГУР,антифриз,резина бріджстоус-50%. Причеп Fruehauf. GPS моніторинг автомобіля підключено (місце знаходження, швидкість, бак) ', 'usd_exch_rate': '28.25', 'eur_exch_rate': '34.22'}
DEBUG: Crawled (200) <GET https://auto.ria.com/uk/auto_scania_r_420_28811034.html> (referer: https://auto.ria.com/uk/search/?indexName=auto&categories.main.id=6&brand.id[0]=203&page=15)
DEBUG: Scraped from <200 https://auto.ria.com/uk/auto_scania_r_420_28811034.html>
{'auto_id': '28811034', 'product_link': 'https://auto.ria.com/uk/auto_scania_r_420_28811034.html', 'product_name': 'Scania R 420 Hydravlika  2007', 'brand': 'Scania', 'model': 'R 420', 'production_date': 2007, 'milenage': 1100000, 'body_type': 'Тягач', 'color': 'Помаранчевий', 'gearbox_type': 'Автомат', 'price_currency': 'USD', 'price': '10050', 'description': 'Свіжопригнана  Scania r 420 євро -5 !  XLER4X20005150747 він для перевірки !  1 млн 100 тис пробіг !  Є гідравліка! Коробка автомат з педалью счеплення! Резина перед бомби 70% залишку бріджестон Модельний рік виготовлення 2006.12.12. 2007 рік експлуатаціі! ', 'usd_exch_rate': '28.25', 'eur_exch_rate': '34.22'}
DEBUG: Crawled (200) <GET https://auto.ria.com/uk/auto_scania_p_28586233.html> (referer: https://auto.ria.com/uk/search/?indexName=auto&categories.main.id=6&brand.id[0]=203&page=15)
DEBUG: Scraped from <200 https://auto.ria.com/uk/auto_scania_p_28586233.html>
{'auto_id': '28586233', 'product_link': 'https://auto.ria.com/uk/auto_scania_p_28586233.html', 'product_name': 'Scania P 380 2008', 'brand': 'Scania', 'model': 'P', 'production_date': 2008, 'milenage': 224000, 'body_type': 'Мультиліфт', 'color': 'Білий', 'gearbox_type': 'Ручна / Механіка', 'price_currency': 'USD', 'price': '23700', 'description': 'Мультиліфт гаковий Scania P 380  Meller Свіжий  Рік випуску – 2008 Пробіг – 224 725 км.  Відмінний стан. ', 'usd_exch_rate': '28.25', 'eur_exch_rate': '34.22'}
INFO: Crawled 183 pages (at 183 pages/min), scraped 160 items (at 160 items/min)
WARNING: Got data loss in https://auto.ria.com/uk/search/?indexName=auto&categories.main.id=6&brand.id[0]=203&page=16. If you want to process broken responses set the setting DOWNLOAD_FAIL_ON_DATALOSS = False -- This message won't be shown in further requests
DEBUG: Retrying <GET https://auto.ria.com/uk/search/?indexName=auto&categories.main.id=6&brand.id[0]=203&page=16> (failed 1 times): [<twisted.python.failure.Failure twisted.internet.error.ConnectionDone: Connection was closed cleanly.>, <twisted.python.failure.Failure twisted.web.http._DataLoss: Chunked decoder in 'CHUNK_LENGTH' state, still expecting more data to get to 'FINISHED' state.>]
DEBUG: Crawled (200) <GET https://auto.ria.com/uk/search/?indexName=auto&categories.main.id=6&brand.id[0]=203&page=16> (referer: https://auto.ria.com/uk/search/?indexName=auto&categories.main.id=6&brand.id[0]=203&page=15)
DEBUG: Crawled (200) <GET https://auto.ria.com/uk/auto_scania_r_114_28581584.html> (referer: https://auto.ria.com/uk/search/?indexName=auto&categories.main.id=6&brand.id[0]=203&page=16)
DEBUG: Crawled (200) <GET https://auto.ria.com/uk/auto_scania_144_28802919.html> (referer: https://auto.ria.com/uk/search/?indexName=auto&categories.main.id=6&brand.id[0]=203&page=16)
DEBUG: Scraped from <200 https://auto.ria.com/uk/auto_scania_r_114_28581584.html>
{'auto_id': '28581584', 'product_link': 'https://auto.ria.com/uk/auto_scania_r_114_28581584.html', 'product_name': 'Scania R 114 2002', 'brand': 'Scania', 'model': 'R 114', 'production_date': 2002, 'milenage': 700000, 'body_type': 'Самоскид', 'color': 'Білий', 'gearbox_type': '', 'price_currency': 'USD', 'price': '29100', 'description': 'самосвал полностью в рабочем состоянии,,резина 315?80.остатка проц 70..,економная машина,бери и работай', 'usd_exch_rate': '28.25', 'eur_exch_rate': '34.22'}
DEBUG: Scraped from <200 https://auto.ria.com/uk/auto_scania_144_28802919.html>
{'auto_id': '28802919', 'product_link': 'https://auto.ria.com/uk/auto_scania_144_28802919.html', 'product_name': 'Scania 144 2000', 'brand': 'Scania', 'model': '144', 'production_date': 2000, 'milenage': 100000, 'body_type': 'Тягач', 'color': '', 'gearbox_type': 'Автомат', 'price_currency': 'USD', 'price': '5500', 'description': '', 'usd_exch_rate': '28.25', 'eur_exch_rate': '34.22'}
DEBUG: Crawled (200) <GET https://auto.ria.com/uk/auto_scania_r_440_23402954.html> (referer: https://auto.ria.com/uk/search/?indexName=auto&categories.main.id=6&brand.id[0]=203&page=16)
DEBUG: Crawled (200) <GET https://auto.ria.com/uk/auto_scania_r_410_22895585.html> (referer: https://auto.ria.com/uk/search/?indexName=auto&categories.main.id=6&brand.id[0]=203&page=16)
DEBUG: Scraped from <200 https://auto.ria.com/uk/auto_scania_r_440_23402954.html>
{'auto_id': '23402954', 'product_link': 'https://auto.ria.com/uk/auto_scania_r_440_23402954.html', 'product_name': 'Scania R 440 R440EEV PDE  2014', 'brand': 'Scania', 'model': 'R 440', 'production_date': 2014, 'milenage': 790000, 'body_type': 'Тентований', 'color': '', 'gearbox_type': 'Типтронік', 'price_currency': 'USD', 'price': '46000', 'description': 'Только пригнан 7.7 +7.7 цена за комплект топливная система PDE ', 'usd_exch_rate': '28.25', 'eur_exch_rate': '34.22'}
DEBUG: Scraped from <200 https://auto.ria.com/uk/auto_scania_r_410_22895585.html>
{'auto_id': '22895585', 'product_link': 'https://auto.ria.com/uk/auto_scania_r_410_22895585.html', 'product_name': 'Scania R 410 R410  2014', 'brand': 'Scania', 'model': 'R 410', 'production_date': 2014, 'milenage': 800000, 'body_type': 'Контейнеровоз', 'color': '', 'gearbox_type': 'Типтронік', 'price_currency': 'USD', 'price': '36000', 'description': 'Только пригнана растаможена EURO6', 'usd_exch_rate': '28.25', 'eur_exch_rate': '34.22'}
DEBUG: Crawled (200) <GET https://auto.ria.com/uk/auto_scania_r_490_28081125.html> (referer: https://auto.ria.com/uk/search/?indexName=auto&categories.main.id=6&brand.id[0]=203&page=16)
DEBUG: Crawled (200) <GET https://auto.ria.com/uk/auto_scania_112m_28800645.html> (referer: https://auto.ria.com/uk/search/?indexName=auto&categories.main.id=6&brand.id[0]=203&page=16)
DEBUG: Crawled (200) <GET https://auto.ria.com/uk/auto_scania_r_164_27736431.html> (referer: https://auto.ria.com/uk/search/?indexName=auto&categories.main.id=6&brand.id[0]=203&page=16)
DEBUG: Scraped from <200 https://auto.ria.com/uk/auto_scania_r_490_28081125.html>
{'auto_id': '28081125', 'product_link': 'https://auto.ria.com/uk/auto_scania_r_490_28081125.html', 'product_name': 'Scania R 490 EURO6 2015', 'brand': 'Scania', 'model': 'R 490', 'production_date': 2015, 'milenage': 600000, 'body_type': 'Тягач', 'color': '', 'gearbox_type': 'Автомат', 'price_currency': 'EUR', 'price': '28000', 'description': 'Только растаможена топ состояние', 'usd_exch_rate': '28.25', 'eur_exch_rate': '34.22'}
DEBUG: Scraped from <200 https://auto.ria.com/uk/auto_scania_112m_28800645.html>
{'auto_id': '28800645', 'product_link': 'https://auto.ria.com/uk/auto_scania_112m_28800645.html', 'product_name': 'Scania 112M 1988', 'brand': 'Scania', 'model': '112M', 'production_date': 1988, 'milenage': 100000, 'body_type': 'Тягач', 'color': '', 'gearbox_type': 'Ручна / Механіка', 'price_currency': 'USD', 'price': '4200', 'description': '', 'usd_exch_rate': '28.25', 'eur_exch_rate': '34.22'}
DEBUG: Scraped from <200 https://auto.ria.com/uk/auto_scania_r_164_27736431.html>
{'auto_id': '27736431', 'product_link': 'https://auto.ria.com/uk/auto_scania_r_164_27736431.html', 'product_name': 'Scania R 164 2002', 'brand': 'Scania', 'model': 'R 164', 'production_date': 2002, 'milenage': 800000, 'body_type': 'Тягач', 'color': 'Зелений', 'gearbox_type': 'Ручна / Механіка', 'price_currency': 'USD', 'price': '9000', 'description': 'Тягач в робочому стані!!! Ціна договірна, торг!!!  ', 'usd_exch_rate': '28.25', 'eur_exch_rate': '34.22'}
DEBUG: Crawled (200) <GET https://auto.ria.com/uk/auto_scania_g_28800139.html> (referer: https://auto.ria.com/uk/search/?indexName=auto&categories.main.id=6&brand.id[0]=203&page=16)
DEBUG: Scraped from <200 https://auto.ria.com/uk/auto_scania_g_28800139.html>
{'auto_id': '28800139', 'product_link': 'https://auto.ria.com/uk/auto_scania_g_28800139.html', 'product_name': 'Scania G 440 2010', 'brand': 'Scania', 'model': 'G', 'production_date': 2010, 'milenage': 900000, 'body_type': 'Зерновоз', 'color': 'Білий', 'gearbox_type': 'Автомат', 'price_currency': 'USD', 'price': '35000', 'description': 'Зерновоз в хорошем состоянии  комфортный в максимальной комплектации с лучшим мотором G440  пробег реальный  автономный отопитель коробка автомат  все работает звоните отвечу на все вопросы', 'usd_exch_rate': '28.25', 'eur_exch_rate': '34.22'}
DEBUG: Crawled (200) <GET https://auto.ria.com/uk/auto_scania_r_440_28565342.html> (referer: https://auto.ria.com/uk/search/?indexName=auto&categories.main.id=6&brand.id[0]=203&page=16)
DEBUG: Scraped from <200 https://auto.ria.com/uk/auto_scania_r_440_28565342.html>
{'auto_id': '28565342', 'product_link': 'https://auto.ria.com/uk/auto_scania_r_440_28565342.html', 'product_name': 'Scania R 440 2011', 'brand': 'Scania', 'model': 'R 440', 'production_date': 2011, 'milenage': 860000, 'body_type': 'Тягач', 'color': 'Синій', 'gearbox_type': 'Робот', 'price_currency': 'USD', 'price': '17000', 'description': 'Машины в хорошем состоянии полностью готовы к работе. В наличии есть несколько машин и прицепов . Возможна продажа с НДС', 'usd_exch_rate': '28.25', 'eur_exch_rate': '34.22'}
INFO: Received SIGINT, shutting down gracefully. Send again to force 
INFO: Closing spider (shutdown)
DEBUG: Crawled (200) <GET https://auto.ria.com/uk/search/?indexName=auto&categories.main.id=6&brand.id[0]=203&page=17> (referer: https://auto.ria.com/uk/search/?indexName=auto&categories.main.id=6&brand.id[0]=203&page=16)
INFO: Received SIGINT twice, forcing unclean shutdown
WARNING: Got data loss in https://auto.ria.com/uk/auto_scania_g_28581343.html. If you want to process broken responses set the setting DOWNLOAD_FAIL_ON_DATALOSS = False -- This message won't be shown in further requests
DEBUG: Retrying <GET https://auto.ria.com/uk/auto_scania_g_28581343.html> (failed 1 times): [<twisted.python.failure.Failure twisted.internet.error.ConnectionLost: Connection to the other side was lost in a non-clean fashion: Connection lost.>, <twisted.python.failure.Failure twisted.web.http._DataLoss: Chunked decoder in 'BODY' state, still expecting more data to get to 'FINISHED' state.>]
INFO: Dumping Scrapy stats:
{'downloader/exception_count': 2,
 'downloader/exception_type_count/twisted.web._newclient.ResponseFailed': 2,
 'downloader/request_bytes': 118546,
 'downloader/request_count': 197,
 'downloader/request_method_count/GET': 197,
 'downloader/response_bytes': 23308808,
 'downloader/response_count': 195,
 'downloader/response_status_count/200': 194,
 'downloader/response_status_count/302': 1,
 'dupefilter/filtered': 19,
 'elapsed_time_seconds': 69.508464,
 'finish_reason': 'shutdown',
 'finish_time': datetime.datetime(2021, 1, 24, 19, 6, 7, 338042),
 'item_scraped_count': 169,
 'log_count/DEBUG': 367,
 'log_count/ERROR': 7,
 'log_count/INFO': 13,
 'log_count/WARNING': 2,
 'request_depth_max': 18,
 'response_received_count': 194,
 'retry/count': 2,
 'retry/reason_count/twisted.web._newclient.ResponseFailed': 2,
 'scheduler/dequeued': 197,
 'scheduler/dequeued/memory': 197,
 'scheduler/enqueued': 199,
 'scheduler/enqueued/memory': 199,
 'start_time': datetime.datetime(2021, 1, 24, 19, 4, 57, 829578)}
INFO: Spider closed (shutdown)
